{"timestamp": "2026-03-02T15:32:44Z", "@timestamp": "2026-03-02T15:32:44.079Z", "rule": {"id": "60110", "description": "Special privileges assigned to new logon.", "level": 3, "groups": ["windows", "wazuhbots"], "firedtimes": 62, "mitre": {"id": []}}, "agent": {"id": "002", "name": "dc-srv", "ip": "172.26.0.32"}, "manager": {"name": "wazuh-manager"}, "decoder": {"name": "windows_eventlog"}, "id": "60991657274714445449", "full_log": "WinEvtLog: Security: EVENT(4672): Microsoft-Windows-Security-Auditing: Special privileges assigned to new logon.", "location": "WinEvtLog:Security", "data": {"win": {"system": {"eventID": "4672", "providerName": "Microsoft-Windows-Security-Auditing", "channel": "Security", "computer": "DC-SRV.wazuhbots.local", "systemTime": "2026-03-02T15:32:44Z"}, "eventdata": {"targetUserName": "admin", "logonType": "3"}}, "srcuser": "admin"}}, {"timestamp": "2026-03-02T15:34:04Z", "@timestamp": "2026-03-02T15:34:04.517Z", "rule": {"id": "60108", "description": "Logon attempted using explicit credentials.", "level": 5, "groups": ["windows", "wazuhbots"], "firedtimes": 123, "mitre": {"id": []}}, "agent": {"id": "002", "name": "dc-srv", "ip": "172.26.0.32"}, "manager": {"name": "wazuh-manager"}, "decoder": {"name": "windows_eventlog"}, "id": "38135726166223864087", "full_log": "WinEvtLog: Security: EVENT(4648): Microsoft-Windows-Security-Auditing: Logon attempted using explicit credentials.", "location": "WinEvtLog:Security", "data": {"win": {"system": {"eventID": "4648", "providerName": "Microsoft-Windows-Security-Auditing", "channel": "Security", "computer": "DC-SRV.wazuhbots.local", "systemTime": "2026-03-02T15:34:04Z"}, "eventdata": {"targetUserName": "bwilson", "logonType": "3"}}, "srcuser": "bwilson"}}, {"timestamp": "2026-03-02T15:35:07Z", "@timestamp": "2026-03-02T15:35:07.816Z", "rule": {"id": "60120", "description": "Process creation.", "level": 3, "groups": ["windows", "wazuhbots"], "firedtimes": 15, "mitre": {"id": []}}, "agent": {"id": "002", "name": "dc-srv", "ip": "172.26.0.32"}, "manager": {"name": "wazuh-manager"}, "decoder": {"name": "windows_eventlog"}, "id": "66698867664942517768", "full_log": "WinEvtLog: Security: EVENT(4688): Microsoft-Windows-Security-Auditing: Process creation.", "location": "WinEvtLog:Security", "data": {"win": {"system": {"eventID": "4688", "providerName": "Microsoft-Windows-Security-Auditing", "channel": "Security", "computer": "DC-SRV.wazuhbots.local", "systemTime": "2026-03-02T15:35:07Z"}, "eventdata": {"targetUserName": "cjones", "logonType": "3"}}, "srcuser": "cjones"}}, {"timestamp": "2026-03-02T15:36:23Z", "@timestamp": "2026-03-02T15:36:23.780Z", "rule": {"id": "60107", "description": "Windows logoff.", "level": 3, "groups": ["windows", "wazuhbots"], "firedtimes": 55, "mitre": {"id": []}}, "agent": {"id": "002", "name": "dc-srv", "ip": "172.26.0.32"}, "manager": {"name": "wazuh-manager"}, "decoder": {"name": "windows_eventlog"}, "id": "89202576661103759159", "full_log": "WinEvtLog: Security: EVENT(4634): Microsoft-Windows-Security-Auditing: Windows logoff.", "location": "WinEvtLog:Security", "data": {"win": {"system": {"eventID": "4634", "providerName": "Microsoft-Windows-Security-Auditing", "channel": "Security", "computer": "DC-SRV.wazuhbots.local", "systemTime": "2026-03-02T15:36:23Z"}, "eventdata": {"targetUserName": "jmartin", "logonType": "3"}}, "srcuser": "jmartin"}}, {"timestamp": "2026-03-02T15:37:32Z", "@timestamp": "2026-03-02T15:37:32.488Z", "rule": {"id": "60106", "description": "Windows logon success.", "level": 3, "groups": ["windows", "wazuhbots"], "firedtimes": 92, "mitre": {"id": []}}, "agent": {"id": "002", "name": "dc-srv", "ip": "172.26.0.32"}, "manager": {"name": "wazuh-manager"}, "decoder": {"name": "windows_eventlog"}, "id": "92601791296822556082", "full_log": "WinEvtLog: Security: EVENT(4624): Microsoft-Windows-Security-Auditing: Windows logon success.", "location": "WinEvtLog:Security", "data": {"win": {"system": {"eventID": "4624", "providerName": "Microsoft-Windows-Security-Auditing", "channel": "Security", "computer": "DC-SRV.wazuhbots.local", "systemTime": "2026-03-02T15:37:32Z"}, "eventdata": {"targetUserName": "svc_sql", "logonType": "3"}}, "srcuser": "svc_sql"}}, {"timestamp": "2026-03-02T15:39:07Z", "@timestamp": "2026-03-02T15:39:07.060Z", "rule": {"id": "60108", "description": "Logon attempted using explicit credentials.", "level": 5, "groups": ["windows", "wazuhbots"], "firedtimes": 56, "mitre": {"id": []}}, "agent": {"id": "002", "name": "dc-srv", "ip": "172.26.0.32"}, "manager": {"name": "wazuh-manager"}, "decoder": {"name": "windows_eventlog"}, "id": "28545774644975434345", "full_log": "WinEvtLog: Security: EVENT(4648): Microsoft-Windows-Security-Auditing: Logon attempted using explicit credentials.", "location": "WinEvtLog:Security", "data": {"win": {"system": {"eventID": "4648", "providerName": "Microsoft-Windows-Security-Auditing", "channel": "Security", "computer": "DC-SRV.wazuhbots.local", "systemTime": "2026-03-02T15:39:07Z"}, "eventdata": {"targetUserName": "bwilson", "logonType": "3"}}, "srcuser": "bwilson"}}, {"timestamp": "2026-03-02T15:40:19Z", "@timestamp": "2026-03-02T15:40:19.539Z", "rule": {"id": "60110", "description": "Special privileges assigned to new logon.", "level": 3, "groups": ["windows", "wazuhbots"], "firedtimes": 121, "mitre": {"id": []}}, "agent": {"id": "002", "name": "dc-srv", "ip": "172.26.0.32"}, "manager": {"name": "wazuh-manager"}, "decoder": {"name": "windows_eventlog"}, "id": "56487217722264471385", "full_log": "WinEvtLog: Security: EVENT(4672): Microsoft-Windows-Security-Auditing: Special privileges assigned to new logon.", "location": "WinEvtLog:Security", "data": {"win": {"system": {"eventID": "4672", "providerName": "Microsoft-Windows-Security-Auditing", "channel": "Security", "computer": "DC-SRV.wazuhbots.local", "systemTime": "2026-03-02T15:40:19Z"}, "eventdata": {"targetUserName": "asmith", "logonType": "3"}}, "srcuser": "asmith"}}, {"timestamp": "2026-03-02T15:41:29Z", "@timestamp": "2026-03-02T15:41:29.406Z", "rule": {"id": "60160", "description": "New service installed.", "level": 5, "groups": ["windows", "wazuhbots"], "firedtimes": 97, "mitre": {"id": []}}, "agent": {"id": "002", "name": "dc-srv", "ip": "172.26.0.32"}, "manager": {"name": "wazuh-manager"}, "decoder": {"name": "windows_eventlog"}, "id": "79796561351107870016", "full_log": "WinEvtLog: System: EVENT(7045): Microsoft-Windows-Security-Auditing: New service installed.", "location": "WinEvtLog:System", "data": {"win": {"system": {"eventID": "7045", "providerName": "Microsoft-Windows-Security-Auditing", "channel": "System", "computer": "DC-SRV.wazuhbots.local", "systemTime": "2026-03-02T15:41:29Z"}, "eventdata": {"targetUserName": "bwilson", "logonType": "3"}}, "srcuser": "bwilson"}}, {"timestamp": "2026-03-02T15:42:40Z", "@timestamp": "2026-03-02T15:42:40.253Z", "rule": {"id": "60110", "description": "Special privileges assigned to new logon.", "level": 3, "groups": ["windows", "wazuhbots"], "firedtimes": 45, "mitre": {"id": []}}, "agent": {"id": "002", "name": "dc-srv", "ip": "172.26.0.32"}, "manager": {"name": "wazuh-manager"}, "decoder": {"name": "windows_eventlog"}, "id": "57577104775391146787", "full_log": "WinEvtLog: Security: EVENT(4672): Microsoft-Windows-Security-Auditing: Special privileges assigned to new logon.", "location": "WinEvtLog:Security", "data": {"win": {"system": {"eventID": "4672", "providerName": "Microsoft-Windows-Security-Auditing", "channel": "Security", "computer": "DC-SRV.wazuhbots.local", "systemTime": "2026-03-02T15:42:40Z"}, "eventdata": {"targetUserName": "asmith", "logonType": "3"}}, "srcuser": "asmith"}}, {"timestamp": "2026-03-02T15:44:04Z", "@timestamp": "2026-03-02T15:44:04.518Z", "rule": {"id": "60110", "description": "Special privileges assigned to new logon.", "level": 3, "groups": ["windows", "wazuhbots"], "firedtimes": 189, "mitre": {"id": []}}, "agent": {"id": "002", "name": "dc-srv", "ip": "172.26.0.32"}, "manager": {"name": "wazuh-manager"}, "decoder": {"name": "windows_eventlog"}, "id": "55306092030409239402", "full_log": "WinEvtLog: Security: EVENT(4672): Microsoft-Windows-Security-Auditing: Special privileges assigned to new logon.", "location": "WinEvtLog:Security", "data": {"win": {"system": {"eventID": "4672", "providerName": "Microsoft-Windows-Security-Auditing", "channel": "Security", "computer": "DC-SRV.wazuhbots.local", "systemTime": "2026-03-02T15:44:04Z"}, "eventdata": {"targetUserName": "admin", "logonType": "3"}}, "srcuser": "admin"}}, {"timestamp": "2026-03-02T15:45:20Z", "@timestamp": "2026-03-02T15:45:20.052Z", "rule": {"id": "60107", "description": "Windows logoff.", "level": 3, "groups": ["windows", "wazuhbots"], "firedtimes": 73, "mitre": {"id": []}}, "agent": {"id": "002", "name": "dc-srv", "ip": "172.26.0.32"}, "manager": {"name": "wazuh-manager"}, "decoder": {"name": "windows_eventlog"}, "id": "05182822611833970461", "full_log": "WinEvtLog: Security: EVENT(4634): Microsoft-Windows-Security-Auditing: Windows logoff.", "location": "WinEvtLog:Security", "data": {"win": {"system": {"eventID": "4634", "providerName": "Microsoft-Windows-Security-Auditing", "channel": "Security", "computer": "DC-SRV.wazuhbots.local", "systemTime": "2026-03-02T15:45:20Z"}, "eventdata": {"targetUserName": "asmith", "logonType": "3"}}, "srcuser": "asmith"}}, {"timestamp": "2026-03-02T15:46:40Z", "@timestamp": "2026-03-02T15:46:40.906Z", "rule": {"id": "60120", "description": "Process creation.", "level": 3, "groups": ["windows", "wazuhbots"], "firedtimes": 135, "mitre": {"id": []}}, "agent": {"id": "002", "name": "dc-srv", "ip": "172.26.0.32"}, "manager": {"name": "wazuh-manager"}, "decoder": {"name": "windows_eventlog"}, "id": "91353459462377763802", "full_log": "WinEvtLog: Security: EVENT(4688): Microsoft-Windows-Security-Auditing: Process creation.", "location": "WinEvtLog:Security", "data": {"win": {"system": {"eventID": "4688", "providerName": "Microsoft-Windows-Security-Auditing", "channel": "Security", "computer": "DC-SRV.wazuhbots.local", "systemTime": "2026-03-02T15:46:40Z"}, "eventdata": {"targetUserName": "bwilson", "logonType": "3"}}, "srcuser": "bwilson"}}, {"timestamp": "2026-03-02T15:47:41Z", "@timestamp": "2026-03-02T15:47:41.654Z", "rule": {"id": "91801", "description": "PowerShell script block logging.", "level": 3, "groups": ["windows", "wazuhbots"], "firedtimes": 131, "mitre": {"id": []}}, "agent": {"id": "002", "name": "dc-srv", "ip": "172.26.0.32"}, "manager": {"name": "wazuh-manager"}, "decoder": {"name": "windows_eventlog"}, "id": "51061568103639730327", "full_log": "WinEvtLog: Microsoft-Windows-PowerShell/Operational: EVENT(4104): Microsoft-Windows-Security-Auditing: PowerShell script block logging.", "location": "WinEvtLog:Microsoft-Windows-PowerShell/Operational", "data": {"win": {"system": {"eventID": "4104", "providerName": "Microsoft-Windows-Security-Auditing", "channel": "Microsoft-Windows-PowerShell/Operational", "computer": "DC-SRV.wazuhbots.local", "systemTime": "2026-03-02T15:47:41Z"}, "eventdata": {"targetUserName": "svc_sql", "logonType": "3"}}, "srcuser": "svc_sql"}}, {"timestamp": "2026-03-02T15:49:12Z", "@timestamp": "2026-03-02T15:49:12.394Z", "rule": {"id": "60107", "description": "Windows logoff.", "level": 3, "groups": ["windows", "wazuhbots"], "firedtimes": 86, "mitre": {"id": []}}, "agent": {"id": "002", "name": "dc-srv", "ip": "172.26.0.32"}, "manager": {"name": "wazuh-manager"}, "decoder": {"name": "windows_eventlog"}, "id": "39951524192757436199", "full_log": "WinEvtLog: Security: EVENT(4634): Microsoft-Windows-Security-Auditing: Windows logoff.", "location": "WinEvtLog:Security", "data": {"win": {"system": {"eventID": "4634", "providerName": "Microsoft-Windows-Security-Auditing", "channel": "Security", "computer": "DC-SRV.wazuhbots.local", "systemTime": "2026-03-02T15:49:12Z"}, "eventdata": {"targetUserName": "bwilson", "logonType": "3"}}, "srcuser": "bwilson"}}, {"timestamp": "2026-03-02T15:50:24Z", "@timestamp": "2026-03-02T15:50:24.795Z", "rule": {"id": "60160", "description": "New service installed.", "level": 5, "groups": ["windows", "wazuhbots"], "firedtimes": 2, "mitre": {"id": []}}, "agent": {"id": "002", "name": "dc-srv", "ip": "172.26.0.32"}, "manager": {"name": "wazuh-manager"}, "decoder": {"name": "windows_eventlog"}, "id": "29054978099861654895", "full_log": "WinEvtLog: System: EVENT(7045): Microsoft-Windows-Security-Auditing: New service installed.", "location": "WinEvtLog:System", "data": {"win": {"system": {"eventID": "7045", "providerName": "Microsoft-Windows-Security-Auditing", "channel": "System", "computer": "DC-SRV.wazuhbots.local", "systemTime": "2026-03-02T15:50:24Z"}, "eventdata": {"targetUserName": "bwilson", "logonType": "3"}}, "srcuser": "bwilson"}}, {"timestamp": "2026-03-02T15:51:27Z", "@timestamp": "2026-03-02T15:51:27.679Z", "rule": {"id": "60160", "description": "New service installed.", "level": 5, "groups": ["windows", "wazuhbots"], "firedtimes": 77, "mitre": {"id": []}}, "agent": {"id": "002", "name": "dc-srv", "ip": "172.26.0.32"}, "manager": {"name": "wazuh-manager"}, "decoder": {"name": "windows_eventlog"}, "id": "71645153546230455393", "full_log": "WinEvtLog: System: EVENT(7045): Microsoft-Windows-Security-Auditing: New service installed.", "location": "WinEvtLog:System", "data": {"win": {"system": {"eventID": "7045", "providerName": "Microsoft-Windows-Security-Auditing", "channel": "System", "computer": "DC-SRV.wazuhbots.local", "systemTime": "2026-03-02T15:51:27Z"}, "eventdata": {"targetUserName": "asmith", "logonType": "3"}}, "srcuser": "asmith"}}, {"timestamp": "2026-03-02T15:52:48Z", "@timestamp": "2026-03-02T15:52:48.391Z", "rule": {"id": "60106", "description": "Windows logon success.", "level": 3, "groups": ["windows", "wazuhbots"], "firedtimes": 159, "mitre": {"id": []}}, "agent": {"id": "002", "name": "dc-srv", "ip": "172.26.0.32"}, "manager": {"name": "wazuh-manager"}, "decoder": {"name": "windows_eventlog"}, "id": "44125784033345146197", "full_log": "WinEvtLog: Security: EVENT(4624): Microsoft-Windows-Security-Auditing: Windows logon success.", "location": "WinEvtLog:Security", "data": {"win": {"system": {"eventID": "4624", "providerName": "Microsoft-Windows-Security-Auditing", "channel": "Security", "computer": "DC-SRV.wazuhbots.local", "systemTime": "2026-03-02T15:52:48Z"}, "eventdata": {"targetUserName": "bwilson", "logonType": "3"}}, "srcuser": "bwilson"}}, {"timestamp": "2026-03-02T15:54:04Z", "@timestamp": "2026-03-02T15:54:04.051Z", "rule": {"id": "60160", "description": "New service installed.", "level": 5, "groups": ["windows", "wazuhbots"], "firedtimes": 129, "mitre": {"id": []}}, "agent": {"id": "002", "name": "dc-srv", "ip": "172.26.0.32"}, "manager": {"name": "wazuh-manager"}, "decoder": {"name": "windows_eventlog"}, "id": "67004362710134764449", "full_log": "WinEvtLog: System: EVENT(7045): Microsoft-Windows-Security-Auditing: New service installed.", "location": "WinEvtLog:System", "data": {"win": {"system": {"eventID": "7045", "providerName": "Microsoft-Windows-Security-Auditing", "channel": "System", "computer": "DC-SRV.wazuhbots.local", "systemTime": "2026-03-02T15:54:04Z"}, "eventdata": {"targetUserName": "admin", "logonType": "3"}}, "srcuser": "admin"}}, {"timestamp": "2026-03-02T15:55:17Z", "@timestamp": "2026-03-02T15:55:17.446Z", "rule": {"id": "60150", "description": "Windows Filtering Platform connection allowed.", "level": 3, "groups": ["windows", "wazuhbots"], "firedtimes": 96, "mitre": {"id": []}}, "agent": {"id": "002", "name": "dc-srv", "ip": "172.26.0.32"}, "manager": {"name": "wazuh-manager"}, "decoder": {"name": "windows_eventlog"}, "id": "95985265533871178813", "full_log": "WinEvtLog: Security: EVENT(5156): Microsoft-Windows-Security-Auditing: Windows Filtering Platform connection allowed.", "location": "WinEvtLog:Security", "data": {"win": {"system": {"eventID": "5156", "providerName": "Microsoft-Windows-Security-Auditing", "channel": "Security", "computer": "DC-SRV.wazuhbots.local", "systemTime": "2026-03-02T15:55:17Z"}, "eventdata": {"targetUserName": "cjones", "logonType": "3"}}, "srcuser": "cjones"}}, {"timestamp": "2026-03-02T15:56:35Z", "@timestamp": "2026-03-02T15:56:35.158Z", "rule": {"id": "60120", "description": "Process creation.", "level": 3, "groups": ["windows", "wazuhbots"], "firedtimes": 140, "mitre": {"id": []}}, "agent": {"id": "002", "name": "dc-srv", "ip": "172.26.0.32"}, "manager": {"name": "wazuh-manager"}, "decoder": {"name": "windows_eventlog"}, "id": "99476384113676324431", "full_log": "WinEvtLog: Security: EVENT(4688): Microsoft-Windows-Security-Auditing: Process creation.", "location": "WinEvtLog:Security", "data": {"win": {"system": {"eventID": "4688", "providerName": "Microsoft-Windows-Security-Auditing", "channel": "Security", "computer": "DC-SRV.wazuhbots.local", "systemTime": "2026-03-02T15:56:35Z"}, "eventdata": {"targetUserName": "jmartin", "logonType": "3"}}, "srcuser": "jmartin"}}, {"timestamp": "2026-03-02T15:57:51Z", "@timestamp": "2026-03-02T15:57:51.442Z", "rule": {"id": "91801", "description": "PowerShell script block logging.", "level": 3, "groups": ["windows", "wazuhbots"], "firedtimes": 183, "mitre": {"id": []}}, "agent": {"id": "002", "name": "dc-srv", "ip": "172.26.0.32"}, "manager": {"name": "wazuh-manager"}, "decoder": {"name": "windows_eventlog"}, "id": "42180017223152099234", "full_log": "WinEvtLog: Microsoft-Windows-PowerShell/Operational: EVENT(4104): Microsoft-Windows-Security-Auditing: PowerShell script block logging.", "location": "WinEvtLog:Microsoft-Windows-PowerShell/Operational", "data": {"win": {"system": {"eventID": "4104", "providerName": "Microsoft-Windows-Security-Auditing", "channel": "Microsoft-Windows-PowerShell/Operational", "computer": "DC-SRV.wazuhbots.local", "systemTime": "2026-03-02T15:57:51Z"}, "eventdata": {"targetUserName": "bwilson", "logonType": "3"}}, "srcuser": "bwilson"}}, {"timestamp": "2026-03-02T15:59:18Z", "@timestamp": "2026-03-02T15:59:18.446Z", "rule": {"id": "60160", "description": "New service installed.", "level": 5, "groups": ["windows", "wazuhbots"], "firedtimes": 173, "mitre": {"id": []}}, "agent": {"id": "002", "name": "dc-srv", "ip": "172.26.0.32"}, "manager": {"name": "wazuh-manager"}, "decoder": {"name": "windows_eventlog"}, "id": "47070744209766324447", "full_log": "WinEvtLog: System: EVENT(7045): Microsoft-Windows-Security-Auditing: New service installed.", "location": "WinEvtLog:System", "data": {"win": {"system": {"eventID": "7045", "providerName": "Microsoft-Windows-Security-Auditing", "channel": "System", "computer": "DC-SRV.wazuhbots.local", "systemTime": "2026-03-02T15:59:18Z"}, "eventdata": {"targetUserName": "admin", "logonType": "3"}}, "srcuser": "admin"}}, {"timestamp": "2026-03-02T16:00:31Z", "@timestamp": "2026-03-02T16:00:31.322Z", "rule": {"id": "60150", "description": "Windows Filtering Platform connection allowed.", "level": 3, "groups": ["windows", "wazuhbots"], "firedtimes": 42, "mitre": {"id": []}}, "agent": {"id": "002", "name": "dc-srv", "ip": "172.26.0.32"}, "manager": {"name": "wazuh-manager"}, "decoder": {"name": "windows_eventlog"}, "id": "79332260109036332900", "full_log": "WinEvtLog: Security: EVENT(5156): Microsoft-Windows-Security-Auditing: Windows Filtering Platform connection allowed.", "location": "WinEvtLog:Security", "data": {"win": {"system": {"eventID": "5156", "providerName": "Microsoft-Windows-Security-Auditing", "channel": "Security", "computer": "DC-SRV.wazuhbots.local", "systemTime": "2026-03-02T16:00:31Z"}, "eventdata": {"targetUserName": "bwilson", "logonType": "3"}}, "srcuser": "bwilson"}}, {"timestamp": "2026-03-02T16:01:41Z", "@timestamp": "2026-03-02T16:01:41.580Z", "rule": {"id": "60110", "description": "Special privileges assigned to new logon.", "level": 3, "groups": ["windows", "wazuhbots"], "firedtimes": 80, "mitre": {"id": []}}, "agent": {"id": "002", "name": "dc-srv", "ip": "172.26.0.32"}, "manager": {"name": "wazuh-manager"}, "decoder": {"name": "windows_eventlog"}, "id": "29246801354051736071", "full_log": "WinEvtLog: Security: EVENT(4672): Microsoft-Windows-Security-Auditing: Special privileges assigned to new logon.", "location": "WinEvtLog:Security", "data": {"win": {"system": {"eventID": "4672", "providerName": "Microsoft-Windows-Security-Auditing", "channel": "Security", "computer": "DC-SRV.wazuhbots.local", "systemTime": "2026-03-02T16:01:41Z"}, "eventdata": {"targetUserName": "asmith", "logonType": "3"}}, "srcuser": "asmith"}}, {"timestamp": "2026-03-02T16:02:50Z", "@timestamp": "2026-03-02T16:02:50.370Z", "rule": {"id": "60160", "description": "New service installed.", "level": 5, "groups": ["windows", "wazuhbots"], "firedtimes": 127, "mitre": {"id": []}}, "agent": {"id": "002", "name": "dc-srv", "ip": "172.26.0.32"}, "manager": {"name": "wazuh-manager"}, "decoder": {"name": "windows_eventlog"}, "id": "17327173319071380220", "full_log": "WinEvtLog: System: EVENT(7045): Microsoft-Windows-Security-Auditing: New service installed.", "location": "WinEvtLog:System", "data": {"win": {"system": {"eventID": "7045", "providerName": "Microsoft-Windows-Security-Auditing", "channel": "System", "computer": "DC-SRV.wazuhbots.local", "systemTime": "2026-03-02T16:02:50Z"}, "eventdata": {"targetUserName": "cjones", "logonType": "3"}}, "srcuser": "cjones"}}, {"timestamp": "2026-03-02T16:04:11Z", "@timestamp": "2026-03-02T16:04:11.831Z", "rule": {"id": "60108", "description": "Logon attempted using explicit credentials.", "level": 5, "groups": ["windows", "wazuhbots"], "firedtimes": 84, "mitre": {"id": []}}, "agent": {"id": "002", "name": "dc-srv", "ip": "172.26.0.32"}, "manager": {"name": "wazuh-manager"}, "decoder": {"name": "windows_eventlog"}, "id": "64276514033460275021", "full_log": "WinEvtLog: Security: EVENT(4648): Microsoft-Windows-Security-Auditing: Logon attempted using explicit credentials.", "location": "WinEvtLog:Security", "data": {"win": {"system": {"eventID": "4648", "providerName": "Microsoft-Windows-Security-Auditing", "channel": "Security", "computer": "DC-SRV.wazuhbots.local", "systemTime": "2026-03-02T16:04:11Z"}, "eventdata": {"targetUserName": "svc_sql", "logonType": "3"}}, "srcuser": "svc_sql"}}, {"timestamp": "2026-03-02T16:05:20Z", "@timestamp": "2026-03-02T16:05:20.135Z", "rule": {"id": "60107", "description": "Windows logoff.", "level": 3, "groups": ["windows", "wazuhbots"], "firedtimes": 176, "mitre": {"id": []}}, "agent": {"id": "002", "name": "dc-srv", "ip": "172.26.0.32"}, "manager": {"name": "wazuh-manager"}, "decoder": {"name": "windows_eventlog"}, "id": "56547571894432311473", "full_log": "WinEvtLog: Security: EVENT(4634): Microsoft-Windows-Security-Auditing: Windows logoff.", "location": "WinEvtLog:Security", "data": {"win": {"system": {"eventID": "4634", "providerName": "Microsoft-Windows-Security-Auditing", "channel": "Security", "computer": "DC-SRV.wazuhbots.local", "systemTime": "2026-03-02T16:05:20Z"}, "eventdata": {"targetUserName": "jmartin", "logonType": "3"}}, "srcuser": "jmartin"}}, {"timestamp": "2026-03-02T16:06:50Z", "@timestamp": "2026-03-02T16:06:50.821Z", "rule": {"id": "60108", "description": "Logon attempted using explicit credentials.", "level": 5, "groups": ["windows", "wazuhbots"], "firedtimes": 163, "mitre": {"id": []}}, "agent": {"id": "002", "name": "dc-srv", "ip": "172.26.0.32"}, "manager": {"name": "wazuh-manager"}, "decoder": {"name": "windows_eventlog"}, "id": "71569731302230525990", "full_log": "WinEvtLog: Security: EVENT(4648): Microsoft-Windows-Security-Auditing: Logon attempted using explicit credentials.", "location": "WinEvtLog:Security", "data": {"win": {"system": {"eventID": "4648", "providerName": "Microsoft-Windows-Security-Auditing", "channel": "Security", "computer": "DC-SRV.wazuhbots.local", "systemTime": "2026-03-02T16:06:50Z"}, "eventdata": {"targetUserName": "jmartin", "logonType": "3"}}, "srcuser": "jmartin"}}, {"timestamp": "2026-03-02T16:07:56Z", "@timestamp": "2026-03-02T16:07:56.735Z", "rule": {"id": "60150", "description": "Windows Filtering Platform connection allowed.", "level": 3, "groups": ["windows", "wazuhbots"], "firedtimes": 30, "mitre": {"id": []}}, "agent": {"id": "002", "name": "dc-srv", "ip": "172.26.0.32"}, "manager": {"name": "wazuh-manager"}, "decoder": {"name": "windows_eventlog"}, "id": "26055622612395859099", "full_log": "WinEvtLog: Security: EVENT(5156): Microsoft-Windows-Security-Auditing: Windows Filtering Platform connection allowed.", "location": "WinEvtLog:Security", "data": {"win": {"system": {"eventID": "5156", "providerName": "Microsoft-Windows-Security-Auditing", "channel": "Security", "computer": "DC-SRV.wazuhbots.local", "systemTime": "2026-03-02T16:07:56Z"}, "eventdata": {"targetUserName": "jmartin", "logonType": "3"}}, "srcuser": "jmartin"}}, {"timestamp": "2026-03-02T16:09:13Z", "@timestamp": "2026-03-02T16:09:13.840Z", "rule": {"id": "60150", "description": "Windows Filtering Platform connection allowed.", "level": 3, "groups": ["windows", "wazuhbots"], "firedtimes": 108, "mitre": {"id": []}}, "agent": {"id": "002", "name": "dc-srv", "ip": "172.26.0.32"}, "manager": {"name": "wazuh-manager"}, "decoder": {"name": "windows_eventlog"}, "id": "66926559817013952089", "full_log": "WinEvtLog: Security: EVENT(5156): Microsoft-Windows-Security-Auditing: Windows Filtering Platform connection allowed.", "location": "WinEvtLog:Security", "data": {"win": {"system": {"eventID": "5156", "providerName": "Microsoft-Windows-Security-Auditing", "channel": "Security", "computer": "DC-SRV.wazuhbots.local", "systemTime": "2026-03-02T16:09:13Z"}, "eventdata": {"targetUserName": "asmith", "logonType": "3"}}, "srcuser": "asmith"}}, {"timestamp": "2026-03-02T16:10:40Z", "@timestamp": "2026-03-02T16:10:40.755Z", "rule": {"id": "60150", "description": "Windows Filtering Platform connection allowed.", "level": 3, "groups": ["windows", "wazuhbots"], "firedtimes": 129, "mitre": {"id": []}}, "agent": {"id": "002", "name": "dc-srv", "ip": "172.26.0.32"}, "manager": {"name": "wazuh-manager"}, "decoder": {"name": "windows_eventlog"}, "id": "55102379032629137372", "full_log": "WinEvtLog: Security: EVENT(5156): Microsoft-Windows-Security-Auditing: Windows Filtering Platform connection allowed.", "location": "WinEvtLog:Security", "data": {"win": {"system": {"eventID": "5156", "providerName": "Microsoft-Windows-Security-Auditing", "channel": "Security", "computer": "DC-SRV.wazuhbots.local", "systemTime": "2026-03-02T16:10:40Z"}, "eventdata": {"targetUserName": "cjones", "logonType": "3"}}, "srcuser": "cjones"}}, {"timestamp": "2026-03-02T16:11:39Z", "@timestamp": "2026-03-02T16:11:39.014Z", "rule": {"id": "60106", "description": "Windows logon success.", "level": 3, "groups": ["windows", "wazuhbots"], "firedtimes": 175, "mitre": {"id": []}}, "agent": {"id": "002", "name": "dc-srv", "ip": "172.26.0.32"}, "manager": {"name": "wazuh-manager"}, "decoder": {"name": "windows_eventlog"}, "id": "56253885108610795831", "full_log": "WinEvtLog: Security: EVENT(4624): Microsoft-Windows-Security-Auditing: Windows logon success.", "location": "WinEvtLog:Security", "data": {"win": {"system": {"eventID": "4624", "providerName": "Microsoft-Windows-Security-Auditing", "channel": "Security", "computer": "DC-SRV.wazuhbots.local", "systemTime": "2026-03-02T16:11:39Z"}, "eventdata": {"targetUserName": "svc_sql", "logonType": "3"}}, "srcuser": "svc_sql"}}, {"timestamp": "2026-03-02T16:12:52Z", "@timestamp": "2026-03-02T16:12:52.669Z", "rule": {"id": "60110", "description": "Special privileges assigned to new logon.", "level": 3, "groups": ["windows", "wazuhbots"], "firedtimes": 53, "mitre": {"id": []}}, "agent": {"id": "002", "name": "dc-srv", "ip": "172.26.0.32"}, "manager": {"name": "wazuh-manager"}, "decoder": {"name": "windows_eventlog"}, "id": "82979856379353228843", "full_log": "WinEvtLog: Security: EVENT(4672): Microsoft-Windows-Security-Auditing: Special privileges assigned to new logon.", "location": "WinEvtLog:Security", "data": {"win": {"system": {"eventID": "4672", "providerName": "Microsoft-Windows-Security-Auditing", "channel": "Security", "computer": "DC-SRV.wazuhbots.local", "systemTime": "2026-03-02T16:12:52Z"}, "eventdata": {"targetUserName": "admin", "logonType": "3"}}, "srcuser": "admin"}}, {"timestamp": "2026-03-02T16:14:23Z", "@timestamp": "2026-03-02T16:14:23.782Z", "rule": {"id": "91801", "description": "PowerShell script block logging.", "level": 3, "groups": ["windows", "wazuhbots"], "firedtimes": 133, "mitre": {"id": []}}, "agent": {"id": "002", "name": "dc-srv", "ip": "172.26.0.32"}, "manager": {"name": "wazuh-manager"}, "decoder": {"name": "windows_eventlog"}, "id": "50049476082519636945", "full_log": "WinEvtLog: Microsoft-Windows-PowerShell/Operational: EVENT(4104): Microsoft-Windows-Security-Auditing: PowerShell script block logging.", "location": "WinEvtLog:Microsoft-Windows-PowerShell/Operational", "data": {"win": {"system": {"eventID": "4104", "providerName": "Microsoft-Windows-Security-Auditing", "channel": "Microsoft-Windows-PowerShell/Operational", "computer": "DC-SRV.wazuhbots.local", "systemTime": "2026-03-02T16:14:23Z"}, "eventdata": {"targetUserName": "asmith", "logonType": "3"}}, "srcuser": "asmith"}}, {"timestamp": "2026-03-02T16:15:43Z", "@timestamp": "2026-03-02T16:15:43.458Z", "rule": {"id": "60160", "description": "New service installed.", "level": 5, "groups": ["windows", "wazuhbots"], "firedtimes": 145, "mitre": {"id": []}}, "agent": {"id": "002", "name": "dc-srv", "ip": "172.26.0.32"}, "manager": {"name": "wazuh-manager"}, "decoder": {"name": "windows_eventlog"}, "id": "67200257470610057641", "full_log": "WinEvtLog: System: EVENT(7045): Microsoft-Windows-Security-Auditing: New service installed.", "location": "WinEvtLog:System", "data": {"win": {"system": {"eventID": "7045", "providerName": "Microsoft-Windows-Security-Auditing", "channel": "System", "computer": "DC-SRV.wazuhbots.local", "systemTime": "2026-03-02T16:15:43Z"}, "eventdata": {"targetUserName": "cjones", "logonType": "3"}}, "srcuser": "cjones"}}, {"timestamp": "2026-03-02T16:16:43Z", "@timestamp": "2026-03-02T16:16:43.392Z", "rule": {"id": "60150", "description": "Windows Filtering Platform connection allowed.", "level": 3, "groups": ["windows", "wazuhbots"], "firedtimes": 96, "mitre": {"id": []}}, "agent": {"id": "002", "name": "dc-srv", "ip": "172.26.0.32"}, "manager": {"name": "wazuh-manager"}, "decoder": {"name": "windows_eventlog"}, "id": "90423852535773089461", "full_log": "WinEvtLog: Security: EVENT(5156): Microsoft-Windows-Security-Auditing: Windows Filtering Platform connection allowed.", "location": "WinEvtLog:Security", "data": {"win": {"system": {"eventID": "5156", "providerName": "Microsoft-Windows-Security-Auditing", "channel": "Security", "computer": "DC-SRV.wazuhbots.local", "systemTime": "2026-03-02T16:16:43Z"}, "eventdata": {"targetUserName": "asmith", "logonType": "3"}}, "srcuser": "asmith"}}, {"timestamp": "2026-03-02T16:18:06Z", "@timestamp": "2026-03-02T16:18:06.749Z", "rule": {"id": "60120", "description": "Process creation.", "level": 3, "groups": ["windows", "wazuhbots"], "firedtimes": 176, "mitre": {"id": []}}, "agent": {"id": "002", "name": "dc-srv", "ip": "172.26.0.32"}, "manager": {"name": "wazuh-manager"}, "decoder": {"name": "windows_eventlog"}, "id": "94696621181835518468", "full_log": "WinEvtLog: Security: EVENT(4688): Microsoft-Windows-Security-Auditing: Process creation.", "location": "WinEvtLog:Security", "data": {"win": {"system": {"eventID": "4688", "providerName": "Microsoft-Windows-Security-Auditing", "channel": "Security", "computer": "DC-SRV.wazuhbots.local", "systemTime": "2026-03-02T16:18:06Z"}, "eventdata": {"targetUserName": "cjones", "logonType": "3"}}, "srcuser": "cjones"}}, {"timestamp": "2026-03-02T16:19:19Z", "@timestamp": "2026-03-02T16:19:19.310Z", "rule": {"id": "60150", "description": "Windows Filtering Platform connection allowed.", "level": 3, "groups": ["windows", "wazuhbots"], "firedtimes": 200, "mitre": {"id": []}}, "agent": {"id": "002", "name": "dc-srv", "ip": "172.26.0.32"}, "manager": {"name": "wazuh-manager"}, "decoder": {"name": "windows_eventlog"}, "id": "44177454460422673620", "full_log": "WinEvtLog: Security: EVENT(5156): Microsoft-Windows-Security-Auditing: Windows Filtering Platform connection allowed.", "location": "WinEvtLog:Security", "data": {"win": {"system": {"eventID": "5156", "providerName": "Microsoft-Windows-Security-Auditing", "channel": "Security", "computer": "DC-SRV.wazuhbots.local", "systemTime": "2026-03-02T16:19:19Z"}, "eventdata": {"targetUserName": "asmith", "logonType": "3"}}, "srcuser": "asmith"}}, {"timestamp": "2026-03-02T16:20:35Z", "@timestamp": "2026-03-02T16:20:35.753Z", "rule": {"id": "60160", "description": "New service installed.", "level": 5, "groups": ["windows", "wazuhbots"], "firedtimes": 84, "mitre": {"id": []}}, "agent": {"id": "002", "name": "dc-srv", "ip": "172.26.0.32"}, "manager": {"name": "wazuh-manager"}, "decoder": {"name": "windows_eventlog"}, "id": "10209476153406258291", "full_log": "WinEvtLog: System: EVENT(7045): Microsoft-Windows-Security-Auditing: New service installed.", "location": "WinEvtLog:System", "data": {"win": {"system": {"eventID": "7045", "providerName": "Microsoft-Windows-Security-Auditing", "channel": "System", "computer": "DC-SRV.wazuhbots.local", "systemTime": "2026-03-02T16:20:35Z"}, "eventdata": {"targetUserName": "cjones", "logonType": "3"}}, "srcuser": "cjones"}}, {"timestamp": "2026-03-02T16:22:00Z", "@timestamp": "2026-03-02T16:22:00.433Z", "rule": {"id": "91801", "description": "PowerShell script block logging.", "level": 3, "groups": ["windows", "wazuhbots"], "firedtimes": 184, "mitre": {"id": []}}, "agent": {"id": "002", "name": "dc-srv", "ip": "172.26.0.32"}, "manager": {"name": "wazuh-manager"}, "decoder": {"name": "windows_eventlog"}, "id": "47634720149074669824", "full_log": "WinEvtLog: Microsoft-Windows-PowerShell/Operational: EVENT(4104): Microsoft-Windows-Security-Auditing: PowerShell script block logging.", "location": "WinEvtLog:Microsoft-Windows-PowerShell/Operational", "data": {"win": {"system": {"eventID": "4104", "providerName": "Microsoft-Windows-Security-Auditing", "channel": "Microsoft-Windows-PowerShell/Operational", "computer": "DC-SRV.wazuhbots.local", "systemTime": "2026-03-02T16:22:00Z"}, "eventdata": {"targetUserName": "bwilson", "logonType": "3"}}, "srcuser": "bwilson"}}, {"timestamp": "2026-03-02T16:23:14Z", "@timestamp": "2026-03-02T16:23:14.851Z", "rule": {"id": "60106", "description": "Windows logon success.", "level": 3, "groups": ["windows", "wazuhbots"], "firedtimes": 164, "mitre": {"id": []}}, "agent": {"id": "002", "name": "dc-srv", "ip": "172.26.0.32"}, "manager": {"name": "wazuh-manager"}, "decoder": {"name": "windows_eventlog"}, "id": "29060667178938823425", "full_log": "WinEvtLog: Security: EVENT(4624): Microsoft-Windows-Security-Auditing: Windows logon success.", "location": "WinEvtLog:Security", "data": {"win": {"system": {"eventID": "4624", "providerName": "Microsoft-Windows-Security-Auditing", "channel": "Security", "computer": "DC-SRV.wazuhbots.local", "systemTime": "2026-03-02T16:23:14Z"}, "eventdata": {"targetUserName": "svc_sql", "logonType": "3"}}, "srcuser": "svc_sql"}}, {"timestamp": "2026-03-02T16:24:22Z", "@timestamp": "2026-03-02T16:24:22.885Z", "rule": {"id": "60160", "description": "New service installed.", "level": 5, "groups": ["windows", "wazuhbots"], "firedtimes": 152, "mitre": {"id": []}}, "agent": {"id": "002", "name": "dc-srv", "ip": "172.26.0.32"}, "manager": {"name": "wazuh-manager"}, "decoder": {"name": "windows_eventlog"}, "id": "08096091220890870544", "full_log": "WinEvtLog: System: EVENT(7045): Microsoft-Windows-Security-Auditing: New service installed.", "location": "WinEvtLog:System", "data": {"win": {"system": {"eventID": "7045", "providerName": "Microsoft-Windows-Security-Auditing", "channel": "System", "computer": "DC-SRV.wazuhbots.local", "systemTime": "2026-03-02T16:24:22Z"}, "eventdata": {"targetUserName": "admin", "logonType": "3"}}, "srcuser": "admin"}}, {"timestamp": "2026-03-02T16:25:30Z", "@timestamp": "2026-03-02T16:25:30.892Z", "rule": {"id": "60108", "description": "Logon attempted using explicit credentials.", "level": 5, "groups": ["windows", "wazuhbots"], "firedtimes": 114, "mitre": {"id": []}}, "agent": {"id": "002", "name": "dc-srv", "ip": "172.26.0.32"}, "manager": {"name": "wazuh-manager"}, "decoder": {"name": "windows_eventlog"}, "id": "22969933695748716381", "full_log": "WinEvtLog: Security: EVENT(4648): Microsoft-Windows-Security-Auditing: Logon attempted using explicit credentials.", "location": "WinEvtLog:Security", "data": {"win": {"system": {"eventID": "4648", "providerName": "Microsoft-Windows-Security-Auditing", "channel": "Security", "computer": "DC-SRV.wazuhbots.local", "systemTime": "2026-03-02T16:25:30Z"}, "eventdata": {"targetUserName": "svc_sql", "logonType": "3"}}, "srcuser": "svc_sql"}}, {"timestamp": "2026-03-02T16:27:00Z", "@timestamp": "2026-03-02T16:27:00.047Z", "rule": {"id": "60107", "description": "Windows logoff.", "level": 3, "groups": ["windows", "wazuhbots"], "firedtimes": 163, "mitre": {"id": []}}, "agent": {"id": "002", "name": "dc-srv", "ip": "172.26.0.32"}, "manager": {"name": "wazuh-manager"}, "decoder": {"name": "windows_eventlog"}, "id": "68517664530979357452", "full_log": "WinEvtLog: Security: EVENT(4634): Microsoft-Windows-Security-Auditing: Windows logoff.", "location": "WinEvtLog:Security", "data": {"win": {"system": {"eventID": "4634", "providerName": "Microsoft-Windows-Security-Auditing", "channel": "Security", "computer": "DC-SRV.wazuhbots.local", "systemTime": "2026-03-02T16:27:00Z"}, "eventdata": {"targetUserName": "jmartin", "logonType": "3"}}, "srcuser": "jmartin"}}, {"timestamp": "2026-03-02T16:28:03Z", "@timestamp": "2026-03-02T16:28:03.156Z", "rule": {"id": "91801", "description": "PowerShell script block logging.", "level": 3, "groups": ["windows", "wazuhbots"], "firedtimes": 102, "mitre": {"id": []}}, "agent": {"id": "002", "name": "dc-srv", "ip": "172.26.0.32"}, "manager": {"name": "wazuh-manager"}, "decoder": {"name": "windows_eventlog"}, "id": "28658385306240098344", "full_log": "WinEvtLog: Microsoft-Windows-PowerShell/Operational: EVENT(4104): Microsoft-Windows-Security-Auditing: PowerShell script block logging.", "location": "WinEvtLog:Microsoft-Windows-PowerShell/Operational", "data": {"win": {"system": {"eventID": "4104", "providerName": "Microsoft-Windows-Security-Auditing", "channel": "Microsoft-Windows-PowerShell/Operational", "computer": "DC-SRV.wazuhbots.local", "systemTime": "2026-03-02T16:28:03Z"}, "eventdata": {"targetUserName": "jmartin", "logonType": "3"}}, "srcuser": "jmartin"}}, {"timestamp": "2026-03-02T16:29:27Z", "@timestamp": "2026-03-02T16:29:27.333Z", "rule": {"id": "60106", "description": "Windows logon success.", "level": 3, "groups": ["windows", "wazuhbots"], "firedtimes": 108, "mitre": {"id": []}}, "agent": {"id": "002", "name": "dc-srv", "ip": "172.26.0.32"}, "manager": {"name": "wazuh-manager"}, "decoder": {"name": "windows_eventlog"}, "id": "18374207424638015632", "full_log": "WinEvtLog: Security: EVENT(4624): Microsoft-Windows-Security-Auditing: Windows logon success.", "location": "WinEvtLog:Security", "data": {"win": {"system": {"eventID": "4624", "providerName": "Microsoft-Windows-Security-Auditing", "channel": "Security", "computer": "DC-SRV.wazuhbots.local", "systemTime": "2026-03-02T16:29:27Z"}, "eventdata": {"targetUserName": "asmith", "logonType": "3"}}, "srcuser": "asmith"}}, {"timestamp": "2026-03-02T16:30:34Z", "@timestamp": "2026-03-02T16:30:34.314Z", "rule": {"id": "60110", "description": "Special privileges assigned to new logon.", "level": 3, "groups": ["windows", "wazuhbots"], "firedtimes": 105, "mitre": {"id": []}}, "agent": {"id": "002", "name": "dc-srv", "ip": "172.26.0.32"}, "manager": {"name": "wazuh-manager"}, "decoder": {"name": "windows_eventlog"}, "id": "73449370063449229344", "full_log": "WinEvtLog: Security: EVENT(4672): Microsoft-Windows-Security-Auditing: Special privileges assigned to new logon.", "location": "WinEvtLog:Security", "data": {"win": {"system": {"eventID": "4672", "providerName": "Microsoft-Windows-Security-Auditing", "channel": "Security", "computer": "DC-SRV.wazuhbots.local", "systemTime": "2026-03-02T16:30:34Z"}, "eventdata": {"targetUserName": "admin", "logonType": "3"}}, "srcuser": "admin"}}, {"timestamp": "2026-03-02T16:31:49Z", "@timestamp": "2026-03-02T16:31:49.277Z", "rule": {"id": "60150", "description": "Windows Filtering Platform connection allowed.", "level": 3, "groups": ["windows", "wazuhbots"], "firedtimes": 121, "mitre": {"id": []}}, "agent": {"id": "002", "name": "dc-srv", "ip": "172.26.0.32"}, "manager": {"name": "wazuh-manager"}, "decoder": {"name": "windows_eventlog"}, "id": "04138229602387267327", "full_log": "WinEvtLog: Security: EVENT(5156): Microsoft-Windows-Security-Auditing: Windows Filtering Platform connection allowed.", "location": "WinEvtLog:Security", "data": {"win": {"system": {"eventID": "5156", "providerName": "Microsoft-Windows-Security-Auditing", "channel": "Security", "computer": "DC-SRV.wazuhbots.local", "systemTime": "2026-03-02T16:31:49Z"}, "eventdata": {"targetUserName": "bwilson", "logonType": "3"}}, "srcuser": "bwilson"}}, {"timestamp": "2026-03-02T16:33:09Z", "@timestamp": "2026-03-02T16:33:09.182Z", "rule": {"id": "60108", "description": "Logon attempted using explicit credentials.", "level": 5, "groups": ["windows", "wazuhbots"], "firedtimes": 183, "mitre": {"id": []}}, "agent": {"id": "002", "name": "dc-srv", "ip": "172.26.0.32"}, "manager": {"name": "wazuh-manager"}, "decoder": {"name": "windows_eventlog"}, "id": "30817433444993805797", "full_log": "WinEvtLog: Security: EVENT(4648): Microsoft-Windows-Security-Auditing: Logon attempted using explicit credentials.", "location": "WinEvtLog:Security", "data": {"win": {"system": {"eventID": "4648", "providerName": "Microsoft-Windows-Security-Auditing", "channel": "Security", "computer": "DC-SRV.wazuhbots.local", "systemTime": "2026-03-02T16:33:09Z"}, "eventdata": {"targetUserName": "jmartin", "logonType": "3"}}, "srcuser": "jmartin"}}, {"timestamp": "2026-03-02T16:34:29Z", "@timestamp": "2026-03-02T16:34:29.633Z", "rule": {"id": "91801", "description": "PowerShell script block logging.", "level": 3, "groups": ["windows", "wazuhbots"], "firedtimes": 169, "mitre": {"id": []}}, "agent": {"id": "002", "name": "dc-srv", "ip": "172.26.0.32"}, "manager": {"name": "wazuh-manager"}, "decoder": {"name": "windows_eventlog"}, "id": "81486116335442487439", "full_log": "WinEvtLog: Microsoft-Windows-PowerShell/Operational: EVENT(4104): Microsoft-Windows-Security-Auditing: PowerShell script block logging.", "location": "WinEvtLog:Microsoft-Windows-PowerShell/Operational", "data": {"win": {"system": {"eventID": "4104", "providerName": "Microsoft-Windows-Security-Auditing", "channel": "Microsoft-Windows-PowerShell/Operational", "computer": "DC-SRV.wazuhbots.local", "systemTime": "2026-03-02T16:34:29Z"}, "eventdata": {"targetUserName": "cjones", "logonType": "3"}}, "srcuser": "cjones"}}, {"timestamp": "2026-03-02T16:35:36Z", "@timestamp": "2026-03-02T16:35:36.689Z", "rule": {"id": "60108", "description": "Logon attempted using explicit credentials.", "level": 5, "groups": ["windows", "wazuhbots"], "firedtimes": 125, "mitre": {"id": []}}, "agent": {"id": "002", "name": "dc-srv", "ip": "172.26.0.32"}, "manager": {"name": "wazuh-manager"}, "decoder": {"name": "windows_eventlog"}, "id": "59026479189401445584", "full_log": "WinEvtLog: Security: EVENT(4648): Microsoft-Windows-Security-Auditing: Logon attempted using explicit credentials.", "location": "WinEvtLog:Security", "data": {"win": {"system": {"eventID": "4648", "providerName": "Microsoft-Windows-Security-Auditing", "channel": "Security", "computer": "DC-SRV.wazuhbots.local", "systemTime": "2026-03-02T16:35:36Z"}, "eventdata": {"targetUserName": "cjones", "logonType": "3"}}, "srcuser": "cjones"}}, {"timestamp": "2026-03-02T16:37:04Z", "@timestamp": "2026-03-02T16:37:04.131Z", "rule": {"id": "60120", "description": "Process creation.", "level": 3, "groups": ["windows", "wazuhbots"], "firedtimes": 150, "mitre": {"id": []}}, "agent": {"id": "002", "name": "dc-srv", "ip": "172.26.0.32"}, "manager": {"name": "wazuh-manager"}, "decoder": {"name": "windows_eventlog"}, "id": "47317665090517477467", "full_log": "WinEvtLog: Security: EVENT(4688): Microsoft-Windows-Security-Auditing: Process creation.", "location": "WinEvtLog:Security", "data": {"win": {"system": {"eventID": "4688", "providerName": "Microsoft-Windows-Security-Auditing", "channel": "Security", "computer": "DC-SRV.wazuhbots.local", "systemTime": "2026-03-02T16:37:04Z"}, "eventdata": {"targetUserName": "jmartin", "logonType": "3"}}, "srcuser": "jmartin"}}, {"timestamp": "2026-03-02T16:38:21Z", "@timestamp": "2026-03-02T16:38:21.153Z", "rule": {"id": "60106", "description": "Windows logon success.", "level": 3, "groups": ["windows", "wazuhbots"], "firedtimes": 151, "mitre": {"id": []}}, "agent": {"id": "002", "name": "dc-srv", "ip": "172.26.0.32"}, "manager": {"name": "wazuh-manager"}, "decoder": {"name": "windows_eventlog"}, "id": "24764902673961783668", "full_log": "WinEvtLog: Security: EVENT(4624): Microsoft-Windows-Security-Auditing: Windows logon success.", "location": "WinEvtLog:Security", "data": {"win": {"system": {"eventID": "4624", "providerName": "Microsoft-Windows-Security-Auditing", "channel": "Security", "computer": "DC-SRV.wazuhbots.local", "systemTime": "2026-03-02T16:38:21Z"}, "eventdata": {"targetUserName": "svc_sql", "logonType": "3"}}, "srcuser": "svc_sql"}}, {"timestamp": "2026-03-02T16:39:36Z", "@timestamp": "2026-03-02T16:39:36.816Z", "rule": {"id": "60150", "description": "Windows Filtering Platform connection allowed.", "level": 3, "groups": ["windows", "wazuhbots"], "firedtimes": 95, "mitre": {"id": []}}, "agent": {"id": "002", "name": "dc-srv", "ip": "172.26.0.32"}, "manager": {"name": "wazuh-manager"}, "decoder": {"name": "windows_eventlog"}, "id": "82005895877694466758", "full_log": "WinEvtLog: Security: EVENT(5156): Microsoft-Windows-Security-Auditing: Windows Filtering Platform connection allowed.", "location": "WinEvtLog:Security", "data": {"win": {"system": {"eventID": "5156", "providerName": "Microsoft-Windows-Security-Auditing", "channel": "Security", "computer": "DC-SRV.wazuhbots.local", "systemTime": "2026-03-02T16:39:36Z"}, "eventdata": {"targetUserName": "cjones", "logonType": "3"}}, "srcuser": "cjones"}}, {"timestamp": "2026-03-02T16:40:45Z", "@timestamp": "2026-03-02T16:40:45.773Z", "rule": {"id": "60120", "description": "Process creation.", "level": 3, "groups": ["windows", "wazuhbots"], "firedtimes": 104, "mitre": {"id": []}}, "agent": {"id": "002", "name": "dc-srv", "ip": "172.26.0.32"}, "manager": {"name": "wazuh-manager"}, "decoder": {"name": "windows_eventlog"}, "id": "23847609393469510727", "full_log": "WinEvtLog: Security: EVENT(4688): Microsoft-Windows-Security-Auditing: Process creation.", "location": "WinEvtLog:Security", "data": {"win": {"system": {"eventID": "4688", "providerName": "Microsoft-Windows-Security-Auditing", "channel": "Security", "computer": "DC-SRV.wazuhbots.local", "systemTime": "2026-03-02T16:40:45Z"}, "eventdata": {"targetUserName": "svc_sql", "logonType": "3"}}, "srcuser": "svc_sql"}}, {"timestamp": "2026-03-02T16:42:02Z", "@timestamp": "2026-03-02T16:42:02.502Z", "rule": {"id": "91801", "description": "PowerShell script block logging.", "level": 3, "groups": ["windows", "wazuhbots"], "firedtimes": 199, "mitre": {"id": []}}, "agent": {"id": "002", "name": "dc-srv", "ip": "172.26.0.32"}, "manager": {"name": "wazuh-manager"}, "decoder": {"name": "windows_eventlog"}, "id": "61988293449976932092", "full_log": "WinEvtLog: Microsoft-Windows-PowerShell/Operational: EVENT(4104): Microsoft-Windows-Security-Auditing: PowerShell script block logging.", "location": "WinEvtLog:Microsoft-Windows-PowerShell/Operational", "data": {"win": {"system": {"eventID": "4104", "providerName": "Microsoft-Windows-Security-Auditing", "channel": "Microsoft-Windows-PowerShell/Operational", "computer": "DC-SRV.wazuhbots.local", "systemTime": "2026-03-02T16:42:02Z"}, "eventdata": {"targetUserName": "cjones", "logonType": "3"}}, "srcuser": "cjones"}}, {"timestamp": "2026-03-02T16:43:17Z", "@timestamp": "2026-03-02T16:43:17.385Z", "rule": {"id": "60107", "description": "Windows logoff.", "level": 3, "groups": ["windows", "wazuhbots"], "firedtimes": 137, "mitre": {"id": []}}, "agent": {"id": "002", "name": "dc-srv", "ip": "172.26.0.32"}, "manager": {"name": "wazuh-manager"}, "decoder": {"name": "windows_eventlog"}, "id": "98716842951922708836", "full_log": "WinEvtLog: Security: EVENT(4634): Microsoft-Windows-Security-Auditing: Windows logoff.", "location": "WinEvtLog:Security", "data": {"win": {"system": {"eventID": "4634", "providerName": "Microsoft-Windows-Security-Auditing", "channel": "Security", "computer": "DC-SRV.wazuhbots.local", "systemTime": "2026-03-02T16:43:17Z"}, "eventdata": {"targetUserName": "admin", "logonType": "3"}}, "srcuser": "admin"}}, 