{"timestamp": "2026-03-02T16:44:44Z", "@timestamp": "2026-03-02T16:44:44.703Z", "rule": {"id": "60160", "description": "New service installed.", "level": 5, "groups": ["windows", "wazuhbots"], "firedtimes": 171, "mitre": {"id": []}}, "agent": {"id": "002", "name": "dc-srv", "ip": "172.26.0.32"}, "manager": {"name": "wazuh-manager"}, "decoder": {"name": "windows_eventlog"}, "id": "93943873594821654214", "full_log": "WinEvtLog: System: EVENT(7045): Microsoft-Windows-Security-Auditing: New service installed.", "location": "WinEvtLog:System", "data": {"win": {"system": {"eventID": "7045", "providerName": "Microsoft-Windows-Security-Auditing", "channel": "System", "computer": "DC-SRV.wazuhbots.local", "systemTime": "2026-03-02T16:44:44Z"}, "eventdata": {"targetUserName": "bwilson", "logonType": "3"}}, "srcuser": "bwilson"}}, {"timestamp": "2026-03-02T16:45:41Z", "@timestamp": "2026-03-02T16:45:41.661Z", "rule": {"id": "60150", "description": "Windows Filtering Platform connection allowed.", "level": 3, "groups": ["windows", "wazuhbots"], "firedtimes": 185, "mitre": {"id": []}}, "agent": {"id": "002", "name": "dc-srv", "ip": "172.26.0.32"}, "manager": {"name": "wazuh-manager"}, "decoder": {"name": "windows_eventlog"}, "id": "02335725885516425428", "full_log": "WinEvtLog: Security: EVENT(5156): Microsoft-Windows-Security-Auditing: Windows Filtering Platform connection allowed.", "location": "WinEvtLog:Security", "data": {"win": {"system": {"eventID": "5156", "providerName": "Microsoft-Windows-Security-Auditing", "channel": "Security", "computer": "DC-SRV.wazuhbots.local", "systemTime": "2026-03-02T16:45:41Z"}, "eventdata": {"targetUserName": "jmartin", "logonType": "3"}}, "srcuser": "jmartin"}}, {"timestamp": "2026-03-02T16:47:07Z", "@timestamp": "2026-03-02T16:47:07.251Z", "rule": {"id": "60107", "description": "Windows logoff.", "level": 3, "groups": ["windows", "wazuhbots"], "firedtimes": 165, "mitre": {"id": []}}, "agent": {"id": "002", "name": "dc-srv", "ip": "172.26.0.32"}, "manager": {"name": "wazuh-manager"}, "decoder": {"name": "windows_eventlog"}, "id": "65180643700856635266", "full_log": "WinEvtLog: Security: EVENT(4634): Microsoft-Windows-Security-Auditing: Windows logoff.", "location": "WinEvtLog:Security", "data": {"win": {"system": {"eventID": "4634", "providerName": "Microsoft-Windows-Security-Auditing", "channel": "Security", "computer": "DC-SRV.wazuhbots.local", "systemTime": "2026-03-02T16:47:07Z"}, "eventdata": {"targetUserName": "svc_sql", "logonType": "3"}}, "srcuser": "svc_sql"}}, {"timestamp": "2026-03-02T16:48:30Z", "@timestamp": "2026-03-02T16:48:30.506Z", "rule": {"id": "60150", "description": "Windows Filtering Platform connection allowed.", "level": 3, "groups": ["windows", "wazuhbots"], "firedtimes": 89, "mitre": {"id": []}}, "agent": {"id": "002", "name": "dc-srv", "ip": "172.26.0.32"}, "manager": {"name": "wazuh-manager"}, "decoder": {"name": "windows_eventlog"}, "id": "13918666080209739791", "full_log": "WinEvtLog: Security: EVENT(5156): Microsoft-Windows-Security-Auditing: Windows Filtering Platform connection allowed.", "location": "WinEvtLog:Security", "data": {"win": {"system": {"eventID": "5156", "providerName": "Microsoft-Windows-Security-Auditing", "channel": "Security", "computer": "DC-SRV.wazuhbots.local", "systemTime": "2026-03-02T16:48:30Z"}, "eventdata": {"targetUserName": "asmith", "logonType": "3"}}, "srcuser": "asmith"}}, {"timestamp": "2026-03-02T16:49:29Z", "@timestamp": "2026-03-02T16:49:29.400Z", "rule": {"id": "60150", "description": "Windows Filtering Platform connection allowed.", "level": 3, "groups": ["windows", "wazuhbots"], "firedtimes": 47, "mitre": {"id": []}}, "agent": {"id": "002", "name": "dc-srv", "ip": "172.26.0.32"}, "manager": {"name": "wazuh-manager"}, "decoder": {"name": "windows_eventlog"}, "id": "83028168243704138538", "full_log": "WinEvtLog: Security: EVENT(5156): Microsoft-Windows-Security-Auditing: Windows Filtering Platform connection allowed.", "location": "WinEvtLog:Security", "data": {"win": {"system": {"eventID": "5156", "providerName": "Microsoft-Windows-Security-Auditing", "channel": "Security", "computer": "DC-SRV.wazuhbots.local", "systemTime": "2026-03-02T16:49:29Z"}, "eventdata": {"targetUserName": "bwilson", "logonType": "3"}}, "srcuser": "bwilson"}}, {"timestamp": "2026-03-02T16:50:51Z", "@timestamp": "2026-03-02T16:50:51.396Z", "rule": {"id": "60110", "description": "Special privileges assigned to new logon.", "level": 3, "groups": ["windows", "wazuhbots"], "firedtimes": 132, "mitre": {"id": []}}, "agent": {"id": "002", "name": "dc-srv", "ip": "172.26.0.32"}, "manager": {"name": "wazuh-manager"}, "decoder": {"name": "windows_eventlog"}, "id": "04156543731616332618", "full_log": "WinEvtLog: Security: EVENT(4672): Microsoft-Windows-Security-Auditing: Special privileges assigned to new logon.", "location": "WinEvtLog:Security", "data": {"win": {"system": {"eventID": "4672", "providerName": "Microsoft-Windows-Security-Auditing", "channel": "Security", "computer": "DC-SRV.wazuhbots.local", "systemTime": "2026-03-02T16:50:51Z"}, "eventdata": {"targetUserName": "asmith", "logonType": "3"}}, "srcuser": "asmith"}}, {"timestamp": "2026-03-02T16:52:15Z", "@timestamp": "2026-03-02T16:52:15.851Z", "rule": {"id": "60106", "description": "Windows logon success.", "level": 3, "groups": ["windows", "wazuhbots"], "firedtimes": 15, "mitre": {"id": []}}, "agent": {"id": "002", "name": "dc-srv", "ip": "172.26.0.32"}, "manager": {"name": "wazuh-manager"}, "decoder": {"name": "windows_eventlog"}, "id": "22338858413814486682", "full_log": "WinEvtLog: Security: EVENT(4624): Microsoft-Windows-Security-Auditing: Windows logon success.", "location": "WinEvtLog:Security", "data": {"win": {"system": {"eventID": "4624", "providerName": "Microsoft-Windows-Security-Auditing", "channel": "Security", "computer": "DC-SRV.wazuhbots.local", "systemTime": "2026-03-02T16:52:15Z"}, "eventdata": {"targetUserName": "admin", "logonType": "3"}}, "srcuser": "admin"}}, {"timestamp": "2026-03-02T16:53:15Z", "@timestamp": "2026-03-02T16:53:15.455Z", "rule": {"id": "60150", "description": "Windows Filtering Platform connection allowed.", "level": 3, "groups": ["windows", "wazuhbots"], "firedtimes": 145, "mitre": {"id": []}}, "agent": {"id": "002", "name": "dc-srv", "ip": "172.26.0.32"}, "manager": {"name": "wazuh-manager"}, "decoder": {"name": "windows_eventlog"}, "id": "21181945972579095645", "full_log": "WinEvtLog: Security: EVENT(5156): Microsoft-Windows-Security-Auditing: Windows Filtering Platform connection allowed.", "location": "WinEvtLog:Security", "data": {"win": {"system": {"eventID": "5156", "providerName": "Microsoft-Windows-Security-Auditing", "channel": "Security", "computer": "DC-SRV.wazuhbots.local", "systemTime": "2026-03-02T16:53:15Z"}, "eventdata": {"targetUserName": "cjones", "logonType": "3"}}, "srcuser": "cjones"}}, {"timestamp": "2026-03-02T16:54:49Z", "@timestamp": "2026-03-02T16:54:49.594Z", "rule": {"id": "60108", "description": "Logon attempted using explicit credentials.", "level": 5, "groups": ["windows", "wazuhbots"], "firedtimes": 36, "mitre": {"id": []}}, "agent": {"id": "002", "name": "dc-srv", "ip": "172.26.0.32"}, "manager": {"name": "wazuh-manager"}, "decoder": {"name": "windows_eventlog"}, "id": "57531172269292377442", "full_log": "WinEvtLog: Security: EVENT(4648): Microsoft-Windows-Security-Auditing: Logon attempted using explicit credentials.", "location": "WinEvtLog:Security", "data": {"win": {"system": {"eventID": "4648", "providerName": "Microsoft-Windows-Security-Auditing", "channel": "Security", "computer": "DC-SRV.wazuhbots.local", "systemTime": "2026-03-02T16:54:49Z"}, "eventdata": {"targetUserName": "admin", "logonType": "3"}}, "srcuser": "admin"}}, {"timestamp": "2026-03-02T16:56:06Z", "@timestamp": "2026-03-02T16:56:06.258Z", "rule": {"id": "60160", "description": "New service installed.", "level": 5, "groups": ["windows", "wazuhbots"], "firedtimes": 150, "mitre": {"id": []}}, "agent": {"id": "002", "name": "dc-srv", "ip": "172.26.0.32"}, "manager": {"name": "wazuh-manager"}, "decoder": {"name": "windows_eventlog"}, "id": "60046193535512845127", "full_log": "WinEvtLog: System: EVENT(7045): Microsoft-Windows-Security-Auditing: New service installed.", "location": "WinEvtLog:System", "data": {"win": {"system": {"eventID": "7045", "providerName": "Microsoft-Windows-Security-Auditing", "channel": "System", "computer": "DC-SRV.wazuhbots.local", "systemTime": "2026-03-02T16:56:06Z"}, "eventdata": {"targetUserName": "asmith", "logonType": "3"}}, "srcuser": "asmith"}}, {"timestamp": "2026-03-02T16:57:09Z", "@timestamp": "2026-03-02T16:57:09.116Z", "rule": {"id": "60106", "description": "Windows logon success.", "level": 3, "groups": ["windows", "wazuhbots"], "firedtimes": 173, "mitre": {"id": []}}, "agent": {"id": "002", "name": "dc-srv", "ip": "172.26.0.32"}, "manager": {"name": "wazuh-manager"}, "decoder": {"name": "windows_eventlog"}, "id": "82959692545219444942", "full_log": "WinEvtLog: Security: EVENT(4624): Microsoft-Windows-Security-Auditing: Windows logon success.", "location": "WinEvtLog:Security", "data": {"win": {"system": {"eventID": "4624", "providerName": "Microsoft-Windows-Security-Auditing", "channel": "Security", "computer": "DC-SRV.wazuhbots.local", "systemTime": "2026-03-02T16:57:09Z"}, "eventdata": {"targetUserName": "bwilson", "logonType": "3"}}, "srcuser": "bwilson"}}, {"timestamp": "2026-03-02T16:58:23Z", "@timestamp": "2026-03-02T16:58:23.597Z", "rule": {"id": "60150", "description": "Windows Filtering Platform connection allowed.", "level": 3, "groups": ["windows", "wazuhbots"], "firedtimes": 88, "mitre": {"id": []}}, "agent": {"id": "002", "name": "dc-srv", "ip": "172.26.0.32"}, "manager": {"name": "wazuh-manager"}, "decoder": {"name": "windows_eventlog"}, "id": "68979388761212641403", "full_log": "WinEvtLog: Security: EVENT(5156): Microsoft-Windows-Security-Auditing: Windows Filtering Platform connection allowed.", "location": "WinEvtLog:Security", "data": {"win": {"system": {"eventID": "5156", "providerName": "Microsoft-Windows-Security-Auditing", "channel": "Security", "computer": "DC-SRV.wazuhbots.local", "systemTime": "2026-03-02T16:58:23Z"}, "eventdata": {"targetUserName": "cjones", "logonType": "3"}}, "srcuser": "cjones"}}, {"timestamp": "2026-03-02T16:59:38Z", "@timestamp": "2026-03-02T16:59:38.133Z", "rule": {"id": "60110", "description": "Special privileges assigned to new logon.", "level": 3, "groups": ["windows", "wazuhbots"], "firedtimes": 47, "mitre": {"id": []}}, "agent": {"id": "002", "name": "dc-srv", "ip": "172.26.0.32"}, "manager": {"name": "wazuh-manager"}, "decoder": {"name": "windows_eventlog"}, "id": "13588359040067388716", "full_log": "WinEvtLog: Security: EVENT(4672): Microsoft-Windows-Security-Auditing: Special privileges assigned to new logon.", "location": "WinEvtLog:Security", "data": {"win": {"system": {"eventID": "4672", "providerName": "Microsoft-Windows-Security-Auditing", "channel": "Security", "computer": "DC-SRV.wazuhbots.local", "systemTime": "2026-03-02T16:59:38Z"}, "eventdata": {"targetUserName": "admin", "logonType": "3"}}, "srcuser": "admin"}}, {"timestamp": "2026-03-02T17:01:07Z", "@timestamp": "2026-03-02T17:01:07.571Z", "rule": {"id": "60120", "description": "Process creation.", "level": 3, "groups": ["windows", "wazuhbots"], "firedtimes": 44, "mitre": {"id": []}}, "agent": {"id": "002", "name": "dc-srv", "ip": "172.26.0.32"}, "manager": {"name": "wazuh-manager"}, "decoder": {"name": "windows_eventlog"}, "id": "75790673148537024347", "full_log": "WinEvtLog: Security: EVENT(4688): Microsoft-Windows-Security-Auditing: Process creation.", "location": "WinEvtLog:Security", "data": {"win": {"system": {"eventID": "4688", "providerName": "Microsoft-Windows-Security-Auditing", "channel": "Security", "computer": "DC-SRV.wazuhbots.local", "systemTime": "2026-03-02T17:01:07Z"}, "eventdata": {"targetUserName": "jmartin", "logonType": "3"}}, "srcuser": "jmartin"}}, {"timestamp": "2026-03-02T17:02:23Z", "@timestamp": "2026-03-02T17:02:23.936Z", "rule": {"id": "60108", "description": "Logon attempted using explicit credentials.", "level": 5, "groups": ["windows", "wazuhbots"], "firedtimes": 154, "mitre": {"id": []}}, "agent": {"id": "002", "name": "dc-srv", "ip": "172.26.0.32"}, "manager": {"name": "wazuh-manager"}, "decoder": {"name": "windows_eventlog"}, "id": "66441571569178861412", "full_log": "WinEvtLog: Security: EVENT(4648): Microsoft-Windows-Security-Auditing: Logon attempted using explicit credentials.", "location": "WinEvtLog:Security", "data": {"win": {"system": {"eventID": "4648", "providerName": "Microsoft-Windows-Security-Auditing", "channel": "Security", "computer": "DC-SRV.wazuhbots.local", "systemTime": "2026-03-02T17:02:23Z"}, "eventdata": {"targetUserName": "bwilson", "logonType": "3"}}, "srcuser": "bwilson"}}, {"timestamp": "2026-03-02T17:03:30Z", "@timestamp": "2026-03-02T17:03:30.355Z", "rule": {"id": "60108", "description": "Logon attempted using explicit credentials.", "level": 5, "groups": ["windows", "wazuhbots"], "firedtimes": 118, "mitre": {"id": []}}, "agent": {"id": "002", "name": "dc-srv", "ip": "172.26.0.32"}, "manager": {"name": "wazuh-manager"}, "decoder": {"name": "windows_eventlog"}, "id": "08257383515321179759", "full_log": "WinEvtLog: Security: EVENT(4648): Microsoft-Windows-Security-Auditing: Logon attempted using explicit credentials.", "location": "WinEvtLog:Security", "data": {"win": {"system": {"eventID": "4648", "providerName": "Microsoft-Windows-Security-Auditing", "channel": "Security", "computer": "DC-SRV.wazuhbots.local", "systemTime": "2026-03-02T17:03:30Z"}, "eventdata": {"targetUserName": "svc_sql", "logonType": "3"}}, "srcuser": "svc_sql"}}, {"timestamp": "2026-03-02T17:04:55Z", "@timestamp": "2026-03-02T17:04:55.694Z", "rule": {"id": "60120", "description": "Process creation.", "level": 3, "groups": ["windows", "wazuhbots"], "firedtimes": 74, "mitre": {"id": []}}, "agent": {"id": "002", "name": "dc-srv", "ip": "172.26.0.32"}, "manager": {"name": "wazuh-manager"}, "decoder": {"name": "windows_eventlog"}, "id": "42467297184822080873", "full_log": "WinEvtLog: Security: EVENT(4688): Microsoft-Windows-Security-Auditing: Process creation.", "location": "WinEvtLog:Security", "data": {"win": {"system": {"eventID": "4688", "providerName": "Microsoft-Windows-Security-Auditing", "channel": "Security", "computer": "DC-SRV.wazuhbots.local", "systemTime": "2026-03-02T17:04:55Z"}, "eventdata": {"targetUserName": "bwilson", "logonType": "3"}}, "srcuser": "bwilson"}}, {"timestamp": "2026-03-02T17:05:56Z", "@timestamp": "2026-03-02T17:05:56.580Z", "rule": {"id": "60106", "description": "Windows logon success.", "level": 3, "groups": ["windows", "wazuhbots"], "firedtimes": 51, "mitre": {"id": []}}, "agent": {"id": "002", "name": "dc-srv", "ip": "172.26.0.32"}, "manager": {"name": "wazuh-manager"}, "decoder": {"name": "windows_eventlog"}, "id": "53796767023944829122", "full_log": "WinEvtLog: Security: EVENT(4624): Microsoft-Windows-Security-Auditing: Windows logon success.", "location": "WinEvtLog:Security", "data": {"win": {"system": {"eventID": "4624", "providerName": "Microsoft-Windows-Security-Auditing", "channel": "Security", "computer": "DC-SRV.wazuhbots.local", "systemTime": "2026-03-02T17:05:56Z"}, "eventdata": {"targetUserName": "bwilson", "logonType": "3"}}, "srcuser": "bwilson"}}, {"timestamp": "2026-03-02T17:07:16Z", "@timestamp": "2026-03-02T17:07:16.772Z", "rule": {"id": "60106", "description": "Windows logon success.", "level": 3, "groups": ["windows", "wazuhbots"], "firedtimes": 1, "mitre": {"id": []}}, "agent": {"id": "002", "name": "dc-srv", "ip": "172.26.0.32"}, "manager": {"name": "wazuh-manager"}, "decoder": {"name": "windows_eventlog"}, "id": "56599699549838508018", "full_log": "WinEvtLog: Security: EVENT(4624): Microsoft-Windows-Security-Auditing: Windows logon success.", "location": "WinEvtLog:Security", "data": {"win": {"system": {"eventID": "4624", "providerName": "Microsoft-Windows-Security-Auditing", "channel": "Security", "computer": "DC-SRV.wazuhbots.local", "systemTime": "2026-03-02T17:07:16Z"}, "eventdata": {"targetUserName": "bwilson", "logonType": "3"}}, "srcuser": "bwilson"}}, {"timestamp": "2026-03-02T17:08:35Z", "@timestamp": "2026-03-02T17:08:35.439Z", "rule": {"id": "60160", "description": "New service installed.", "level": 5, "groups": ["windows", "wazuhbots"], "firedtimes": 1, "mitre": {"id": []}}, "agent": {"id": "002", "name": "dc-srv", "ip": "172.26.0.32"}, "manager": {"name": "wazuh-manager"}, "decoder": {"name": "windows_eventlog"}, "id": "08565255559802983923", "full_log": "WinEvtLog: System: EVENT(7045): Microsoft-Windows-Security-Auditing: New service installed.", "location": "WinEvtLog:System", "data": {"win": {"system": {"eventID": "7045", "providerName": "Microsoft-Windows-Security-Auditing", "channel": "System", "computer": "DC-SRV.wazuhbots.local", "systemTime": "2026-03-02T17:08:35Z"}, "eventdata": {"targetUserName": "svc_sql", "logonType": "3"}}, "srcuser": "svc_sql"}}, {"timestamp": "2026-03-02T17:09:51Z", "@timestamp": "2026-03-02T17:09:51.872Z", "rule": {"id": "60108", "description": "Logon attempted using explicit credentials.", "level": 5, "groups": ["windows", "wazuhbots"], "firedtimes": 28, "mitre": {"id": []}}, "agent": {"id": "002", "name": "dc-srv", "ip": "172.26.0.32"}, "manager": {"name": "wazuh-manager"}, "decoder": {"name": "windows_eventlog"}, "id": "50498781851298014017", "full_log": "WinEvtLog: Security: EVENT(4648): Microsoft-Windows-Security-Auditing: Logon attempted using explicit credentials.", "location": "WinEvtLog:Security", "data": {"win": {"system": {"eventID": "4648", "providerName": "Microsoft-Windows-Security-Auditing", "channel": "Security", "computer": "DC-SRV.wazuhbots.local", "systemTime": "2026-03-02T17:09:51Z"}, "eventdata": {"targetUserName": "svc_sql", "logonType": "3"}}, "srcuser": "svc_sql"}}, {"timestamp": "2026-03-02T17:10:57Z", "@timestamp": "2026-03-02T17:10:57.730Z", "rule": {"id": "91801", "description": "PowerShell script block logging.", "level": 3, "groups": ["windows", "wazuhbots"], "firedtimes": 115, "mitre": {"id": []}}, "agent": {"id": "002", "name": "dc-srv", "ip": "172.26.0.32"}, "manager": {"name": "wazuh-manager"}, "decoder": {"name": "windows_eventlog"}, "id": "51762788650817731517", "full_log": "WinEvtLog: Microsoft-Windows-PowerShell/Operational: EVENT(4104): Microsoft-Windows-Security-Auditing: PowerShell script block logging.", "location": "WinEvtLog:Microsoft-Windows-PowerShell/Operational", "data": {"win": {"system": {"eventID": "4104", "providerName": "Microsoft-Windows-Security-Auditing", "channel": "Microsoft-Windows-PowerShell/Operational", "computer": "DC-SRV.wazuhbots.local", "systemTime": "2026-03-02T17:10:57Z"}, "eventdata": {"targetUserName": "jmartin", "logonType": "3"}}, "srcuser": "jmartin"}}, {"timestamp": "2026-03-02T17:12:27Z", "@timestamp": "2026-03-02T17:12:27.523Z", "rule": {"id": "60120", "description": "Process creation.", "level": 3, "groups": ["windows", "wazuhbots"], "firedtimes": 199, "mitre": {"id": []}}, "agent": {"id": "002", "name": "dc-srv", "ip": "172.26.0.32"}, "manager": {"name": "wazuh-manager"}, "decoder": {"name": "windows_eventlog"}, "id": "49653057011472645914", "full_log": "WinEvtLog: Security: EVENT(4688): Microsoft-Windows-Security-Auditing: Process creation.", "location": "WinEvtLog:Security", "data": {"win": {"system": {"eventID": "4688", "providerName": "Microsoft-Windows-Security-Auditing", "channel": "Security", "computer": "DC-SRV.wazuhbots.local", "systemTime": "2026-03-02T17:12:27Z"}, "eventdata": {"targetUserName": "bwilson", "logonType": "3"}}, "srcuser": "bwilson"}}, {"timestamp": "2026-03-02T17:13:31Z", "@timestamp": "2026-03-02T17:13:31.030Z", "rule": {"id": "60108", "description": "Logon attempted using explicit credentials.", "level": 5, "groups": ["windows", "wazuhbots"], "firedtimes": 112, "mitre": {"id": []}}, "agent": {"id": "002", "name": "dc-srv", "ip": "172.26.0.32"}, "manager": {"name": "wazuh-manager"}, "decoder": {"name": "windows_eventlog"}, "id": "90708321135719667205", "full_log": "WinEvtLog: Security: EVENT(4648): Microsoft-Windows-Security-Auditing: Logon attempted using explicit credentials.", "location": "WinEvtLog:Security", "data": {"win": {"system": {"eventID": "4648", "providerName": "Microsoft-Windows-Security-Auditing", "channel": "Security", "computer": "DC-SRV.wazuhbots.local", "systemTime": "2026-03-02T17:13:31Z"}, "eventdata": {"targetUserName": "asmith", "logonType": "3"}}, "srcuser": "asmith"}}, {"timestamp": "2026-03-02T17:14:46Z", "@timestamp": "2026-03-02T17:14:46.026Z", "rule": {"id": "60107", "description": "Windows logoff.", "level": 3, "groups": ["windows", "wazuhbots"], "firedtimes": 184, "mitre": {"id": []}}, "agent": {"id": "002", "name": "dc-srv", "ip": "172.26.0.32"}, "manager": {"name": "wazuh-manager"}, "decoder": {"name": "windows_eventlog"}, "id": "61741775348411771368", "full_log": "WinEvtLog: Security: EVENT(4634): Microsoft-Windows-Security-Auditing: Windows logoff.", "location": "WinEvtLog:Security", "data": {"win": {"system": {"eventID": "4634", "providerName": "Microsoft-Windows-Security-Auditing", "channel": "Security", "computer": "DC-SRV.wazuhbots.local", "systemTime": "2026-03-02T17:14:46Z"}, "eventdata": {"targetUserName": "jmartin", "logonType": "3"}}, "srcuser": "jmartin"}}, {"timestamp": "2026-03-02T17:16:12Z", "@timestamp": "2026-03-02T17:16:12.204Z", "rule": {"id": "60120", "description": "Process creation.", "level": 3, "groups": ["windows", "wazuhbots"], "firedtimes": 52, "mitre": {"id": []}}, "agent": {"id": "002", "name": "dc-srv", "ip": "172.26.0.32"}, "manager": {"name": "wazuh-manager"}, "decoder": {"name": "windows_eventlog"}, "id": "92498747883609323820", "full_log": "WinEvtLog: Security: EVENT(4688): Microsoft-Windows-Security-Auditing: Process creation.", "location": "WinEvtLog:Security", "data": {"win": {"system": {"eventID": "4688", "providerName": "Microsoft-Windows-Security-Auditing", "channel": "Security", "computer": "DC-SRV.wazuhbots.local", "systemTime": "2026-03-02T17:16:12Z"}, "eventdata": {"targetUserName": "jmartin", "logonType": "3"}}, "srcuser": "jmartin"}}, {"timestamp": "2026-03-02T17:17:25Z", "@timestamp": "2026-03-02T17:17:25.567Z", "rule": {"id": "60106", "description": "Windows logon success.", "level": 3, "groups": ["windows", "wazuhbots"], "firedtimes": 156, "mitre": {"id": []}}, "agent": {"id": "002", "name": "dc-srv", "ip": "172.26.0.32"}, "manager": {"name": "wazuh-manager"}, "decoder": {"name": "windows_eventlog"}, "id": "04185170531355625013", "full_log": "WinEvtLog: Security: EVENT(4624): Microsoft-Windows-Security-Auditing: Windows logon success.", "location": "WinEvtLog:Security", "data": {"win": {"system": {"eventID": "4624", "providerName": "Microsoft-Windows-Security-Auditing", "channel": "Security", "computer": "DC-SRV.wazuhbots.local", "systemTime": "2026-03-02T17:17:25Z"}, "eventdata": {"targetUserName": "cjones", "logonType": "3"}}, "srcuser": "cjones"}}, {"timestamp": "2026-03-02T17:18:41Z", "@timestamp": "2026-03-02T17:18:41.230Z", "rule": {"id": "60106", "description": "Windows logon success.", "level": 3, "groups": ["windows", "wazuhbots"], "firedtimes": 73, "mitre": {"id": []}}, "agent": {"id": "002", "name": "dc-srv", "ip": "172.26.0.32"}, "manager": {"name": "wazuh-manager"}, "decoder": {"name": "windows_eventlog"}, "id": "78518146944176815536", "full_log": "WinEvtLog: Security: EVENT(4624): Microsoft-Windows-Security-Auditing: Windows logon success.", "location": "WinEvtLog:Security", "data": {"win": {"system": {"eventID": "4624", "providerName": "Microsoft-Windows-Security-Auditing", "channel": "Security", "computer": "DC-SRV.wazuhbots.local", "systemTime": "2026-03-02T17:18:41Z"}, "eventdata": {"targetUserName": "admin", "logonType": "3"}}, "srcuser": "admin"}}, {"timestamp": "2026-03-02T17:19:57Z", "@timestamp": "2026-03-02T17:19:57.763Z", "rule": {"id": "60160", "description": "New service installed.", "level": 5, "groups": ["windows", "wazuhbots"], "firedtimes": 200, "mitre": {"id": []}}, "agent": {"id": "002", "name": "dc-srv", "ip": "172.26.0.32"}, "manager": {"name": "wazuh-manager"}, "decoder": {"name": "windows_eventlog"}, "id": "25504698755320184356", "full_log": "WinEvtLog: System: EVENT(7045): Microsoft-Windows-Security-Auditing: New service installed.", "location": "WinEvtLog:System", "data": {"win": {"system": {"eventID": "7045", "providerName": "Microsoft-Windows-Security-Auditing", "channel": "System", "computer": "DC-SRV.wazuhbots.local", "systemTime": "2026-03-02T17:19:57Z"}, "eventdata": {"targetUserName": "jmartin", "logonType": "3"}}, "srcuser": "jmartin"}}, {"timestamp": "2026-03-02T17:21:12Z", "@timestamp": "2026-03-02T17:21:12.341Z", "rule": {"id": "60107", "description": "Windows logoff.", "level": 3, "groups": ["windows", "wazuhbots"], "firedtimes": 181, "mitre": {"id": []}}, "agent": {"id": "002", "name": "dc-srv", "ip": "172.26.0.32"}, "manager": {"name": "wazuh-manager"}, "decoder": {"name": "windows_eventlog"}, "id": "79845003839715773278", "full_log": "WinEvtLog: Security: EVENT(4634): Microsoft-Windows-Security-Auditing: Windows logoff.", "location": "WinEvtLog:Security", "data": {"win": {"system": {"eventID": "4634", "providerName": "Microsoft-Windows-Security-Auditing", "channel": "Security", "computer": "DC-SRV.wazuhbots.local", "systemTime": "2026-03-02T17:21:12Z"}, "eventdata": {"targetUserName": "svc_sql", "logonType": "3"}}, "srcuser": "svc_sql"}}, {"timestamp": "2026-03-02T17:22:35Z", "@timestamp": "2026-03-02T17:22:35.336Z", "rule": {"id": "91801", "description": "PowerShell script block logging.", "level": 3, "groups": ["windows", "wazuhbots"], "firedtimes": 139, "mitre": {"id": []}}, "agent": {"id": "002", "name": "dc-srv", "ip": "172.26.0.32"}, "manager": {"name": "wazuh-manager"}, "decoder": {"name": "windows_eventlog"}, "id": "87819872810651967168", "full_log": "WinEvtLog: Microsoft-Windows-PowerShell/Operational: EVENT(4104): Microsoft-Windows-Security-Auditing: PowerShell script block logging.", "location": "WinEvtLog:Microsoft-Windows-PowerShell/Operational", "data": {"win": {"system": {"eventID": "4104", "providerName": "Microsoft-Windows-Security-Auditing", "channel": "Microsoft-Windows-PowerShell/Operational", "computer": "DC-SRV.wazuhbots.local", "systemTime": "2026-03-02T17:22:35Z"}, "eventdata": {"targetUserName": "asmith", "logonType": "3"}}, "srcuser": "asmith"}}, {"timestamp": "2026-03-02T17:23:39Z", "@timestamp": "2026-03-02T17:23:39.160Z", "rule": {"id": "60106", "description": "Windows logon success.", "level": 3, "groups": ["windows", "wazuhbots"], "firedtimes": 86, "mitre": {"id": []}}, "agent": {"id": "002", "name": "dc-srv", "ip": "172.26.0.32"}, "manager": {"name": "wazuh-manager"}, "decoder": {"name": "windows_eventlog"}, "id": "63672391960433576864", "full_log": "WinEvtLog: Security: EVENT(4624): Microsoft-Windows-Security-Auditing: Windows logon success.", "location": "WinEvtLog:Security", "data": {"win": {"system": {"eventID": "4624", "providerName": "Microsoft-Windows-Security-Auditing", "channel": "Security", "computer": "DC-SRV.wazuhbots.local", "systemTime": "2026-03-02T17:23:39Z"}, "eventdata": {"targetUserName": "cjones", "logonType": "3"}}, "srcuser": "cjones"}}, {"timestamp": "2026-03-02T17:24:52Z", "@timestamp": "2026-03-02T17:24:52.949Z", "rule": {"id": "60108", "description": "Logon attempted using explicit credentials.", "level": 5, "groups": ["windows", "wazuhbots"], "firedtimes": 157, "mitre": {"id": []}}, "agent": {"id": "002", "name": "dc-srv", "ip": "172.26.0.32"}, "manager": {"name": "wazuh-manager"}, "decoder": {"name": "windows_eventlog"}, "id": "40093011544531028117", "full_log": "WinEvtLog: Security: EVENT(4648): Microsoft-Windows-Security-Auditing: Logon attempted using explicit credentials.", "location": "WinEvtLog:Security", "data": {"win": {"system": {"eventID": "4648", "providerName": "Microsoft-Windows-Security-Auditing", "channel": "Security", "computer": "DC-SRV.wazuhbots.local", "systemTime": "2026-03-02T17:24:52Z"}, "eventdata": {"targetUserName": "admin", "logonType": "3"}}, "srcuser": "admin"}}, {"timestamp": "2026-03-02T17:26:05Z", "@timestamp": "2026-03-02T17:26:05.308Z", "rule": {"id": "60150", "description": "Windows Filtering Platform connection allowed.", "level": 3, "groups": ["windows", "wazuhbots"], "firedtimes": 164, "mitre": {"id": []}}, "agent": {"id": "002", "name": "dc-srv", "ip": "172.26.0.32"}, "manager": {"name": "wazuh-manager"}, "decoder": {"name": "windows_eventlog"}, "id": "80729043994667541362", "full_log": "WinEvtLog: Security: EVENT(5156): Microsoft-Windows-Security-Auditing: Windows Filtering Platform connection allowed.", "location": "WinEvtLog:Security", "data": {"win": {"system": {"eventID": "5156", "providerName": "Microsoft-Windows-Security-Auditing", "channel": "Security", "computer": "DC-SRV.wazuhbots.local", "systemTime": "2026-03-02T17:26:05Z"}, "eventdata": {"targetUserName": "jmartin", "logonType": "3"}}, "srcuser": "jmartin"}}, {"timestamp": "2026-03-02T17:27:25Z", "@timestamp": "2026-03-02T17:27:25.952Z", "rule": {"id": "60106", "description": "Windows logon success.", "level": 3, "groups": ["windows", "wazuhbots"], "firedtimes": 117, "mitre": {"id": []}}, "agent": {"id": "002", "name": "dc-srv", "ip": "172.26.0.32"}, "manager": {"name": "wazuh-manager"}, "decoder": {"name": "windows_eventlog"}, "id": "17162578617226193048", "full_log": "WinEvtLog: Security: EVENT(4624): Microsoft-Windows-Security-Auditing: Windows logon success.", "location": "WinEvtLog:Security", "data": {"win": {"system": {"eventID": "4624", "providerName": "Microsoft-Windows-Security-Auditing", "channel": "Security", "computer": "DC-SRV.wazuhbots.local", "systemTime": "2026-03-02T17:27:25Z"}, "eventdata": {"targetUserName": "svc_sql", "logonType": "3"}}, "srcuser": "svc_sql"}}, {"timestamp": "2026-03-02T17:28:45Z", "@timestamp": "2026-03-02T17:28:45.066Z", "rule": {"id": "60106", "description": "Windows logon success.", "level": 3, "groups": ["windows", "wazuhbots"], "firedtimes": 187, "mitre": {"id": []}}, "agent": {"id": "002", "name": "dc-srv", "ip": "172.26.0.32"}, "manager": {"name": "wazuh-manager"}, "decoder": {"name": "windows_eventlog"}, "id": "87527050573930451897", "full_log": "WinEvtLog: Security: EVENT(4624): Microsoft-Windows-Security-Auditing: Windows logon success.", "location": "WinEvtLog:Security", "data": {"win": {"system": {"eventID": "4624", "providerName": "Microsoft-Windows-Security-Auditing", "channel": "Security", "computer": "DC-SRV.wazuhbots.local", "systemTime": "2026-03-02T17:28:45Z"}, "eventdata": {"targetUserName": "svc_sql", "logonType": "3"}}, "srcuser": "svc_sql"}}, {"timestamp": "2026-03-02T17:30:10Z", "@timestamp": "2026-03-02T17:30:10.836Z", "rule": {"id": "91801", "description": "PowerShell script block logging.", "level": 3, "groups": ["windows", "wazuhbots"], "firedtimes": 89, "mitre": {"id": []}}, "agent": {"id": "002", "name": "dc-srv", "ip": "172.26.0.32"}, "manager": {"name": "wazuh-manager"}, "decoder": {"name": "windows_eventlog"}, "id": "86989428277940695561", "full_log": "WinEvtLog: Microsoft-Windows-PowerShell/Operational: EVENT(4104): Microsoft-Windows-Security-Auditing: PowerShell script block logging.", "location": "WinEvtLog:Microsoft-Windows-PowerShell/Operational", "data": {"win": {"system": {"eventID": "4104", "providerName": "Microsoft-Windows-Security-Auditing", "channel": "Microsoft-Windows-PowerShell/Operational", "computer": "DC-SRV.wazuhbots.local", "systemTime": "2026-03-02T17:30:10Z"}, "eventdata": {"targetUserName": "asmith", "logonType": "3"}}, "srcuser": "asmith"}}, {"timestamp": "2026-03-02T17:31:08Z", "@timestamp": "2026-03-02T17:31:08.316Z", "rule": {"id": "60106", "description": "Windows logon success.", "level": 3, "groups": ["windows", "wazuhbots"], "firedtimes": 165, "mitre": {"id": []}}, "agent": {"id": "002", "name": "dc-srv", "ip": "172.26.0.32"}, "manager": {"name": "wazuh-manager"}, "decoder": {"name": "windows_eventlog"}, "id": "01318531767079677653", "full_log": "WinEvtLog: Security: EVENT(4624): Microsoft-Windows-Security-Auditing: Windows logon success.", "location": "WinEvtLog:Security", "data": {"win": {"system": {"eventID": "4624", "providerName": "Microsoft-Windows-Security-Auditing", "channel": "Security", "computer": "DC-SRV.wazuhbots.local", "systemTime": "2026-03-02T17:31:08Z"}, "eventdata": {"targetUserName": "admin", "logonType": "3"}}, "srcuser": "admin"}}, {"timestamp": "2026-03-02T17:32:30Z", "@timestamp": "2026-03-02T17:32:30.771Z", "rule": {"id": "60107", "description": "Windows logoff.", "level": 3, "groups": ["windows", "wazuhbots"], "firedtimes": 68, "mitre": {"id": []}}, "agent": {"id": "002", "name": "dc-srv", "ip": "172.26.0.32"}, "manager": {"name": "wazuh-manager"}, "decoder": {"name": "windows_eventlog"}, "id": "57257601569531365605", "full_log": "WinEvtLog: Security: EVENT(4634): Microsoft-Windows-Security-Auditing: Windows logoff.", "location": "WinEvtLog:Security", "data": {"win": {"system": {"eventID": "4634", "providerName": "Microsoft-Windows-Security-Auditing", "channel": "Security", "computer": "DC-SRV.wazuhbots.local", "systemTime": "2026-03-02T17:32:30Z"}, "eventdata": {"targetUserName": "svc_sql", "logonType": "3"}}, "srcuser": "svc_sql"}}, {"timestamp": "2026-03-02T17:33:57Z", "@timestamp": "2026-03-02T17:33:57.990Z", "rule": {"id": "60150", "description": "Windows Filtering Platform connection allowed.", "level": 3, "groups": ["windows", "wazuhbots"], "firedtimes": 105, "mitre": {"id": []}}, "agent": {"id": "002", "name": "dc-srv", "ip": "172.26.0.32"}, "manager": {"name": "wazuh-manager"}, "decoder": {"name": "windows_eventlog"}, "id": "30887009132098401651", "full_log": "WinEvtLog: Security: EVENT(5156): Microsoft-Windows-Security-Auditing: Windows Filtering Platform connection allowed.", "location": "WinEvtLog:Security", "data": {"win": {"system": {"eventID": "5156", "providerName": "Microsoft-Windows-Security-Auditing", "channel": "Security", "computer": "DC-SRV.wazuhbots.local", "systemTime": "2026-03-02T17:33:57Z"}, "eventdata": {"targetUserName": "admin", "logonType": "3"}}, "srcuser": "admin"}}, {"timestamp": "2026-03-02T17:35:10Z", "@timestamp": "2026-03-02T17:35:10.164Z", "rule": {"id": "60110", "description": "Special privileges assigned to new logon.", "level": 3, "groups": ["windows", "wazuhbots"], "firedtimes": 185, "mitre": {"id": []}}, "agent": {"id": "002", "name": "dc-srv", "ip": "172.26.0.32"}, "manager": {"name": "wazuh-manager"}, "decoder": {"name": "windows_eventlog"}, "id": "72498515442629504140", "full_log": "WinEvtLog: Security: EVENT(4672): Microsoft-Windows-Security-Auditing: Special privileges assigned to new logon.", "location": "WinEvtLog:Security", "data": {"win": {"system": {"eventID": "4672", "providerName": "Microsoft-Windows-Security-Auditing", "channel": "Security", "computer": "DC-SRV.wazuhbots.local", "systemTime": "2026-03-02T17:35:10Z"}, "eventdata": {"targetUserName": "cjones", "logonType": "3"}}, "srcuser": "cjones"}}, {"timestamp": "2026-03-02T17:36:22Z", "@timestamp": "2026-03-02T17:36:22.553Z", "rule": {"id": "60160", "description": "New service installed.", "level": 5, "groups": ["windows", "wazuhbots"], "firedtimes": 7, "mitre": {"id": []}}, "agent": {"id": "002", "name": "dc-srv", "ip": "172.26.0.32"}, "manager": {"name": "wazuh-manager"}, "decoder": {"name": "windows_eventlog"}, "id": "05589262693197870518", "full_log": "WinEvtLog: System: EVENT(7045): Microsoft-Windows-Security-Auditing: New service installed.", "location": "WinEvtLog:System", "data": {"win": {"system": {"eventID": "7045", "providerName": "Microsoft-Windows-Security-Auditing", "channel": "System", "computer": "DC-SRV.wazuhbots.local", "systemTime": "2026-03-02T17:36:22Z"}, "eventdata": {"targetUserName": "asmith", "logonType": "3"}}, "srcuser": "asmith"}}, {"timestamp": "2026-03-02T17:37:44Z", "@timestamp": "2026-03-02T17:37:44.183Z", "rule": {"id": "60120", "description": "Process creation.", "level": 3, "groups": ["windows", "wazuhbots"], "firedtimes": 107, "mitre": {"id": []}}, "agent": {"id": "002", "name": "dc-srv", "ip": "172.26.0.32"}, "manager": {"name": "wazuh-manager"}, "decoder": {"name": "windows_eventlog"}, "id": "00216264967855395191", "full_log": "WinEvtLog: Security: EVENT(4688): Microsoft-Windows-Security-Auditing: Process creation.", "location": "WinEvtLog:Security", "data": {"win": {"system": {"eventID": "4688", "providerName": "Microsoft-Windows-Security-Auditing", "channel": "Security", "computer": "DC-SRV.wazuhbots.local", "systemTime": "2026-03-02T17:37:44Z"}, "eventdata": {"targetUserName": "bwilson", "logonType": "3"}}, "srcuser": "bwilson"}}, {"timestamp": "2026-03-02T17:38:42Z", "@timestamp": "2026-03-02T17:38:42.760Z", "rule": {"id": "60120", "description": "Process creation.", "level": 3, "groups": ["windows", "wazuhbots"], "firedtimes": 56, "mitre": {"id": []}}, "agent": {"id": "002", "name": "dc-srv", "ip": "172.26.0.32"}, "manager": {"name": "wazuh-manager"}, "decoder": {"name": "windows_eventlog"}, "id": "95517842446893718897", "full_log": "WinEvtLog: Security: EVENT(4688): Microsoft-Windows-Security-Auditing: Process creation.", "location": "WinEvtLog:Security", "data": {"win": {"system": {"eventID": "4688", "providerName": "Microsoft-Windows-Security-Auditing", "channel": "Security", "computer": "DC-SRV.wazuhbots.local", "systemTime": "2026-03-02T17:38:42Z"}, "eventdata": {"targetUserName": "cjones", "logonType": "3"}}, "srcuser": "cjones"}}, {"timestamp": "2026-03-02T17:40:10Z", "@timestamp": "2026-03-02T17:40:10.797Z", "rule": {"id": "91801", "description": "PowerShell script block logging.", "level": 3, "groups": ["windows", "wazuhbots"], "firedtimes": 185, "mitre": {"id": []}}, "agent": {"id": "002", "name": "dc-srv", "ip": "172.26.0.32"}, "manager": {"name": "wazuh-manager"}, "decoder": {"name": "windows_eventlog"}, "id": "67294440232175299019", "full_log": "WinEvtLog: Microsoft-Windows-PowerShell/Operational: EVENT(4104): Microsoft-Windows-Security-Auditing: PowerShell script block logging.", "location": "WinEvtLog:Microsoft-Windows-PowerShell/Operational", "data": {"win": {"system": {"eventID": "4104", "providerName": "Microsoft-Windows-Security-Auditing", "channel": "Microsoft-Windows-PowerShell/Operational", "computer": "DC-SRV.wazuhbots.local", "systemTime": "2026-03-02T17:40:10Z"}, "eventdata": {"targetUserName": "admin", "logonType": "3"}}, "srcuser": "admin"}}, {"timestamp": "2026-03-02T17:41:29Z", "@timestamp": "2026-03-02T17:41:29.146Z", "rule": {"id": "60120", "description": "Process creation.", "level": 3, "groups": ["windows", "wazuhbots"], "firedtimes": 28, "mitre": {"id": []}}, "agent": {"id": "002", "name": "dc-srv", "ip": "172.26.0.32"}, "manager": {"name": "wazuh-manager"}, "decoder": {"name": "windows_eventlog"}, "id": "49040290932586420858", "full_log": "WinEvtLog: Security: EVENT(4688): Microsoft-Windows-Security-Auditing: Process creation.", "location": "WinEvtLog:Security", "data": {"win": {"system": {"eventID": "4688", "providerName": "Microsoft-Windows-Security-Auditing", "channel": "Security", "computer": "DC-SRV.wazuhbots.local", "systemTime": "2026-03-02T17:41:29Z"}, "eventdata": {"targetUserName": "svc_sql", "logonType": "3"}}, "srcuser": "svc_sql"}}, {"timestamp": "2026-03-02T17:42:34Z", "@timestamp": "2026-03-02T17:42:34.749Z", "rule": {"id": "60108", "description": "Logon attempted using explicit credentials.", "level": 5, "groups": ["windows", "wazuhbots"], "firedtimes": 170, "mitre": {"id": []}}, "agent": {"id": "002", "name": "dc-srv", "ip": "172.26.0.32"}, "manager": {"name": "wazuh-manager"}, "decoder": {"name": "windows_eventlog"}, "id": "76388745194170559317", "full_log": "WinEvtLog: Security: EVENT(4648): Microsoft-Windows-Security-Auditing: Logon attempted using explicit credentials.", "location": "WinEvtLog:Security", "data": {"win": {"system": {"eventID": "4648", "providerName": "Microsoft-Windows-Security-Auditing", "channel": "Security", "computer": "DC-SRV.wazuhbots.local", "systemTime": "2026-03-02T17:42:34Z"}, "eventdata": {"targetUserName": "svc_sql", "logonType": "3"}}, "srcuser": "svc_sql"}}, {"timestamp": "2026-03-02T17:43:45Z", "@timestamp": "2026-03-02T17:43:45.480Z", "rule": {"id": "60150", "description": "Windows Filtering Platform connection allowed.", "level": 3, "groups": ["windows", "wazuhbots"], "firedtimes": 10, "mitre": {"id": []}}, "agent": {"id": "002", "name": "dc-srv", "ip": "172.26.0.32"}, "manager": {"name": "wazuh-manager"}, "decoder": {"name": "windows_eventlog"}, "id": "16049443442098915216", "full_log": "WinEvtLog: Security: EVENT(5156): Microsoft-Windows-Security-Auditing: Windows Filtering Platform connection allowed.", "location": "WinEvtLog:Security", "data": {"win": {"system": {"eventID": "5156", "providerName": "Microsoft-Windows-Security-Auditing", "channel": "Security", "computer": "DC-SRV.wazuhbots.local", "systemTime": "2026-03-02T17:43:45Z"}, "eventdata": {"targetUserName": "jmartin", "logonType": "3"}}, "srcuser": "jmartin"}}, {"timestamp": "2026-03-02T17:45:00Z", "@timestamp": "2026-03-02T17:45:00.273Z", "rule": {"id": "60106", "description": "Windows logon success.", "level": 3, "groups": ["windows", "wazuhbots"], "firedtimes": 12, "mitre": {"id": []}}, "agent": {"id": "002", "name": "dc-srv", "ip": "172.26.0.32"}, "manager": {"name": "wazuh-manager"}, "decoder": {"name": "windows_eventlog"}, "id": "00117022489984144976", "full_log": "WinEvtLog: Security: EVENT(4624): Microsoft-Windows-Security-Auditing: Windows logon success.", "location": "WinEvtLog:Security", "data": {"win": {"system": {"eventID": "4624", "providerName": "Microsoft-Windows-Security-Auditing", "channel": "Security", "computer": "DC-SRV.wazuhbots.local", "systemTime": "2026-03-02T17:45:00Z"}, "eventdata": {"targetUserName": "admin", "logonType": "3"}}, "srcuser": "admin"}}, {"timestamp": "2026-03-02T17:46:35Z", "@timestamp": "2026-03-02T17:46:35.009Z", "rule": {"id": "60106", "description": "Windows logon success.", "level": 3, "groups": ["windows", "wazuhbots"], "firedtimes": 19, "mitre": {"id": []}}, "agent": {"id": "002", "name": "dc-srv", "ip": "172.26.0.32"}, "manager": {"name": "wazuh-manager"}, "decoder": {"name": "windows_eventlog"}, "id": "27762530257375944592", "full_log": "WinEvtLog: Security: EVENT(4624): Microsoft-Windows-Security-Auditing: Windows logon success.", "location": "WinEvtLog:Security", "data": {"win": {"system": {"eventID": "4624", "providerName": "Microsoft-Windows-Security-Auditing", "channel": "Security", "computer": "DC-SRV.wazuhbots.local", "systemTime": "2026-03-02T17:46:35Z"}, "eventdata": {"targetUserName": "jmartin", "logonType": "3"}}, "srcuser": "jmartin"}}, {"timestamp": "2026-03-02T17:47:49Z", "@timestamp": "2026-03-02T17:47:49.036Z", "rule": {"id": "60107", "description": "Windows logoff.", "level": 3, "groups": ["windows", "wazuhbots"], "firedtimes": 107, "mitre": {"id": []}}, "agent": {"id": "002", "name": "dc-srv", "ip": "172.26.0.32"}, "manager": {"name": "wazuh-manager"}, "decoder": {"name": "windows_eventlog"}, "id": "55743275430057384112", "full_log": "WinEvtLog: Security: EVENT(4634): Microsoft-Windows-Security-Auditing: Windows logoff.", "location": "WinEvtLog:Security", "data": {"win": {"system": {"eventID": "4634", "providerName": "Microsoft-Windows-Security-Auditing", "channel": "Security", "computer": "DC-SRV.wazuhbots.local", "systemTime": "2026-03-02T17:47:49Z"}, "eventdata": {"targetUserName": "svc_sql", "logonType": "3"}}, "srcuser": "svc_sql"}}, {"timestamp": "2026-03-02T17:48:48Z", "@timestamp": "2026-03-02T17:48:48.100Z", "rule": {"id": "60108", "description": "Logon attempted using explicit credentials.", "level": 5, "groups": ["windows", "wazuhbots"], "firedtimes": 165, "mitre": {"id": []}}, "agent": {"id": "002", "name": "dc-srv", "ip": "172.26.0.32"}, "manager": {"name": "wazuh-manager"}, "decoder": {"name": "windows_eventlog"}, "id": "32881926292538177574", "full_log": "WinEvtLog: Security: EVENT(4648): Microsoft-Windows-Security-Auditing: Logon attempted using explicit credentials.", "location": "WinEvtLog:Security", "data": {"win": {"system": {"eventID": "4648", "providerName": "Microsoft-Windows-Security-Auditing", "channel": "Security", "computer": "DC-SRV.wazuhbots.local", "systemTime": "2026-03-02T17:48:48Z"}, "eventdata": {"targetUserName": "admin", "logonType": "3"}}, "srcuser": "admin"}}, {"timestamp": "2026-03-02T17:50:21Z", "@timestamp": "2026-03-02T17:50:21.254Z", "rule": {"id": "60108", "description": "Logon attempted using explicit credentials.", "level": 5, "groups": ["windows", "wazuhbots"], "firedtimes": 63, "mitre": {"id": []}}, "agent": {"id": "002", "name": "dc-srv", "ip": "172.26.0.32"}, "manager": {"name": "wazuh-manager"}, "decoder": {"name": "windows_eventlog"}, "id": "53921587935481417176", "full_log": "WinEvtLog: Security: EVENT(4648): Microsoft-Windows-Security-Auditing: Logon attempted using explicit credentials.", "location": "WinEvtLog:Security", "data": {"win": {"system": {"eventID": "4648", "providerName": "Microsoft-Windows-Security-Auditing", "channel": "Security", "computer": "DC-SRV.wazuhbots.local", "systemTime": "2026-03-02T17:50:21Z"}, "eventdata": {"targetUserName": "svc_sql", "logonType": "3"}}, "srcuser": "svc_sql"}}, {"timestamp": "2026-03-02T17:51:31Z", "@timestamp": "2026-03-02T17:51:31.889Z", "rule": {"id": "60108", "description": "Logon attempted using explicit credentials.", "level": 5, "groups": ["windows", "wazuhbots"], "firedtimes": 26, "mitre": {"id": []}}, "agent": {"id": "002", "name": "dc-srv", "ip": "172.26.0.32"}, "manager": {"name": "wazuh-manager"}, "decoder": {"name": "windows_eventlog"}, "id": "42447101464026692933", "full_log": "WinEvtLog: Security: EVENT(4648): Microsoft-Windows-Security-Auditing: Logon attempted using explicit credentials.", "location": "WinEvtLog:Security", "data": {"win": {"system": {"eventID": "4648", "providerName": "Microsoft-Windows-Security-Auditing", "channel": "Security", "computer": "DC-SRV.wazuhbots.local", "systemTime": "2026-03-02T17:51:31Z"}, "eventdata": {"targetUserName": "bwilson", "logonType": "3"}}, "srcuser": "bwilson"}}, {"timestamp": "2026-03-02T17:52:36Z", "@timestamp": "2026-03-02T17:52:36.567Z", "rule": {"id": "91801", "description": "PowerShell script block logging.", "level": 3, "groups": ["windows", "wazuhbots"], "firedtimes": 81, "mitre": {"id": []}}, "agent": {"id": "002", "name": "dc-srv", "ip": "172.26.0.32"}, "manager": {"name": "wazuh-manager"}, "decoder": {"name": "windows_eventlog"}, "id": "29515376841619395857", "full_log": "WinEvtLog: Microsoft-Windows-PowerShell/Operational: EVENT(4104): Microsoft-Windows-Security-Auditing: PowerShell script block logging.", "location": "WinEvtLog:Microsoft-Windows-PowerShell/Operational", "data": {"win": {"system": {"eventID": "4104", "providerName": "Microsoft-Windows-Security-Auditing", "channel": "Microsoft-Windows-PowerShell/Operational", "computer": "DC-SRV.wazuhbots.local", "systemTime": "2026-03-02T17:52:36Z"}, "eventdata": {"targetUserName": "admin", "logonType": "3"}}, "srcuser": "admin"}}, {"timestamp": "2026-03-02T17:54:08Z", "@timestamp": "2026-03-02T17:54:08.675Z", "rule": {"id": "60106", "description": "Windows logon success.", "level": 3, "groups": ["windows", "wazuhbots"], "firedtimes": 10, "mitre": {"id": []}}, "agent": {"id": "002", "name": "dc-srv", "ip": "172.26.0.32"}, "manager": {"name": "wazuh-manager"}, "decoder": {"name": "windows_eventlog"}, "id": "81506732159894113470", "full_log": "WinEvtLog: Security: EVENT(4624): Microsoft-Windows-Security-Auditing: Windows logon success.", "location": "WinEvtLog:Security", "data": {"win": {"system": {"eventID": "4624", "providerName": "Microsoft-Windows-Security-Auditing", "channel": "Security", "computer": "DC-SRV.wazuhbots.local", "systemTime": "2026-03-02T17:54:08Z"}, "eventdata": {"targetUserName": "admin", "logonType": "3"}}, "srcuser": "admin"}}, {"timestamp": "2026-03-02T17:55:06Z", "@timestamp": "2026-03-02T17:55:06.354Z", "rule": {"id": "60150", "description": "Windows Filtering Platform connection allowed.", "level": 3, "groups": ["windows", "wazuhbots"], "firedtimes": 141, "mitre": {"id": []}}, "agent": {"id": "002", "name": "dc-srv", "ip": "172.26.0.32"}, "manager": {"name": "wazuh-manager"}, "decoder": {"name": "windows_eventlog"}, "id": "28550969961058531885", "full_log": "WinEvtLog: Security: EVENT(5156): Microsoft-Windows-Security-Auditing: Windows Filtering Platform connection allowed.", "location": "WinEvtLog:Security", "data": {"win": {"system": {"eventID": "5156", "providerName": "Microsoft-Windows-Security-Auditing", "channel": "Security", "computer": "DC-SRV.wazuhbots.local", "systemTime": "2026-03-02T17:55:06Z"}, "eventdata": {"targetUserName": "svc_sql", "logonType": "3"}}, "srcuser": "svc_sql"}}, {"timestamp": "2026-03-02T17:56:37Z", "@timestamp": "2026-03-02T17:56:37.884Z", "rule": {"id": "60108", "description": "Logon attempted using explicit credentials.", "level": 5, "groups": ["windows", "wazuhbots"], "firedtimes": 48, "mitre": {"id": []}}, "agent": {"id": "002", "name": "dc-srv", "ip": "172.26.0.32"}, "manager": {"name": "wazuh-manager"}, "decoder": {"name": "windows_eventlog"}, "id": "45763747548892587126", "full_log": "WinEvtLog: Security: EVENT(4648): Microsoft-Windows-Security-Auditing: Logon attempted using explicit credentials.", "location": "WinEvtLog:Security", "data": {"win": {"system": {"eventID": "4648", "providerName": "Microsoft-Windows-Security-Auditing", "channel": "Security", "computer": "DC-SRV.wazuhbots.local", "systemTime": "2026-03-02T17:56:37Z"}, "eventdata": {"targetUserName": "svc_sql", "logonType": "3"}}, "srcuser": "svc_sql"}}, 