[{"timestamp": "2026-03-02T00:00:04Z", "@timestamp": "2026-03-02T00:00:04.396Z", "rule": {"id": "60108", "description": "Logon attempted using explicit credentials.", "level": 5, "groups": ["windows", "wazuhbots"], "firedtimes": 44, "mitre": {"id": []}}, "agent": {"id": "002", "name": "dc-srv", "ip": "172.26.0.32"}, "manager": {"name": "wazuh-manager"}, "decoder": {"name": "windows_eventlog"}, "id": "26349025796002115533", "full_log": "WinEvtLog: Security: EVENT(4648): Microsoft-Windows-Security-Auditing: Logon attempted using explicit credentials.", "location": "WinEvtLog:Security", "data": {"win": {"system": {"eventID": "4648", "providerName": "Microsoft-Windows-Security-Auditing", "channel": "Security", "computer": "DC-SRV.wazuhbots.local", "systemTime": "2026-03-02T00:00:04Z"}, "eventdata": {"targetUserName": "asmith", "logonType": "3"}}, "srcuser": "asmith"}}, {"timestamp": "2026-03-02T00:01:22Z", "@timestamp": "2026-03-02T00:01:22.123Z", "rule": {"id": "60107", "description": "Windows logoff.", "level": 3, "groups": ["windows", "wazuhbots"], "firedtimes": 185, "mitre": {"id": []}}, "agent": {"id": "002", "name": "dc-srv", "ip": "172.26.0.32"}, "manager": {"name": "wazuh-manager"}, "decoder": {"name": "windows_eventlog"}, "id": "01616523056770923068", "full_log": "WinEvtLog: Security: EVENT(4634): Microsoft-Windows-Security-Auditing: Windows logoff.", "location": "WinEvtLog:Security", "data": {"win": {"system": {"eventID": "4634", "providerName": "Microsoft-Windows-Security-Auditing", "channel": "Security", "computer": "DC-SRV.wazuhbots.local", "systemTime": "2026-03-02T00:01:22Z"}, "eventdata": {"targetUserName": "svc_sql", "logonType": "3"}}, "srcuser": "svc_sql"}}, {"timestamp": "2026-03-02T00:02:40Z", "@timestamp": "2026-03-02T00:02:40.795Z", "rule": {"id": "60108", "description": "Logon attempted using explicit credentials.", "level": 5, "groups": ["windows", "wazuhbots"], "firedtimes": 177, "mitre": {"id": []}}, "agent": {"id": "002", "name": "dc-srv", "ip": "172.26.0.32"}, "manager": {"name": "wazuh-manager"}, "decoder": {"name": "windows_eventlog"}, "id": "51973715348873703836", "full_log": "WinEvtLog: Security: EVENT(4648): Microsoft-Windows-Security-Auditing: Logon attempted using explicit credentials.", "location": "WinEvtLog:Security", "data": {"win": {"system": {"eventID": "4648", "providerName": "Microsoft-Windows-Security-Auditing", "channel": "Security", "computer": "DC-SRV.wazuhbots.local", "systemTime": "2026-03-02T00:02:40Z"}, "eventdata": {"targetUserName": "svc_sql", "logonType": "3"}}, "srcuser": "svc_sql"}}, {"timestamp": "2026-03-02T00:03:48Z", "@timestamp": "2026-03-02T00:03:48.723Z", "rule": {"id": "60108", "description": "Logon attempted using explicit credentials.", "level": 5, "groups": ["windows", "wazuhbots"], "firedtimes": 118, "mitre": {"id": []}}, "agent": {"id": "002", "name": "dc-srv", "ip": "172.26.0.32"}, "manager": {"name": "wazuh-manager"}, "decoder": {"name": "windows_eventlog"}, "id": "23530599044030435832", "full_log": "WinEvtLog: Security: EVENT(4648): Microsoft-Windows-Security-Auditing: Logon attempted using explicit credentials.", "location": "WinEvtLog:Security", "data": {"win": {"system": {"eventID": "4648", "providerName": "Microsoft-Windows-Security-Auditing", "channel": "Security", "computer": "DC-SRV.wazuhbots.local", "systemTime": "2026-03-02T00:03:48Z"}, "eventdata": {"targetUserName": "jmartin", "logonType": "3"}}, "srcuser": "jmartin"}}, {"timestamp": "2026-03-02T00:04:54Z", "@timestamp": "2026-03-02T00:04:54.054Z", "rule": {"id": "60120", "description": "Process creation.", "level": 3, "groups": ["windows", "wazuhbots"], "firedtimes": 173, "mitre": {"id": []}}, "agent": {"id": "002", "name": "dc-srv", "ip": "172.26.0.32"}, "manager": {"name": "wazuh-manager"}, "decoder": {"name": "windows_eventlog"}, "id": "73021489445278495117", "full_log": "WinEvtLog: Security: EVENT(4688): Microsoft-Windows-Security-Auditing: Process creation.", "location": "WinEvtLog:Security", "data": {"win": {"system": {"eventID": "4688", "providerName": "Microsoft-Windows-Security-Auditing", "channel": "Security", "computer": "DC-SRV.wazuhbots.local", "systemTime": "2026-03-02T00:04:54Z"}, "eventdata": {"targetUserName": "asmith", "logonType": "3"}}, "srcuser": "asmith"}}, {"timestamp": "2026-03-02T00:06:16Z", "@timestamp": "2026-03-02T00:06:16.276Z", "rule": {"id": "60150", "description": "Windows Filtering Platform connection allowed.", "level": 3, "groups": ["windows", "wazuhbots"], "firedtimes": 194, "mitre": {"id": []}}, "agent": {"id": "002", "name": "dc-srv", "ip": "172.26.0.32"}, "manager": {"name": "wazuh-manager"}, "decoder": {"name": "windows_eventlog"}, "id": "77177220529585696481", "full_log": "WinEvtLog: Security: EVENT(5156): Microsoft-Windows-Security-Auditing: Windows Filtering Platform connection allowed.", "location": "WinEvtLog:Security", "data": {"win": {"system": {"eventID": "5156", "providerName": "Microsoft-Windows-Security-Auditing", "channel": "Security", "computer": "DC-SRV.wazuhbots.local", "systemTime": "2026-03-02T00:06:16Z"}, "eventdata": {"targetUserName": "svc_sql", "logonType": "3"}}, "srcuser": "svc_sql"}}, {"timestamp": "2026-03-02T00:07:35Z", "@timestamp": "2026-03-02T00:07:35.710Z", "rule": {"id": "60108", "description": "Logon attempted using explicit credentials.", "level": 5, "groups": ["windows", "wazuhbots"], "firedtimes": 99, "mitre": {"id": []}}, "agent": {"id": "002", "name": "dc-srv", "ip": "172.26.0.32"}, "manager": {"name": "wazuh-manager"}, "decoder": {"name": "windows_eventlog"}, "id": "54842897258975057272", "full_log": "WinEvtLog: Security: EVENT(4648): Microsoft-Windows-Security-Auditing: Logon attempted using explicit credentials.", "location": "WinEvtLog:Security", "data": {"win": {"system": {"eventID": "4648", "providerName": "Microsoft-Windows-Security-Auditing", "channel": "Security", "computer": "DC-SRV.wazuhbots.local", "systemTime": "2026-03-02T00:07:35Z"}, "eventdata": {"targetUserName": "asmith", "logonType": "3"}}, "srcuser": "asmith"}}, {"timestamp": "2026-03-02T00:08:42Z", "@timestamp": "2026-03-02T00:08:42.235Z", "rule": {"id": "60160", "description": "New service installed.", "level": 5, "groups": ["windows", "wazuhbots"], "firedtimes": 11, "mitre": {"id": []}}, "agent": {"id": "002", "name": "dc-srv", "ip": "172.26.0.32"}, "manager": {"name": "wazuh-manager"}, "decoder": {"name": "windows_eventlog"}, "id": "59869324823199275871", "full_log": "WinEvtLog: System: EVENT(7045): Microsoft-Windows-Security-Auditing: New service installed.", "location": "WinEvtLog:System", "data": {"win": {"system": {"eventID": "7045", "providerName": "Microsoft-Windows-Security-Auditing", "channel": "System", "computer": "DC-SRV.wazuhbots.local", "systemTime": "2026-03-02T00:08:42Z"}, "eventdata": {"targetUserName": "asmith", "logonType": "3"}}, "srcuser": "asmith"}}, {"timestamp": "2026-03-02T00:10:02Z", "@timestamp": "2026-03-02T00:10:02.107Z", "rule": {"id": "60107", "description": "Windows logoff.", "level": 3, "groups": ["windows", "wazuhbots"], "firedtimes": 138, "mitre": {"id": []}}, "agent": {"id": "002", "name": "dc-srv", "ip": "172.26.0.32"}, "manager": {"name": "wazuh-manager"}, "decoder": {"name": "windows_eventlog"}, "id": "70877513590534124280", "full_log": "WinEvtLog: Security: EVENT(4634): Microsoft-Windows-Security-Auditing: Windows logoff.", "location": "WinEvtLog:Security", "data": {"win": {"system": {"eventID": "4634", "providerName": "Microsoft-Windows-Security-Auditing", "channel": "Security", "computer": "DC-SRV.wazuhbots.local", "systemTime": "2026-03-02T00:10:02Z"}, "eventdata": {"targetUserName": "jmartin", "logonType": "3"}}, "srcuser": "jmartin"}}, {"timestamp": "2026-03-02T00:11:20Z", "@timestamp": "2026-03-02T00:11:20.285Z", "rule": {"id": "60160", "description": "New service installed.", "level": 5, "groups": ["windows", "wazuhbots"], "firedtimes": 12, "mitre": {"id": []}}, "agent": {"id": "002", "name": "dc-srv", "ip": "172.26.0.32"}, "manager": {"name": "wazuh-manager"}, "decoder": {"name": "windows_eventlog"}, "id": "02951697061112202929", "full_log": "WinEvtLog: System: EVENT(7045): Microsoft-Windows-Security-Auditing: New service installed.", "location": "WinEvtLog:System", "data": {"win": {"system": {"eventID": "7045", "providerName": "Microsoft-Windows-Security-Auditing", "channel": "System", "computer": "DC-SRV.wazuhbots.local", "systemTime": "2026-03-02T00:11:20Z"}, "eventdata": {"targetUserName": "admin", "logonType": "3"}}, "srcuser": "admin"}}, {"timestamp": "2026-03-02T00:12:28Z", "@timestamp": "2026-03-02T00:12:28.756Z", "rule": {"id": "60107", "description": "Windows logoff.", "level": 3, "groups": ["windows", "wazuhbots"], "firedtimes": 4, "mitre": {"id": []}}, "agent": {"id": "002", "name": "dc-srv", "ip": "172.26.0.32"}, "manager": {"name": "wazuh-manager"}, "decoder": {"name": "windows_eventlog"}, "id": "81599389446652561969", "full_log": "WinEvtLog: Security: EVENT(4634): Microsoft-Windows-Security-Auditing: Windows logoff.", "location": "WinEvtLog:Security", "data": {"win": {"system": {"eventID": "4634", "providerName": "Microsoft-Windows-Security-Auditing", "channel": "Security", "computer": "DC-SRV.wazuhbots.local", "systemTime": "2026-03-02T00:12:28Z"}, "eventdata": {"targetUserName": "cjones", "logonType": "3"}}, "srcuser": "cjones"}}, {"timestamp": "2026-03-02T00:13:52Z", "@timestamp": "2026-03-02T00:13:52.312Z", "rule": {"id": "60106", "description": "Windows logon success.", "level": 3, "groups": ["windows", "wazuhbots"], "firedtimes": 45, "mitre": {"id": []}}, "agent": {"id": "002", "name": "dc-srv", "ip": "172.26.0.32"}, "manager": {"name": "wazuh-manager"}, "decoder": {"name": "windows_eventlog"}, "id": "27469218160212297358", "full_log": "WinEvtLog: Security: EVENT(4624): Microsoft-Windows-Security-Auditing: Windows logon success.", "location": "WinEvtLog:Security", "data": {"win": {"system": {"eventID": "4624", "providerName": "Microsoft-Windows-Security-Auditing", "channel": "Security", "computer": "DC-SRV.wazuhbots.local", "systemTime": "2026-03-02T00:13:52Z"}, "eventdata": {"targetUserName": "bwilson", "logonType": "3"}}, "srcuser": "bwilson"}}, {"timestamp": "2026-03-02T00:15:17Z", "@timestamp": "2026-03-02T00:15:17.028Z", "rule": {"id": "60150", "description": "Windows Filtering Platform connection allowed.", "level": 3, "groups": ["windows", "wazuhbots"], "firedtimes": 150, "mitre": {"id": []}}, "agent": {"id": "002", "name": "dc-srv", "ip": "172.26.0.32"}, "manager": {"name": "wazuh-manager"}, "decoder": {"name": "windows_eventlog"}, "id": "62686840242559303270", "full_log": "WinEvtLog: Security: EVENT(5156): Microsoft-Windows-Security-Auditing: Windows Filtering Platform connection allowed.", "location": "WinEvtLog:Security", "data": {"win": {"system": {"eventID": "5156", "providerName": "Microsoft-Windows-Security-Auditing", "channel": "Security", "computer": "DC-SRV.wazuhbots.local", "systemTime": "2026-03-02T00:15:17Z"}, "eventdata": {"targetUserName": "jmartin", "logonType": "3"}}, "srcuser": "jmartin"}}, {"timestamp": "2026-03-02T00:16:29Z", "@timestamp": "2026-03-02T00:16:29.074Z", "rule": {"id": "60107", "description": "Windows logoff.", "level": 3, "groups": ["windows", "wazuhbots"], "firedtimes": 63, "mitre": {"id": []}}, "agent": {"id": "002", "name": "dc-srv", "ip": "172.26.0.32"}, "manager": {"name": "wazuh-manager"}, "decoder": {"name": "windows_eventlog"}, "id": "04449213385813131253", "full_log": "WinEvtLog: Security: EVENT(4634): Microsoft-Windows-Security-Auditing: Windows logoff.", "location": "WinEvtLog:Security", "data": {"win": {"system": {"eventID": "4634", "providerName": "Microsoft-Windows-Security-Auditing", "channel": "Security", "computer": "DC-SRV.wazuhbots.local", "systemTime": "2026-03-02T00:16:29Z"}, "eventdata": {"targetUserName": "jmartin", "logonType": "3"}}, "srcuser": "jmartin"}}, {"timestamp": "2026-03-02T00:17:50Z", "@timestamp": "2026-03-02T00:17:50.296Z", "rule": {"id": "60108", "description": "Logon attempted using explicit credentials.", "level": 5, "groups": ["windows", "wazuhbots"], "firedtimes": 23, "mitre": {"id": []}}, "agent": {"id": "002", "name": "dc-srv", "ip": "172.26.0.32"}, "manager": {"name": "wazuh-manager"}, "decoder": {"name": "windows_eventlog"}, "id": "51529232576095246535", "full_log": "WinEvtLog: Security: EVENT(4648): Microsoft-Windows-Security-Auditing: Logon attempted using explicit credentials.", "location": "WinEvtLog:Security", "data": {"win": {"system": {"eventID": "4648", "providerName": "Microsoft-Windows-Security-Auditing", "channel": "Security", "computer": "DC-SRV.wazuhbots.local", "systemTime": "2026-03-02T00:17:50Z"}, "eventdata": {"targetUserName": "cjones", "logonType": "3"}}, "srcuser": "cjones"}}, {"timestamp": "2026-03-02T00:19:01Z", "@timestamp": "2026-03-02T00:19:01.354Z", "rule": {"id": "91801", "description": "PowerShell script block logging.", "level": 3, "groups": ["windows", "wazuhbots"], "firedtimes": 178, "mitre": {"id": []}}, "agent": {"id": "002", "name": "dc-srv", "ip": "172.26.0.32"}, "manager": {"name": "wazuh-manager"}, "decoder": {"name": "windows_eventlog"}, "id": "88500085357012301187", "full_log": "WinEvtLog: Microsoft-Windows-PowerShell/Operational: EVENT(4104): Microsoft-Windows-Security-Auditing: PowerShell script block logging.", "location": "WinEvtLog:Microsoft-Windows-PowerShell/Operational", "data": {"win": {"system": {"eventID": "4104", "providerName": "Microsoft-Windows-Security-Auditing", "channel": "Microsoft-Windows-PowerShell/Operational", "computer": "DC-SRV.wazuhbots.local", "systemTime": "2026-03-02T00:19:01Z"}, "eventdata": {"targetUserName": "cjones", "logonType": "3"}}, "srcuser": "cjones"}}, {"timestamp": "2026-03-02T00:20:21Z", "@timestamp": "2026-03-02T00:20:21.923Z", "rule": {"id": "60106", "description": "Windows logon success.", "level": 3, "groups": ["windows", "wazuhbots"], "firedtimes": 180, "mitre": {"id": []}}, "agent": {"id": "002", "name": "dc-srv", "ip": "172.26.0.32"}, "manager": {"name": "wazuh-manager"}, "decoder": {"name": "windows_eventlog"}, "id": "37065152930463077099", "full_log": "WinEvtLog: Security: EVENT(4624): Microsoft-Windows-Security-Auditing: Windows logon success.", "location": "WinEvtLog:Security", "data": {"win": {"system": {"eventID": "4624", "providerName": "Microsoft-Windows-Security-Auditing", "channel": "Security", "computer": "DC-SRV.wazuhbots.local", "systemTime": "2026-03-02T00:20:21Z"}, "eventdata": {"targetUserName": "bwilson", "logonType": "3"}}, "srcuser": "bwilson"}}, {"timestamp": "2026-03-02T00:21:23Z", "@timestamp": "2026-03-02T00:21:23.695Z", "rule": {"id": "60107", "description": "Windows logoff.", "level": 3, "groups": ["windows", "wazuhbots"], "firedtimes": 95, "mitre": {"id": []}}, "agent": {"id": "002", "name": "dc-srv", "ip": "172.26.0.32"}, "manager": {"name": "wazuh-manager"}, "decoder": {"name": "windows_eventlog"}, "id": "59835797137664987544", "full_log": "WinEvtLog: Security: EVENT(4634): Microsoft-Windows-Security-Auditing: Windows logoff.", "location": "WinEvtLog:Security", "data": {"win": {"system": {"eventID": "4634", "providerName": "Microsoft-Windows-Security-Auditing", "channel": "Security", "computer": "DC-SRV.wazuhbots.local", "systemTime": "2026-03-02T00:21:23Z"}, "eventdata": {"targetUserName": "bwilson", "logonType": "3"}}, "srcuser": "bwilson"}}, {"timestamp": "2026-03-02T00:22:52Z", "@timestamp": "2026-03-02T00:22:52.684Z", "rule": {"id": "91801", "description": "PowerShell script block logging.", "level": 3, "groups": ["windows", "wazuhbots"], "firedtimes": 31, "mitre": {"id": []}}, "agent": {"id": "002", "name": "dc-srv", "ip": "172.26.0.32"}, "manager": {"name": "wazuh-manager"}, "decoder": {"name": "windows_eventlog"}, "id": "16566631965684039726", "full_log": "WinEvtLog: Microsoft-Windows-PowerShell/Operational: EVENT(4104): Microsoft-Windows-Security-Auditing: PowerShell script block logging.", "location": "WinEvtLog:Microsoft-Windows-PowerShell/Operational", "data": {"win": {"system": {"eventID": "4104", "providerName": "Microsoft-Windows-Security-Auditing", "channel": "Microsoft-Windows-PowerShell/Operational", "computer": "DC-SRV.wazuhbots.local", "systemTime": "2026-03-02T00:22:52Z"}, "eventdata": {"targetUserName": "jmartin", "logonType": "3"}}, "srcuser": "jmartin"}}, {"timestamp": "2026-03-02T00:24:08Z", "@timestamp": "2026-03-02T00:24:08.285Z", "rule": {"id": "91801", "description": "PowerShell script block logging.", "level": 3, "groups": ["windows", "wazuhbots"], "firedtimes": 98, "mitre": {"id": []}}, "agent": {"id": "002", "name": "dc-srv", "ip": "172.26.0.32"}, "manager": {"name": "wazuh-manager"}, "decoder": {"name": "windows_eventlog"}, "id": "23154075248776788322", "full_log": "WinEvtLog: Microsoft-Windows-PowerShell/Operational: EVENT(4104): Microsoft-Windows-Security-Auditing: PowerShell script block logging.", "location": "WinEvtLog:Microsoft-Windows-PowerShell/Operational", "data": {"win": {"system": {"eventID": "4104", "providerName": "Microsoft-Windows-Security-Auditing", "channel": "Microsoft-Windows-PowerShell/Operational", "computer": "DC-SRV.wazuhbots.local", "systemTime": "2026-03-02T00:24:08Z"}, "eventdata": {"targetUserName": "svc_sql", "logonType": "3"}}, "srcuser": "svc_sql"}}, {"timestamp": "2026-03-02T00:25:11Z", "@timestamp": "2026-03-02T00:25:11.403Z", "rule": {"id": "60150", "description": "Windows Filtering Platform connection allowed.", "level": 3, "groups": ["windows", "wazuhbots"], "firedtimes": 82, "mitre": {"id": []}}, "agent": {"id": "002", "name": "dc-srv", "ip": "172.26.0.32"}, "manager": {"name": "wazuh-manager"}, "decoder": {"name": "windows_eventlog"}, "id": "97048588658008390234", "full_log": "WinEvtLog: Security: EVENT(5156): Microsoft-Windows-Security-Auditing: Windows Filtering Platform connection allowed.", "location": "WinEvtLog:Security", "data": {"win": {"system": {"eventID": "5156", "providerName": "Microsoft-Windows-Security-Auditing", "channel": "Security", "computer": "DC-SRV.wazuhbots.local", "systemTime": "2026-03-02T00:25:11Z"}, "eventdata": {"targetUserName": "svc_sql", "logonType": "3"}}, "srcuser": "svc_sql"}}, {"timestamp": "2026-03-02T00:26:27Z", "@timestamp": "2026-03-02T00:26:27.338Z", "rule": {"id": "60150", "description": "Windows Filtering Platform connection allowed.", "level": 3, "groups": ["windows", "wazuhbots"], "firedtimes": 72, "mitre": {"id": []}}, "agent": {"id": "002", "name": "dc-srv", "ip": "172.26.0.32"}, "manager": {"name": "wazuh-manager"}, "decoder": {"name": "windows_eventlog"}, "id": "54888663082032230745", "full_log": "WinEvtLog: Security: EVENT(5156): Microsoft-Windows-Security-Auditing: Windows Filtering Platform connection allowed.", "location": "WinEvtLog:Security", "data": {"win": {"system": {"eventID": "5156", "providerName": "Microsoft-Windows-Security-Auditing", "channel": "Security", "computer": "DC-SRV.wazuhbots.local", "systemTime": "2026-03-02T00:26:27Z"}, "eventdata": {"targetUserName": "bwilson", "logonType": "3"}}, "srcuser": "bwilson"}}, {"timestamp": "2026-03-02T00:27:54Z", "@timestamp": "2026-03-02T00:27:54.800Z", "rule": {"id": "60110", "description": "Special privileges assigned to new logon.", "level": 3, "groups": ["windows", "wazuhbots"], "firedtimes": 32, "mitre": {"id": []}}, "agent": {"id": "002", "name": "dc-srv", "ip": "172.26.0.32"}, "manager": {"name": "wazuh-manager"}, "decoder": {"name": "windows_eventlog"}, "id": "31571848712807849023", "full_log": "WinEvtLog: Security: EVENT(4672): Microsoft-Windows-Security-Auditing: Special privileges assigned to new logon.", "location": "WinEvtLog:Security", "data": {"win": {"system": {"eventID": "4672", "providerName": "Microsoft-Windows-Security-Auditing", "channel": "Security", "computer": "DC-SRV.wazuhbots.local", "systemTime": "2026-03-02T00:27:54Z"}, "eventdata": {"targetUserName": "bwilson", "logonType": "3"}}, "srcuser": "bwilson"}}, {"timestamp": "2026-03-02T00:29:09Z", "@timestamp": "2026-03-02T00:29:09.246Z", "rule": {"id": "91801", "description": "PowerShell script block logging.", "level": 3, "groups": ["windows", "wazuhbots"], "firedtimes": 166, "mitre": {"id": []}}, "agent": {"id": "002", "name": "dc-srv", "ip": "172.26.0.32"}, "manager": {"name": "wazuh-manager"}, "decoder": {"name": "windows_eventlog"}, "id": "54176043469880679554", "full_log": "WinEvtLog: Microsoft-Windows-PowerShell/Operational: EVENT(4104): Microsoft-Windows-Security-Auditing: PowerShell script block logging.", "location": "WinEvtLog:Microsoft-Windows-PowerShell/Operational", "data": {"win": {"system": {"eventID": "4104", "providerName": "Microsoft-Windows-Security-Auditing", "channel": "Microsoft-Windows-PowerShell/Operational", "computer": "DC-SRV.wazuhbots.local", "systemTime": "2026-03-02T00:29:09Z"}, "eventdata": {"targetUserName": "bwilson", "logonType": "3"}}, "srcuser": "bwilson"}}, {"timestamp": "2026-03-02T00:30:22Z", "@timestamp": "2026-03-02T00:30:22.768Z", "rule": {"id": "91801", "description": "PowerShell script block logging.", "level": 3, "groups": ["windows", "wazuhbots"], "firedtimes": 38, "mitre": {"id": []}}, "agent": {"id": "002", "name": "dc-srv", "ip": "172.26.0.32"}, "manager": {"name": "wazuh-manager"}, "decoder": {"name": "windows_eventlog"}, "id": "68050385803209572311", "full_log": "WinEvtLog: Microsoft-Windows-PowerShell/Operational: EVENT(4104): Microsoft-Windows-Security-Auditing: PowerShell script block logging.", "location": "WinEvtLog:Microsoft-Windows-PowerShell/Operational", "data": {"win": {"system": {"eventID": "4104", "providerName": "Microsoft-Windows-Security-Auditing", "channel": "Microsoft-Windows-PowerShell/Operational", "computer": "DC-SRV.wazuhbots.local", "systemTime": "2026-03-02T00:30:22Z"}, "eventdata": {"targetUserName": "admin", "logonType": "3"}}, "srcuser": "admin"}}, {"timestamp": "2026-03-02T00:31:41Z", "@timestamp": "2026-03-02T00:31:41.000Z", "rule": {"id": "91801", "description": "PowerShell script block logging.", "level": 3, "groups": ["windows", "wazuhbots"], "firedtimes": 41, "mitre": {"id": []}}, "agent": {"id": "002", "name": "dc-srv", "ip": "172.26.0.32"}, "manager": {"name": "wazuh-manager"}, "decoder": {"name": "windows_eventlog"}, "id": "40447473085760965245", "full_log": "WinEvtLog: Microsoft-Windows-PowerShell/Operational: EVENT(4104): Microsoft-Windows-Security-Auditing: PowerShell script block logging.", "location": "WinEvtLog:Microsoft-Windows-PowerShell/Operational", "data": {"win": {"system": {"eventID": "4104", "providerName": "Microsoft-Windows-Security-Auditing", "channel": "Microsoft-Windows-PowerShell/Operational", "computer": "DC-SRV.wazuhbots.local", "systemTime": "2026-03-02T00:31:41Z"}, "eventdata": {"targetUserName": "asmith", "logonType": "3"}}, "srcuser": "asmith"}}, {"timestamp": "2026-03-02T00:32:48Z", "@timestamp": "2026-03-02T00:32:48.052Z", "rule": {"id": "60150", "description": "Windows Filtering Platform connection allowed.", "level": 3, "groups": ["windows", "wazuhbots"], "firedtimes": 71, "mitre": {"id": []}}, "agent": {"id": "002", "name": "dc-srv", "ip": "172.26.0.32"}, "manager": {"name": "wazuh-manager"}, "decoder": {"name": "windows_eventlog"}, "id": "64360823447123697558", "full_log": "WinEvtLog: Security: EVENT(5156): Microsoft-Windows-Security-Auditing: Windows Filtering Platform connection allowed.", "location": "WinEvtLog:Security", "data": {"win": {"system": {"eventID": "5156", "providerName": "Microsoft-Windows-Security-Auditing", "channel": "Security", "computer": "DC-SRV.wazuhbots.local", "systemTime": "2026-03-02T00:32:48Z"}, "eventdata": {"targetUserName": "cjones", "logonType": "3"}}, "srcuser": "cjones"}}, {"timestamp": "2026-03-02T00:34:14Z", "@timestamp": "2026-03-02T00:34:14.971Z", "rule": {"id": "60120", "description": "Process creation.", "level": 3, "groups": ["windows", "wazuhbots"], "firedtimes": 104, "mitre": {"id": []}}, "agent": {"id": "002", "name": "dc-srv", "ip": "172.26.0.32"}, "manager": {"name": "wazuh-manager"}, "decoder": {"name": "windows_eventlog"}, "id": "14568660025794298852", "full_log": "WinEvtLog: Security: EVENT(4688): Microsoft-Windows-Security-Auditing: Process creation.", "location": "WinEvtLog:Security", "data": {"win": {"system": {"eventID": "4688", "providerName": "Microsoft-Windows-Security-Auditing", "channel": "Security", "computer": "DC-SRV.wazuhbots.local", "systemTime": "2026-03-02T00:34:14Z"}, "eventdata": {"targetUserName": "admin", "logonType": "3"}}, "srcuser": "admin"}}, {"timestamp": "2026-03-02T00:35:15Z", "@timestamp": "2026-03-02T00:35:15.561Z", "rule": {"id": "60108", "description": "Logon attempted using explicit credentials.", "level": 5, "groups": ["windows", "wazuhbots"], "firedtimes": 31, "mitre": {"id": []}}, "agent": {"id": "002", "name": "dc-srv", "ip": "172.26.0.32"}, "manager": {"name": "wazuh-manager"}, "decoder": {"name": "windows_eventlog"}, "id": "31908718529137149138", "full_log": "WinEvtLog: Security: EVENT(4648): Microsoft-Windows-Security-Auditing: Logon attempted using explicit credentials.", "location": "WinEvtLog:Security", "data": {"win": {"system": {"eventID": "4648", "providerName": "Microsoft-Windows-Security-Auditing", "channel": "Security", "computer": "DC-SRV.wazuhbots.local", "systemTime": "2026-03-02T00:35:15Z"}, "eventdata": {"targetUserName": "admin", "logonType": "3"}}, "srcuser": "admin"}}, {"timestamp": "2026-03-02T00:36:40Z", "@timestamp": "2026-03-02T00:36:40.384Z", "rule": {"id": "60106", "description": "Windows logon success.", "level": 3, "groups": ["windows", "wazuhbots"], "firedtimes": 169, "mitre": {"id": []}}, "agent": {"id": "002", "name": "dc-srv", "ip": "172.26.0.32"}, "manager": {"name": "wazuh-manager"}, "decoder": {"name": "windows_eventlog"}, "id": "60650641148275076716", "full_log": "WinEvtLog: Security: EVENT(4624): Microsoft-Windows-Security-Auditing: Windows logon success.", "location": "WinEvtLog:Security", "data": {"win": {"system": {"eventID": "4624", "providerName": "Microsoft-Windows-Security-Auditing", "channel": "Security", "computer": "DC-SRV.wazuhbots.local", "systemTime": "2026-03-02T00:36:40Z"}, "eventdata": {"targetUserName": "cjones", "logonType": "3"}}, "srcuser": "cjones"}}, {"timestamp": "2026-03-02T00:37:43Z", "@timestamp": "2026-03-02T00:37:43.731Z", "rule": {"id": "60110", "description": "Special privileges assigned to new logon.", "level": 3, "groups": ["windows", "wazuhbots"], "firedtimes": 117, "mitre": {"id": []}}, "agent": {"id": "002", "name": "dc-srv", "ip": "172.26.0.32"}, "manager": {"name": "wazuh-manager"}, "decoder": {"name": "windows_eventlog"}, "id": "99257787895200385904", "full_log": "WinEvtLog: Security: EVENT(4672): Microsoft-Windows-Security-Auditing: Special privileges assigned to new logon.", "location": "WinEvtLog:Security", "data": {"win": {"system": {"eventID": "4672", "providerName": "Microsoft-Windows-Security-Auditing", "channel": "Security", "computer": "DC-SRV.wazuhbots.local", "systemTime": "2026-03-02T00:37:43Z"}, "eventdata": {"targetUserName": "admin", "logonType": "3"}}, "srcuser": "admin"}}, {"timestamp": "2026-03-02T00:38:58Z", "@timestamp": "2026-03-02T00:38:58.194Z", "rule": {"id": "60120", "description": "Process creation.", "level": 3, "groups": ["windows", "wazuhbots"], "firedtimes": 94, "mitre": {"id": []}}, "agent": {"id": "002", "name": "dc-srv", "ip": "172.26.0.32"}, "manager": {"name": "wazuh-manager"}, "decoder": {"name": "windows_eventlog"}, "id": "89667185279995797532", "full_log": "WinEvtLog: Security: EVENT(4688): Microsoft-Windows-Security-Auditing: Process creation.", "location": "WinEvtLog:Security", "data": {"win": {"system": {"eventID": "4688", "providerName": "Microsoft-Windows-Security-Auditing", "channel": "Security", "computer": "DC-SRV.wazuhbots.local", "systemTime": "2026-03-02T00:38:58Z"}, "eventdata": {"targetUserName": "jmartin", "logonType": "3"}}, "srcuser": "jmartin"}}, {"timestamp": "2026-03-02T00:40:15Z", "@timestamp": "2026-03-02T00:40:15.588Z", "rule": {"id": "60106", "description": "Windows logon success.", "level": 3, "groups": ["windows", "wazuhbots"], "firedtimes": 86, "mitre": {"id": []}}, "agent": {"id": "002", "name": "dc-srv", "ip": "172.26.0.32"}, "manager": {"name": "wazuh-manager"}, "decoder": {"name": "windows_eventlog"}, "id": "75318812520578516018", "full_log": "WinEvtLog: Security: EVENT(4624): Microsoft-Windows-Security-Auditing: Windows logon success.", "location": "WinEvtLog:Security", "data": {"win": {"system": {"eventID": "4624", "providerName": "Microsoft-Windows-Security-Auditing", "channel": "Security", "computer": "DC-SRV.wazuhbots.local", "systemTime": "2026-03-02T00:40:15Z"}, "eventdata": {"targetUserName": "asmith", "logonType": "3"}}, "srcuser": "asmith"}}, {"timestamp": "2026-03-02T00:41:40Z", "@timestamp": "2026-03-02T00:41:40.948Z", "rule": {"id": "91801", "description": "PowerShell script block logging.", "level": 3, "groups": ["windows", "wazuhbots"], "firedtimes": 151, "mitre": {"id": []}}, "agent": {"id": "002", "name": "dc-srv", "ip": "172.26.0.32"}, "manager": {"name": "wazuh-manager"}, "decoder": {"name": "windows_eventlog"}, "id": "07001878232836920077", "full_log": "WinEvtLog: Microsoft-Windows-PowerShell/Operational: EVENT(4104): Microsoft-Windows-Security-Auditing: PowerShell script block logging.", "location": "WinEvtLog:Microsoft-Windows-PowerShell/Operational", "data": {"win": {"system": {"eventID": "4104", "providerName": "Microsoft-Windows-Security-Auditing", "channel": "Microsoft-Windows-PowerShell/Operational", "computer": "DC-SRV.wazuhbots.local", "systemTime": "2026-03-02T00:41:40Z"}, "eventdata": {"targetUserName": "bwilson", "logonType": "3"}}, "srcuser": "bwilson"}}, {"timestamp": "2026-03-02T00:43:01Z", "@timestamp": "2026-03-02T00:43:01.722Z", "rule": {"id": "91801", "description": "PowerShell script block logging.", "level": 3, "groups": ["windows", "wazuhbots"], "firedtimes": 200, "mitre": {"id": []}}, "agent": {"id": "002", "name": "dc-srv", "ip": "172.26.0.32"}, "manager": {"name": "wazuh-manager"}, "decoder": {"name": "windows_eventlog"}, "id": "47630353387945484416", "full_log": "WinEvtLog: Microsoft-Windows-PowerShell/Operational: EVENT(4104): Microsoft-Windows-Security-Auditing: PowerShell script block logging.", "location": "WinEvtLog:Microsoft-Windows-PowerShell/Operational", "data": {"win": {"system": {"eventID": "4104", "providerName": "Microsoft-Windows-Security-Auditing", "channel": "Microsoft-Windows-PowerShell/Operational", "computer": "DC-SRV.wazuhbots.local", "systemTime": "2026-03-02T00:43:01Z"}, "eventdata": {"targetUserName": "cjones", "logonType": "3"}}, "srcuser": "cjones"}}, {"timestamp": "2026-03-02T00:44:18Z", "@timestamp": "2026-03-02T00:44:18.968Z", "rule": {"id": "60106", "description": "Windows logon success.", "level": 3, "groups": ["windows", "wazuhbots"], "firedtimes": 127, "mitre": {"id": []}}, "agent": {"id": "002", "name": "dc-srv", "ip": "172.26.0.32"}, "manager": {"name": "wazuh-manager"}, "decoder": {"name": "windows_eventlog"}, "id": "79413345665196500734", "full_log": "WinEvtLog: Security: EVENT(4624): Microsoft-Windows-Security-Auditing: Windows logon success.", "location": "WinEvtLog:Security", "data": {"win": {"system": {"eventID": "4624", "providerName": "Microsoft-Windows-Security-Auditing", "channel": "Security", "computer": "DC-SRV.wazuhbots.local", "systemTime": "2026-03-02T00:44:18Z"}, "eventdata": {"targetUserName": "cjones", "logonType": "3"}}, "srcuser": "cjones"}}, {"timestamp": "2026-03-02T00:45:28Z", "@timestamp": "2026-03-02T00:45:28.988Z", "rule": {"id": "60108", "description": "Logon attempted using explicit credentials.", "level": 5, "groups": ["windows", "wazuhbots"], "firedtimes": 104, "mitre": {"id": []}}, "agent": {"id": "002", "name": "dc-srv", "ip": "172.26.0.32"}, "manager": {"name": "wazuh-manager"}, "decoder": {"name": "windows_eventlog"}, "id": "82831474713683536958", "full_log": "WinEvtLog: Security: EVENT(4648): Microsoft-Windows-Security-Auditing: Logon attempted using explicit credentials.", "location": "WinEvtLog:Security", "data": {"win": {"system": {"eventID": "4648", "providerName": "Microsoft-Windows-Security-Auditing", "channel": "Security", "computer": "DC-SRV.wazuhbots.local", "systemTime": "2026-03-02T00:45:28Z"}, "eventdata": {"targetUserName": "cjones", "logonType": "3"}}, "srcuser": "cjones"}}, {"timestamp": "2026-03-02T00:46:39Z", "@timestamp": "2026-03-02T00:46:39.731Z", "rule": {"id": "60108", "description": "Logon attempted using explicit credentials.", "level": 5, "groups": ["windows", "wazuhbots"], "firedtimes": 198, "mitre": {"id": []}}, "agent": {"id": "002", "name": "dc-srv", "ip": "172.26.0.32"}, "manager": {"name": "wazuh-manager"}, "decoder": {"name": "windows_eventlog"}, "id": "27580256719957763582", "full_log": "WinEvtLog: Security: EVENT(4648): Microsoft-Windows-Security-Auditing: Logon attempted using explicit credentials.", "location": "WinEvtLog:Security", "data": {"win": {"system": {"eventID": "4648", "providerName": "Microsoft-Windows-Security-Auditing", "channel": "Security", "computer": "DC-SRV.wazuhbots.local", "systemTime": "2026-03-02T00:46:39Z"}, "eventdata": {"targetUserName": "jmartin", "logonType": "3"}}, "srcuser": "jmartin"}}, {"timestamp": "2026-03-02T00:48:06Z", "@timestamp": "2026-03-02T00:48:06.795Z", "rule": {"id": "60150", "description": "Windows Filtering Platform connection allowed.", "level": 3, "groups": ["windows", "wazuhbots"], "firedtimes": 160, "mitre": {"id": []}}, "agent": {"id": "002", "name": "dc-srv", "ip": "172.26.0.32"}, "manager": {"name": "wazuh-manager"}, "decoder": {"name": "windows_eventlog"}, "id": "84658989845045114254", "full_log": "WinEvtLog: Security: EVENT(5156): Microsoft-Windows-Security-Auditing: Windows Filtering Platform connection allowed.", "location": "WinEvtLog:Security", "data": {"win": {"system": {"eventID": "5156", "providerName": "Microsoft-Windows-Security-Auditing", "channel": "Security", "computer": "DC-SRV.wazuhbots.local", "systemTime": "2026-03-02T00:48:06Z"}, "eventdata": {"targetUserName": "admin", "logonType": "3"}}, "srcuser": "admin"}}, {"timestamp": "2026-03-02T00:49:14Z", "@timestamp": "2026-03-02T00:49:14.034Z", "rule": {"id": "60107", "description": "Windows logoff.", "level": 3, "groups": ["windows", "wazuhbots"], "firedtimes": 148, "mitre": {"id": []}}, "agent": {"id": "002", "name": "dc-srv", "ip": "172.26.0.32"}, "manager": {"name": "wazuh-manager"}, "decoder": {"name": "windows_eventlog"}, "id": "99669629963118278234", "full_log": "WinEvtLog: Security: EVENT(4634): Microsoft-Windows-Security-Auditing: Windows logoff.", "location": "WinEvtLog:Security", "data": {"win": {"system": {"eventID": "4634", "providerName": "Microsoft-Windows-Security-Auditing", "channel": "Security", "computer": "DC-SRV.wazuhbots.local", "systemTime": "2026-03-02T00:49:14Z"}, "eventdata": {"targetUserName": "bwilson", "logonType": "3"}}, "srcuser": "bwilson"}}, {"timestamp": "2026-03-02T00:50:35Z", "@timestamp": "2026-03-02T00:50:35.998Z", "rule": {"id": "60108", "description": "Logon attempted using explicit credentials.", "level": 5, "groups": ["windows", "wazuhbots"], "firedtimes": 146, "mitre": {"id": []}}, "agent": {"id": "002", "name": "dc-srv", "ip": "172.26.0.32"}, "manager": {"name": "wazuh-manager"}, "decoder": {"name": "windows_eventlog"}, "id": "35512214020192827771", "full_log": "WinEvtLog: Security: EVENT(4648): Microsoft-Windows-Security-Auditing: Logon attempted using explicit credentials.", "location": "WinEvtLog:Security", "data": {"win": {"system": {"eventID": "4648", "providerName": "Microsoft-Windows-Security-Auditing", "channel": "Security", "computer": "DC-SRV.wazuhbots.local", "systemTime": "2026-03-02T00:50:35Z"}, "eventdata": {"targetUserName": "jmartin", "logonType": "3"}}, "srcuser": "jmartin"}}, {"timestamp": "2026-03-02T00:51:54Z", "@timestamp": "2026-03-02T00:51:54.667Z", "rule": {"id": "60160", "description": "New service installed.", "level": 5, "groups": ["windows", "wazuhbots"], "firedtimes": 141, "mitre": {"id": []}}, "agent": {"id": "002", "name": "dc-srv", "ip": "172.26.0.32"}, "manager": {"name": "wazuh-manager"}, "decoder": {"name": "windows_eventlog"}, "id": "11054448926692394141", "full_log": "WinEvtLog: System: EVENT(7045): Microsoft-Windows-Security-Auditing: New service installed.", "location": "WinEvtLog:System", "data": {"win": {"system": {"eventID": "7045", "providerName": "Microsoft-Windows-Security-Auditing", "channel": "System", "computer": "DC-SRV.wazuhbots.local", "systemTime": "2026-03-02T00:51:54Z"}, "eventdata": {"targetUserName": "admin", "logonType": "3"}}, "srcuser": "admin"}}, {"timestamp": "2026-03-02T00:52:56Z", "@timestamp": "2026-03-02T00:52:56.721Z", "rule": {"id": "60120", "description": "Process creation.", "level": 3, "groups": ["windows", "wazuhbots"], "firedtimes": 91, "mitre": {"id": []}}, "agent": {"id": "002", "name": "dc-srv", "ip": "172.26.0.32"}, "manager": {"name": "wazuh-manager"}, "decoder": {"name": "windows_eventlog"}, "id": "76052836434973874893", "full_log": "WinEvtLog: Security: EVENT(4688): Microsoft-Windows-Security-Auditing: Process creation.", "location": "WinEvtLog:Security", "data": {"win": {"system": {"eventID": "4688", "providerName": "Microsoft-Windows-Security-Auditing", "channel": "Security", "computer": "DC-SRV.wazuhbots.local", "systemTime": "2026-03-02T00:52:56Z"}, "eventdata": {"targetUserName": "cjones", "logonType": "3"}}, "srcuser": "cjones"}}, {"timestamp": "2026-03-02T00:54:14Z", "@timestamp": "2026-03-02T00:54:14.257Z", "rule": {"id": "60106", "description": "Windows logon success.", "level": 3, "groups": ["windows", "wazuhbots"], "firedtimes": 45, "mitre": {"id": []}}, "agent": {"id": "002", "name": "dc-srv", "ip": "172.26.0.32"}, "manager": {"name": "wazuh-manager"}, "decoder": {"name": "windows_eventlog"}, "id": "19606521225456486015", "full_log": "WinEvtLog: Security: EVENT(4624): Microsoft-Windows-Security-Auditing: Windows logon success.", "location": "WinEvtLog:Security", "data": {"win": {"system": {"eventID": "4624", "providerName": "Microsoft-Windows-Security-Auditing", "channel": "Security", "computer": "DC-SRV.wazuhbots.local", "systemTime": "2026-03-02T00:54:14Z"}, "eventdata": {"targetUserName": "admin", "logonType": "3"}}, "srcuser": "admin"}}, {"timestamp": "2026-03-02T00:55:40Z", "@timestamp": "2026-03-02T00:55:40.299Z", "rule": {"id": "60107", "description": "Windows logoff.", "level": 3, "groups": ["windows", "wazuhbots"], "firedtimes": 49, "mitre": {"id": []}}, "agent": {"id": "002", "name": "dc-srv", "ip": "172.26.0.32"}, "manager": {"name": "wazuh-manager"}, "decoder": {"name": "windows_eventlog"}, "id": "55595944683664104141", "full_log": "WinEvtLog: Security: EVENT(4634): Microsoft-Windows-Security-Auditing: Windows logoff.", "location": "WinEvtLog:Security", "data": {"win": {"system": {"eventID": "4634", "providerName": "Microsoft-Windows-Security-Auditing", "channel": "Security", "computer": "DC-SRV.wazuhbots.local", "systemTime": "2026-03-02T00:55:40Z"}, "eventdata": {"targetUserName": "cjones", "logonType": "3"}}, "srcuser": "cjones"}}, {"timestamp": "2026-03-02T00:56:49Z", "@timestamp": "2026-03-02T00:56:49.690Z", "rule": {"id": "60110", "description": "Special privileges assigned to new logon.", "level": 3, "groups": ["windows", "wazuhbots"], "firedtimes": 113, "mitre": {"id": []}}, "agent": {"id": "002", "name": "dc-srv", "ip": "172.26.0.32"}, "manager": {"name": "wazuh-manager"}, "decoder": {"name": "windows_eventlog"}, "id": "63608556039913213422", "full_log": "WinEvtLog: Security: EVENT(4672): Microsoft-Windows-Security-Auditing: Special privileges assigned to new logon.", "location": "WinEvtLog:Security", "data": {"win": {"system": {"eventID": "4672", "providerName": "Microsoft-Windows-Security-Auditing", "channel": "Security", "computer": "DC-SRV.wazuhbots.local", "systemTime": "2026-03-02T00:56:49Z"}, "eventdata": {"targetUserName": "asmith", "logonType": "3"}}, "srcuser": "asmith"}}, {"timestamp": "2026-03-02T00:58:12Z", "@timestamp": "2026-03-02T00:58:12.972Z", "rule": {"id": "60160", "description": "New service installed.", "level": 5, "groups": ["windows", "wazuhbots"], "firedtimes": 80, "mitre": {"id": []}}, "agent": {"id": "002", "name": "dc-srv", "ip": "172.26.0.32"}, "manager": {"name": "wazuh-manager"}, "decoder": {"name": "windows_eventlog"}, "id": "90869430531142336289", "full_log": "WinEvtLog: System: EVENT(7045): Microsoft-Windows-Security-Auditing: New service installed.", "location": "WinEvtLog:System", "data": {"win": {"system": {"eventID": "7045", "providerName": "Microsoft-Windows-Security-Auditing", "channel": "System", "computer": "DC-SRV.wazuhbots.local", "systemTime": "2026-03-02T00:58:12Z"}, "eventdata": {"targetUserName": "admin", "logonType": "3"}}, "srcuser": "admin"}}, {"timestamp": "2026-03-02T00:59:10Z", "@timestamp": "2026-03-02T00:59:10.440Z", "rule": {"id": "60108", "description": "Logon attempted using explicit credentials.", "level": 5, "groups": ["windows", "wazuhbots"], "firedtimes": 178, "mitre": {"id": []}}, "agent": {"id": "002", "name": "dc-srv", "ip": "172.26.0.32"}, "manager": {"name": "wazuh-manager"}, "decoder": {"name": "windows_eventlog"}, "id": "74400034886423466894", "full_log": "WinEvtLog: Security: EVENT(4648): Microsoft-Windows-Security-Auditing: Logon attempted using explicit credentials.", "location": "WinEvtLog:Security", "data": {"win": {"system": {"eventID": "4648", "providerName": "Microsoft-Windows-Security-Auditing", "channel": "Security", "computer": "DC-SRV.wazuhbots.local", "systemTime": "2026-03-02T00:59:10Z"}, "eventdata": {"targetUserName": "admin", "logonType": "3"}}, "srcuser": "admin"}}, {"timestamp": "2026-03-02T01:00:41Z", "@timestamp": "2026-03-02T01:00:41.424Z", "rule": {"id": "60120", "description": "Process creation.", "level": 3, "groups": ["windows", "wazuhbots"], "firedtimes": 155, "mitre": {"id": []}}, "agent": {"id": "002", "name": "dc-srv", "ip": "172.26.0.32"}, "manager": {"name": "wazuh-manager"}, "decoder": {"name": "windows_eventlog"}, "id": "39104790726835773587", "full_log": "WinEvtLog: Security: EVENT(4688): Microsoft-Windows-Security-Auditing: Process creation.", "location": "WinEvtLog:Security", "data": {"win": {"system": {"eventID": "4688", "providerName": "Microsoft-Windows-Security-Auditing", "channel": "Security", "computer": "DC-SRV.wazuhbots.local", "systemTime": "2026-03-02T01:00:41Z"}, "eventdata": {"targetUserName": "jmartin", "logonType": "3"}}, "srcuser": "jmartin"}}, {"timestamp": "2026-03-02T01:01:54Z", "@timestamp": "2026-03-02T01:01:54.410Z", "rule": {"id": "60108", "description": "Logon attempted using explicit credentials.", "level": 5, "groups": ["windows", "wazuhbots"], "firedtimes": 115, "mitre": {"id": []}}, "agent": {"id": "002", "name": "dc-srv", "ip": "172.26.0.32"}, "manager": {"name": "wazuh-manager"}, "decoder": {"name": "windows_eventlog"}, "id": "75025025061580888876", "full_log": "WinEvtLog: Security: EVENT(4648): Microsoft-Windows-Security-Auditing: Logon attempted using explicit credentials.", "location": "WinEvtLog:Security", "data": {"win": {"system": {"eventID": "4648", "providerName": "Microsoft-Windows-Security-Auditing", "channel": "Security", "computer": "DC-SRV.wazuhbots.local", "systemTime": "2026-03-02T01:01:54Z"}, "eventdata": {"targetUserName": "cjones", "logonType": "3"}}, "srcuser": "cjones"}}, {"timestamp": "2026-03-02T01:03:09Z", "@timestamp": "2026-03-02T01:03:09.025Z", "rule": {"id": "60150", "description": "Windows Filtering Platform connection allowed.", "level": 3, "groups": ["windows", "wazuhbots"], "firedtimes": 172, "mitre": {"id": []}}, "agent": {"id": "002", "name": "dc-srv", "ip": "172.26.0.32"}, "manager": {"name": "wazuh-manager"}, "decoder": {"name": "windows_eventlog"}, "id": "36125241634467073242", "full_log": "WinEvtLog: Security: EVENT(5156): Microsoft-Windows-Security-Auditing: Windows Filtering Platform connection allowed.", "location": "WinEvtLog:Security", "data": {"win": {"system": {"eventID": "5156", "providerName": "Microsoft-Windows-Security-Auditing", "channel": "Security", "computer": "DC-SRV.wazuhbots.local", "systemTime": "2026-03-02T01:03:09Z"}, "eventdata": {"targetUserName": "svc_sql", "logonType": "3"}}, "srcuser": "svc_sql"}}, {"timestamp": "2026-03-02T01:04:15Z", "@timestamp": "2026-03-02T01:04:15.153Z", "rule": {"id": "60120", "description": "Process creation.", "level": 3, "groups": ["windows", "wazuhbots"], "firedtimes": 48, "mitre": {"id": []}}, "agent": {"id": "002", "name": "dc-srv", "ip": "172.26.0.32"}, "manager": {"name": "wazuh-manager"}, "decoder": {"name": "windows_eventlog"}, "id": "13993412998364050257", "full_log": "WinEvtLog: Security: EVENT(4688): Microsoft-Windows-Security-Auditing: Process creation.", "location": "WinEvtLog:Security", "data": {"win": {"system": {"eventID": "4688", "providerName": "Microsoft-Windows-Security-Auditing", "channel": "Security", "computer": "DC-SRV.wazuhbots.local", "systemTime": "2026-03-02T01:04:15Z"}, "eventdata": {"targetUserName": "jmartin", "logonType": "3"}}, "srcuser": "jmartin"}}, {"timestamp": "2026-03-02T01:05:35Z", "@timestamp": "2026-03-02T01:05:35.864Z", "rule": {"id": "60106", "description": "Windows logon success.", "level": 3, "groups": ["windows", "wazuhbots"], "firedtimes": 11, "mitre": {"id": []}}, "agent": {"id": "002", "name": "dc-srv", "ip": "172.26.0.32"}, "manager": {"name": "wazuh-manager"}, "decoder": {"name": "windows_eventlog"}, "id": "20675665604246224586", "full_log": "WinEvtLog: Security: EVENT(4624): Microsoft-Windows-Security-Auditing: Windows logon success.", "location": "WinEvtLog:Security", "data": {"win": {"system": {"eventID": "4624", "providerName": "Microsoft-Windows-Security-Auditing", "channel": "Security", "computer": "DC-SRV.wazuhbots.local", "systemTime": "2026-03-02T01:05:35Z"}, "eventdata": {"targetUserName": "asmith", "logonType": "3"}}, "srcuser": "asmith"}}, {"timestamp": "2026-03-02T01:07:02Z", "@timestamp": "2026-03-02T01:07:02.858Z", "rule": {"id": "60110", "description": "Special privileges assigned to new logon.", "level": 3, "groups": ["windows", "wazuhbots"], "firedtimes": 81, "mitre": {"id": []}}, "agent": {"id": "002", "name": "dc-srv", "ip": "172.26.0.32"}, "manager": {"name": "wazuh-manager"}, "decoder": {"name": "windows_eventlog"}, "id": "31021511905867949572", "full_log": "WinEvtLog: Security: EVENT(4672): Microsoft-Windows-Security-Auditing: Special privileges assigned to new logon.", "location": "WinEvtLog:Security", "data": {"win": {"system": {"eventID": "4672", "providerName": "Microsoft-Windows-Security-Auditing", "channel": "Security", "computer": "DC-SRV.wazuhbots.local", "systemTime": "2026-03-02T01:07:02Z"}, "eventdata": {"targetUserName": "asmith", "logonType": "3"}}, "srcuser": "asmith"}}, {"timestamp": "2026-03-02T01:08:07Z", "@timestamp": "2026-03-02T01:08:07.988Z", "rule": {"id": "60106", "description": "Windows logon success.", "level": 3, "groups": ["windows", "wazuhbots"], "firedtimes": 178, "mitre": {"id": []}}, "agent": {"id": "002", "name": "dc-srv", "ip": "172.26.0.32"}, "manager": {"name": "wazuh-manager"}, "decoder": {"name": "windows_eventlog"}, "id": "31382447506213547934", "full_log": "WinEvtLog: Security: EVENT(4624): Microsoft-Windows-Security-Auditing: Windows logon success.", "location": "WinEvtLog:Security", "data": {"win": {"system": {"eventID": "4624", "providerName": "Microsoft-Windows-Security-Auditing", "channel": "Security", "computer": "DC-SRV.wazuhbots.local", "systemTime": "2026-03-02T01:08:07Z"}, "eventdata": {"targetUserName": "admin", "logonType": "3"}}, "srcuser": "admin"}}, {"timestamp": "2026-03-02T01:09:33Z", "@timestamp": "2026-03-02T01:09:33.554Z", "rule": {"id": "60107", "description": "Windows logoff.", "level": 3, "groups": ["windows", "wazuhbots"], "firedtimes": 128, "mitre": {"id": []}}, "agent": {"id": "002", "name": "dc-srv", "ip": "172.26.0.32"}, "manager": {"name": "wazuh-manager"}, "decoder": {"name": "windows_eventlog"}, "id": "29935661714541321034", "full_log": "WinEvtLog: Security: EVENT(4634): Microsoft-Windows-Security-Auditing: Windows logoff.", "location": "WinEvtLog:Security", "data": {"win": {"system": {"eventID": "4634", "providerName": "Microsoft-Windows-Security-Auditing", "channel": "Security", "computer": "DC-SRV.wazuhbots.local", "systemTime": "2026-03-02T01:09:33Z"}, "eventdata": {"targetUserName": "asmith", "logonType": "3"}}, "srcuser": "asmith"}}, {"timestamp": "2026-03-02T01:10:38Z", "@timestamp": "2026-03-02T01:10:38.053Z", "rule": {"id": "60150", "description": "Windows Filtering Platform connection allowed.", "level": 3, "groups": ["windows", "wazuhbots"], "firedtimes": 175, "mitre": {"id": []}}, "agent": {"id": "002", "name": "dc-srv", "ip": "172.26.0.32"}, "manager": {"name": "wazuh-manager"}, "decoder": {"name": "windows_eventlog"}, "id": "86827035148033182251", "full_log": "WinEvtLog: Security: EVENT(5156): Microsoft-Windows-Security-Auditing: Windows Filtering Platform connection allowed.", "location": "WinEvtLog:Security", "data": {"win": {"system": {"eventID": "5156", "providerName": "Microsoft-Windows-Security-Auditing", "channel": "Security", "computer": "DC-SRV.wazuhbots.local", "systemTime": "2026-03-02T01:10:38Z"}, "eventdata": {"targetUserName": "jmartin", "logonType": "3"}}, "srcuser": "jmartin"}}, 