{"timestamp": "2026-03-02T09:31:49Z", "@timestamp": "2026-03-02T09:31:49.007Z", "rule": {"id": "60106", "description": "Windows logon success.", "level": 3, "groups": ["windows", "wazuhbots"], "firedtimes": 155, "mitre": {"id": []}}, "agent": {"id": "002", "name": "dc-srv", "ip": "172.26.0.32"}, "manager": {"name": "wazuh-manager"}, "decoder": {"name": "windows_eventlog"}, "id": "20879623271540460816", "full_log": "WinEvtLog: Security: EVENT(4624): Microsoft-Windows-Security-Auditing: Windows logon success.", "location": "WinEvtLog:Security", "data": {"win": {"system": {"eventID": "4624", "providerName": "Microsoft-Windows-Security-Auditing", "channel": "Security", "computer": "DC-SRV.wazuhbots.local", "systemTime": "2026-03-02T09:31:49Z"}, "eventdata": {"targetUserName": "admin", "logonType": "3"}}, "srcuser": "admin"}}, {"timestamp": "2026-03-02T09:32:00Z", "@timestamp": "2026-03-02T09:32:00.127Z", "rule": {"id": "92310", "description": "Sysmon: Process accessed LSASS memory - credential dumping suspected.", "level": 15, "groups": ["windows", "wazuhbots"], "firedtimes": 145, "mitre": {"id": ["T1003.001"]}}, "agent": {"id": "002", "name": "dc-srv", "ip": "172.26.0.32"}, "manager": {"name": "wazuh-manager"}, "decoder": {"name": "windows_eventlog"}, "id": "62403321561026260712", "full_log": "WinEvtLog: Microsoft-Windows-Sysmon/Operational: EVENT(10): Microsoft-Windows-Sysmon: Sysmon: Process accessed LSASS memory - credential dumping suspected.", "location": "WinEvtLog:Microsoft-Windows-Sysmon/Operational", "data": {"win": {"system": {"eventID": "10", "providerName": "Microsoft-Windows-Sysmon", "channel": "Microsoft-Windows-Sysmon/Operational", "computer": "DC-SRV.wazuhbots.local", "systemTime": "2026-03-02T09:32:00Z"}, "eventdata": {"sourceImage": "C:\\Users\\jmartin\\AppData\\Local\\Temp\\mimikatz.exe", "targetImage": "C:\\Windows\\System32\\lsass.exe", "grantedAccess": "0x1010", "callTrace": "C:\\Windows\\SYSTEM32\\ntdll.dll+9d4c4|C:\\Windows\\System32\\KERNELBASE.dll+2c13e", "sourceUser": "wazuhbots.local\\jmartin"}}, "srcuser": "jmartin"}}, {"timestamp": "2026-03-02T09:32:10Z", "@timestamp": "2026-03-02T09:32:10.747Z", "rule": {"id": "92052", "description": "Sysmon: mimikatz.exe module execution - sekurlsa::logonpasswords.", "level": 15, "groups": ["windows", "wazuhbots"], "firedtimes": 54, "mitre": {"id": ["T1003.001"]}}, "agent": {"id": "002", "name": "dc-srv", "ip": "172.26.0.32"}, "manager": {"name": "wazuh-manager"}, "decoder": {"name": "windows_eventlog"}, "id": "46262449758675529686", "full_log": "WinEvtLog: Microsoft-Windows-Sysmon/Operational: EVENT(1): Microsoft-Windows-Sysmon: Sysmon: mimikatz.exe module execution - sekurlsa::logonpasswords.", "location": "WinEvtLog:Microsoft-Windows-Sysmon/Operational", "data": {"win": {"system": {"eventID": "1", "providerName": "Microsoft-Windows-Sysmon", "channel": "Microsoft-Windows-Sysmon/Operational", "computer": "DC-SRV.wazuhbots.local", "systemTime": "2026-03-02T09:32:10Z"}, "eventdata": {"image": "C:\\Users\\jmartin\\AppData\\Local\\Temp\\mimikatz.exe", "commandLine": "mimikatz.exe \"sekurlsa::logonpasswords\" exit", "user": "wazuhbots.local\\jmartin"}}}}, {"timestamp": "2026-03-02T09:32:15Z", "@timestamp": "2026-03-02T09:32:15.025Z", "rule": {"id": "92052", "description": "Sysmon: mimikatz.exe module execution - sekurlsa::wdigest.", "level": 15, "groups": ["windows", "wazuhbots"], "firedtimes": 166, "mitre": {"id": ["T1003.001"]}}, "agent": {"id": "002", "name": "dc-srv", "ip": "172.26.0.32"}, "manager": {"name": "wazuh-manager"}, "decoder": {"name": "windows_eventlog"}, "id": "18698296752442342183", "full_log": "WinEvtLog: Microsoft-Windows-Sysmon/Operational: EVENT(1): Microsoft-Windows-Sysmon: Sysmon: mimikatz.exe module execution - sekurlsa::wdigest.", "location": "WinEvtLog:Microsoft-Windows-Sysmon/Operational", "data": {"win": {"system": {"eventID": "1", "providerName": "Microsoft-Windows-Sysmon", "channel": "Microsoft-Windows-Sysmon/Operational", "computer": "DC-SRV.wazuhbots.local", "systemTime": "2026-03-02T09:32:15Z"}, "eventdata": {"image": "C:\\Users\\jmartin\\AppData\\Local\\Temp\\mimikatz.exe", "commandLine": "mimikatz.exe \"sekurlsa::wdigest\" exit", "user": "wazuhbots.local\\jmartin"}}}}, {"timestamp": "2026-03-02T09:32:20Z", "@timestamp": "2026-03-02T09:32:20.373Z", "rule": {"id": "92052", "description": "Sysmon: mimikatz.exe module execution - lsadump::sam.", "level": 15, "groups": ["windows", "wazuhbots"], "firedtimes": 26, "mitre": {"id": ["T1003.001"]}}, "agent": {"id": "002", "name": "dc-srv", "ip": "172.26.0.32"}, "manager": {"name": "wazuh-manager"}, "decoder": {"name": "windows_eventlog"}, "id": "76437243925501872195", "full_log": "WinEvtLog: Microsoft-Windows-Sysmon/Operational: EVENT(1): Microsoft-Windows-Sysmon: Sysmon: mimikatz.exe module execution - lsadump::sam.", "location": "WinEvtLog:Microsoft-Windows-Sysmon/Operational", "data": {"win": {"system": {"eventID": "1", "providerName": "Microsoft-Windows-Sysmon", "channel": "Microsoft-Windows-Sysmon/Operational", "computer": "DC-SRV.wazuhbots.local", "systemTime": "2026-03-02T09:32:20Z"}, "eventdata": {"image": "C:\\Users\\jmartin\\AppData\\Local\\Temp\\mimikatz.exe", "commandLine": "mimikatz.exe \"lsadump::sam\" exit", "user": "wazuhbots.local\\jmartin"}}}}, {"timestamp": "2026-03-02T09:32:52Z", "@timestamp": "2026-03-02T09:32:52.358Z", "rule": {"id": "60150", "description": "Windows Filtering Platform connection allowed.", "level": 3, "groups": ["windows", "wazuhbots"], "firedtimes": 172, "mitre": {"id": []}}, "agent": {"id": "002", "name": "dc-srv", "ip": "172.26.0.32"}, "manager": {"name": "wazuh-manager"}, "decoder": {"name": "windows_eventlog"}, "id": "49768227485518470367", "full_log": "WinEvtLog: Security: EVENT(5156): Microsoft-Windows-Security-Auditing: Windows Filtering Platform connection allowed.", "location": "WinEvtLog:Security", "data": {"win": {"system": {"eventID": "5156", "providerName": "Microsoft-Windows-Security-Auditing", "channel": "Security", "computer": "DC-SRV.wazuhbots.local", "systemTime": "2026-03-02T09:32:52Z"}, "eventdata": {"targetUserName": "admin", "logonType": "3"}}, "srcuser": "admin"}}, {"timestamp": "2026-03-02T09:34:09Z", "@timestamp": "2026-03-02T09:34:09.630Z", "rule": {"id": "60150", "description": "Windows Filtering Platform connection allowed.", "level": 3, "groups": ["windows", "wazuhbots"], "firedtimes": 199, "mitre": {"id": []}}, "agent": {"id": "002", "name": "dc-srv", "ip": "172.26.0.32"}, "manager": {"name": "wazuh-manager"}, "decoder": {"name": "windows_eventlog"}, "id": "64214528989130826612", "full_log": "WinEvtLog: Security: EVENT(5156): Microsoft-Windows-Security-Auditing: Windows Filtering Platform connection allowed.", "location": "WinEvtLog:Security", "data": {"win": {"system": {"eventID": "5156", "providerName": "Microsoft-Windows-Security-Auditing", "channel": "Security", "computer": "DC-SRV.wazuhbots.local", "systemTime": "2026-03-02T09:34:09Z"}, "eventdata": {"targetUserName": "admin", "logonType": "3"}}, "srcuser": "admin"}}, {"timestamp": "2026-03-02T09:35:34Z", "@timestamp": "2026-03-02T09:35:34.926Z", "rule": {"id": "60160", "description": "New service installed.", "level": 5, "groups": ["windows", "wazuhbots"], "firedtimes": 167, "mitre": {"id": []}}, "agent": {"id": "002", "name": "dc-srv", "ip": "172.26.0.32"}, "manager": {"name": "wazuh-manager"}, "decoder": {"name": "windows_eventlog"}, "id": "44020238351706391567", "full_log": "WinEvtLog: System: EVENT(7045): Microsoft-Windows-Security-Auditing: New service installed.", "location": "WinEvtLog:System", "data": {"win": {"system": {"eventID": "7045", "providerName": "Microsoft-Windows-Security-Auditing", "channel": "System", "computer": "DC-SRV.wazuhbots.local", "systemTime": "2026-03-02T09:35:34Z"}, "eventdata": {"targetUserName": "cjones", "logonType": "3"}}, "srcuser": "cjones"}}, {"timestamp": "2026-03-02T09:36:52Z", "@timestamp": "2026-03-02T09:36:52.216Z", "rule": {"id": "60110", "description": "Special privileges assigned to new logon.", "level": 3, "groups": ["windows", "wazuhbots"], "firedtimes": 189, "mitre": {"id": []}}, "agent": {"id": "002", "name": "dc-srv", "ip": "172.26.0.32"}, "manager": {"name": "wazuh-manager"}, "decoder": {"name": "windows_eventlog"}, "id": "75533319938690197732", "full_log": "WinEvtLog: Security: EVENT(4672): Microsoft-Windows-Security-Auditing: Special privileges assigned to new logon.", "location": "WinEvtLog:Security", "data": {"win": {"system": {"eventID": "4672", "providerName": "Microsoft-Windows-Security-Auditing", "channel": "Security", "computer": "DC-SRV.wazuhbots.local", "systemTime": "2026-03-02T09:36:52Z"}, "eventdata": {"targetUserName": "cjones", "logonType": "3"}}, "srcuser": "cjones"}}, {"timestamp": "2026-03-02T09:38:07Z", "@timestamp": "2026-03-02T09:38:07.154Z", "rule": {"id": "60160", "description": "New service installed.", "level": 5, "groups": ["windows", "wazuhbots"], "firedtimes": 194, "mitre": {"id": []}}, "agent": {"id": "002", "name": "dc-srv", "ip": "172.26.0.32"}, "manager": {"name": "wazuh-manager"}, "decoder": {"name": "windows_eventlog"}, "id": "01592998456969504181", "full_log": "WinEvtLog: System: EVENT(7045): Microsoft-Windows-Security-Auditing: New service installed.", "location": "WinEvtLog:System", "data": {"win": {"system": {"eventID": "7045", "providerName": "Microsoft-Windows-Security-Auditing", "channel": "System", "computer": "DC-SRV.wazuhbots.local", "systemTime": "2026-03-02T09:38:07Z"}, "eventdata": {"targetUserName": "cjones", "logonType": "3"}}, "srcuser": "cjones"}}, {"timestamp": "2026-03-02T09:39:08Z", "@timestamp": "2026-03-02T09:39:08.876Z", "rule": {"id": "60106", "description": "Windows logon success.", "level": 3, "groups": ["windows", "wazuhbots"], "firedtimes": 143, "mitre": {"id": []}}, "agent": {"id": "002", "name": "dc-srv", "ip": "172.26.0.32"}, "manager": {"name": "wazuh-manager"}, "decoder": {"name": "windows_eventlog"}, "id": "56563954205897865801", "full_log": "WinEvtLog: Security: EVENT(4624): Microsoft-Windows-Security-Auditing: Windows logon success.", "location": "WinEvtLog:Security", "data": {"win": {"system": {"eventID": "4624", "providerName": "Microsoft-Windows-Security-Auditing", "channel": "Security", "computer": "DC-SRV.wazuhbots.local", "systemTime": "2026-03-02T09:39:08Z"}, "eventdata": {"targetUserName": "admin", "logonType": "3"}}, "srcuser": "admin"}}, {"timestamp": "2026-03-02T09:40:31Z", "@timestamp": "2026-03-02T09:40:31.186Z", "rule": {"id": "91801", "description": "PowerShell script block logging.", "level": 3, "groups": ["windows", "wazuhbots"], "firedtimes": 150, "mitre": {"id": []}}, "agent": {"id": "002", "name": "dc-srv", "ip": "172.26.0.32"}, "manager": {"name": "wazuh-manager"}, "decoder": {"name": "windows_eventlog"}, "id": "19958064318021969335", "full_log": "WinEvtLog: Microsoft-Windows-PowerShell/Operational: EVENT(4104): Microsoft-Windows-Security-Auditing: PowerShell script block logging.", "location": "WinEvtLog:Microsoft-Windows-PowerShell/Operational", "data": {"win": {"system": {"eventID": "4104", "providerName": "Microsoft-Windows-Security-Auditing", "channel": "Microsoft-Windows-PowerShell/Operational", "computer": "DC-SRV.wazuhbots.local", "systemTime": "2026-03-02T09:40:31Z"}, "eventdata": {"targetUserName": "bwilson", "logonType": "3"}}, "srcuser": "bwilson"}}, {"timestamp": "2026-03-02T09:41:51Z", "@timestamp": "2026-03-02T09:41:51.200Z", "rule": {"id": "60106", "description": "Windows logon success.", "level": 3, "groups": ["windows", "wazuhbots"], "firedtimes": 110, "mitre": {"id": []}}, "agent": {"id": "002", "name": "dc-srv", "ip": "172.26.0.32"}, "manager": {"name": "wazuh-manager"}, "decoder": {"name": "windows_eventlog"}, "id": "38360399020949512871", "full_log": "WinEvtLog: Security: EVENT(4624): Microsoft-Windows-Security-Auditing: Windows logon success.", "location": "WinEvtLog:Security", "data": {"win": {"system": {"eventID": "4624", "providerName": "Microsoft-Windows-Security-Auditing", "channel": "Security", "computer": "DC-SRV.wazuhbots.local", "systemTime": "2026-03-02T09:41:51Z"}, "eventdata": {"targetUserName": "svc_sql", "logonType": "3"}}, "srcuser": "svc_sql"}}, {"timestamp": "2026-03-02T09:43:08Z", "@timestamp": "2026-03-02T09:43:08.126Z", "rule": {"id": "91801", "description": "PowerShell script block logging.", "level": 3, "groups": ["windows", "wazuhbots"], "firedtimes": 200, "mitre": {"id": []}}, "agent": {"id": "002", "name": "dc-srv", "ip": "172.26.0.32"}, "manager": {"name": "wazuh-manager"}, "decoder": {"name": "windows_eventlog"}, "id": "15806840139414282578", "full_log": "WinEvtLog: Microsoft-Windows-PowerShell/Operational: EVENT(4104): Microsoft-Windows-Security-Auditing: PowerShell script block logging.", "location": "WinEvtLog:Microsoft-Windows-PowerShell/Operational", "data": {"win": {"system": {"eventID": "4104", "providerName": "Microsoft-Windows-Security-Auditing", "channel": "Microsoft-Windows-PowerShell/Operational", "computer": "DC-SRV.wazuhbots.local", "systemTime": "2026-03-02T09:43:08Z"}, "eventdata": {"targetUserName": "cjones", "logonType": "3"}}, "srcuser": "cjones"}}, {"timestamp": "2026-03-02T09:44:26Z", "@timestamp": "2026-03-02T09:44:26.933Z", "rule": {"id": "60106", "description": "Windows logon success.", "level": 3, "groups": ["windows", "wazuhbots"], "firedtimes": 200, "mitre": {"id": []}}, "agent": {"id": "002", "name": "dc-srv", "ip": "172.26.0.32"}, "manager": {"name": "wazuh-manager"}, "decoder": {"name": "windows_eventlog"}, "id": "00932368397480107886", "full_log": "WinEvtLog: Security: EVENT(4624): Microsoft-Windows-Security-Auditing: Windows logon success.", "location": "WinEvtLog:Security", "data": {"win": {"system": {"eventID": "4624", "providerName": "Microsoft-Windows-Security-Auditing", "channel": "Security", "computer": "DC-SRV.wazuhbots.local", "systemTime": "2026-03-02T09:44:26Z"}, "eventdata": {"targetUserName": "jmartin", "logonType": "3"}}, "srcuser": "jmartin"}}, {"timestamp": "2026-03-02T09:45:30Z", "@timestamp": "2026-03-02T09:45:30.021Z", "rule": {"id": "91801", "description": "PowerShell script block logging.", "level": 3, "groups": ["windows", "wazuhbots"], "firedtimes": 76, "mitre": {"id": []}}, "agent": {"id": "002", "name": "dc-srv", "ip": "172.26.0.32"}, "manager": {"name": "wazuh-manager"}, "decoder": {"name": "windows_eventlog"}, "id": "94178692064553767948", "full_log": "WinEvtLog: Microsoft-Windows-PowerShell/Operational: EVENT(4104): Microsoft-Windows-Security-Auditing: PowerShell script block logging.", "location": "WinEvtLog:Microsoft-Windows-PowerShell/Operational", "data": {"win": {"system": {"eventID": "4104", "providerName": "Microsoft-Windows-Security-Auditing", "channel": "Microsoft-Windows-PowerShell/Operational", "computer": "DC-SRV.wazuhbots.local", "systemTime": "2026-03-02T09:45:30Z"}, "eventdata": {"targetUserName": "cjones", "logonType": "3"}}, "srcuser": "cjones"}}, {"timestamp": "2026-03-02T09:46:55Z", "@timestamp": "2026-03-02T09:46:55.013Z", "rule": {"id": "60108", "description": "Logon attempted using explicit credentials.", "level": 5, "groups": ["windows", "wazuhbots"], "firedtimes": 183, "mitre": {"id": []}}, "agent": {"id": "002", "name": "dc-srv", "ip": "172.26.0.32"}, "manager": {"name": "wazuh-manager"}, "decoder": {"name": "windows_eventlog"}, "id": "03321175472240915492", "full_log": "WinEvtLog: Security: EVENT(4648): Microsoft-Windows-Security-Auditing: Logon attempted using explicit credentials.", "location": "WinEvtLog:Security", "data": {"win": {"system": {"eventID": "4648", "providerName": "Microsoft-Windows-Security-Auditing", "channel": "Security", "computer": "DC-SRV.wazuhbots.local", "systemTime": "2026-03-02T09:46:55Z"}, "eventdata": {"targetUserName": "asmith", "logonType": "3"}}, "srcuser": "asmith"}}, {"timestamp": "2026-03-02T09:48:06Z", "@timestamp": "2026-03-02T09:48:06.327Z", "rule": {"id": "91801", "description": "PowerShell script block logging.", "level": 3, "groups": ["windows", "wazuhbots"], "firedtimes": 191, "mitre": {"id": []}}, "agent": {"id": "002", "name": "dc-srv", "ip": "172.26.0.32"}, "manager": {"name": "wazuh-manager"}, "decoder": {"name": "windows_eventlog"}, "id": "49477345408623756901", "full_log": "WinEvtLog: Microsoft-Windows-PowerShell/Operational: EVENT(4104): Microsoft-Windows-Security-Auditing: PowerShell script block logging.", "location": "WinEvtLog:Microsoft-Windows-PowerShell/Operational", "data": {"win": {"system": {"eventID": "4104", "providerName": "Microsoft-Windows-Security-Auditing", "channel": "Microsoft-Windows-PowerShell/Operational", "computer": "DC-SRV.wazuhbots.local", "systemTime": "2026-03-02T09:48:06Z"}, "eventdata": {"targetUserName": "bwilson", "logonType": "3"}}, "srcuser": "bwilson"}}, {"timestamp": "2026-03-02T09:49:32Z", "@timestamp": "2026-03-02T09:49:32.876Z", "rule": {"id": "60108", "description": "Logon attempted using explicit credentials.", "level": 5, "groups": ["windows", "wazuhbots"], "firedtimes": 90, "mitre": {"id": []}}, "agent": {"id": "002", "name": "dc-srv", "ip": "172.26.0.32"}, "manager": {"name": "wazuh-manager"}, "decoder": {"name": "windows_eventlog"}, "id": "19697532383562302290", "full_log": "WinEvtLog: Security: EVENT(4648): Microsoft-Windows-Security-Auditing: Logon attempted using explicit credentials.", "location": "WinEvtLog:Security", "data": {"win": {"system": {"eventID": "4648", "providerName": "Microsoft-Windows-Security-Auditing", "channel": "Security", "computer": "DC-SRV.wazuhbots.local", "systemTime": "2026-03-02T09:49:32Z"}, "eventdata": {"targetUserName": "admin", "logonType": "3"}}, "srcuser": "admin"}}, {"timestamp": "2026-03-02T09:50:35Z", "@timestamp": "2026-03-02T09:50:35.074Z", "rule": {"id": "60108", "description": "Logon attempted using explicit credentials.", "level": 5, "groups": ["windows", "wazuhbots"], "firedtimes": 160, "mitre": {"id": []}}, "agent": {"id": "002", "name": "dc-srv", "ip": "172.26.0.32"}, "manager": {"name": "wazuh-manager"}, "decoder": {"name": "windows_eventlog"}, "id": "97931921450693717711", "full_log": "WinEvtLog: Security: EVENT(4648): Microsoft-Windows-Security-Auditing: Logon attempted using explicit credentials.", "location": "WinEvtLog:Security", "data": {"win": {"system": {"eventID": "4648", "providerName": "Microsoft-Windows-Security-Auditing", "channel": "Security", "computer": "DC-SRV.wazuhbots.local", "systemTime": "2026-03-02T09:50:35Z"}, "eventdata": {"targetUserName": "jmartin", "logonType": "3"}}, "srcuser": "jmartin"}}, {"timestamp": "2026-03-02T09:51:55Z", "@timestamp": "2026-03-02T09:51:55.191Z", "rule": {"id": "60106", "description": "Windows logon success.", "level": 3, "groups": ["windows", "wazuhbots"], "firedtimes": 137, "mitre": {"id": []}}, "agent": {"id": "002", "name": "dc-srv", "ip": "172.26.0.32"}, "manager": {"name": "wazuh-manager"}, "decoder": {"name": "windows_eventlog"}, "id": "08520557938456204522", "full_log": "WinEvtLog: Security: EVENT(4624): Microsoft-Windows-Security-Auditing: Windows logon success.", "location": "WinEvtLog:Security", "data": {"win": {"system": {"eventID": "4624", "providerName": "Microsoft-Windows-Security-Auditing", "channel": "Security", "computer": "DC-SRV.wazuhbots.local", "systemTime": "2026-03-02T09:51:55Z"}, "eventdata": {"targetUserName": "asmith", "logonType": "3"}}, "srcuser": "asmith"}}, {"timestamp": "2026-03-02T09:52:00Z", "@timestamp": "2026-03-02T09:52:00.315Z", "rule": {"id": "87910", "description": "Kerberos service ticket requested with RC4 encryption (possible Kerberoasting).", "level": 12, "groups": ["windows", "wazuhbots"], "firedtimes": 129, "mitre": {"id": ["T1558.003"]}}, "agent": {"id": "002", "name": "dc-srv", "ip": "172.26.0.32"}, "manager": {"name": "wazuh-manager"}, "decoder": {"name": "windows_eventlog"}, "id": "72163344461648262665", "full_log": "WinEvtLog: Security: EVENT(4769): Microsoft-Windows-Security-Auditing: Kerberos service ticket requested with RC4 encryption (possible Kerberoasting).", "location": "WinEvtLog:Security", "data": {"win": {"system": {"eventID": "4769", "providerName": "Microsoft-Windows-Security-Auditing", "channel": "Security", "computer": "DC-SRV.wazuhbots.local", "systemTime": "2026-03-02T09:52:00Z"}, "eventdata": {"serviceName": "MSSQLSvc/db-srv.wazuhbots.local:1433", "targetUserName": "db-srv$", "ticketEncryptionType": "0x17", "ticketOptions": "0x40810000", "ipAddress": "::ffff:172.25.0.104", "status": "0x0", "logonGuid": "{79249128-8518}"}}, "srcip": "172.25.0.104", "srcuser": "jmartin"}}, {"timestamp": "2026-03-02T09:52:08Z", "@timestamp": "2026-03-02T09:52:08.424Z", "rule": {"id": "60108", "description": "Kerberos TGS ticket requested.", "level": 6, "groups": ["windows", "wazuhbots"], "firedtimes": 119, "mitre": {"id": ["T1558.003"]}}, "agent": {"id": "002", "name": "dc-srv", "ip": "172.26.0.32"}, "manager": {"name": "wazuh-manager"}, "decoder": {"name": "windows_eventlog"}, "id": "06089627013086862267", "full_log": "WinEvtLog: Security: EVENT(4769): Microsoft-Windows-Security-Auditing: Kerberos TGS ticket requested.", "location": "WinEvtLog:Security", "data": {"win": {"system": {"eventID": "4769", "providerName": "Microsoft-Windows-Security-Auditing", "channel": "Security", "computer": "DC-SRV.wazuhbots.local", "systemTime": "2026-03-02T09:52:08Z"}, "eventdata": {"serviceName": "HTTP/web-srv.wazuhbots.local", "targetUserName": "web-srv$", "ticketEncryptionType": "0x17", "ticketOptions": "0x40810000", "ipAddress": "::ffff:172.25.0.104", "status": "0x0", "logonGuid": "{49303088-1628}"}}, "srcip": "172.25.0.104", "srcuser": "jmartin"}}, {"timestamp": "2026-03-02T09:52:16Z", "@timestamp": "2026-03-02T09:52:16.496Z", "rule": {"id": "60108", "description": "Kerberos TGS ticket requested.", "level": 6, "groups": ["windows", "wazuhbots"], "firedtimes": 5, "mitre": {"id": ["T1558.003"]}}, "agent": {"id": "002", "name": "dc-srv", "ip": "172.26.0.32"}, "manager": {"name": "wazuh-manager"}, "decoder": {"name": "windows_eventlog"}, "id": "58491800108968349233", "full_log": "WinEvtLog: Security: EVENT(4769): Microsoft-Windows-Security-Auditing: Kerberos TGS ticket requested.", "location": "WinEvtLog:Security", "data": {"win": {"system": {"eventID": "4769", "providerName": "Microsoft-Windows-Security-Auditing", "channel": "Security", "computer": "DC-SRV.wazuhbots.local", "systemTime": "2026-03-02T09:52:16Z"}, "eventdata": {"serviceName": "CIFS/file-srv.wazuhbots.local", "targetUserName": "file-srv$", "ticketEncryptionType": "0x17", "ticketOptions": "0x40810000", "ipAddress": "::ffff:172.25.0.104", "status": "0x0", "logonGuid": "{63746864-5248}"}}, "srcip": "172.25.0.104", "srcuser": "jmartin"}}, {"timestamp": "2026-03-02T09:52:24Z", "@timestamp": "2026-03-02T09:52:24.022Z", "rule": {"id": "60108", "description": "Kerberos TGS ticket requested.", "level": 6, "groups": ["windows", "wazuhbots"], "firedtimes": 92, "mitre": {"id": ["T1558.003"]}}, "agent": {"id": "002", "name": "dc-srv", "ip": "172.26.0.32"}, "manager": {"name": "wazuh-manager"}, "decoder": {"name": "windows_eventlog"}, "id": "75365470002850409377", "full_log": "WinEvtLog: Security: EVENT(4769): Microsoft-Windows-Security-Auditing: Kerberos TGS ticket requested.", "location": "WinEvtLog:Security", "data": {"win": {"system": {"eventID": "4769", "providerName": "Microsoft-Windows-Security-Auditing", "channel": "Security", "computer": "DC-SRV.wazuhbots.local", "systemTime": "2026-03-02T09:52:24Z"}, "eventdata": {"serviceName": "MSSQLSvc/db-srv.wazuhbots.local:1434", "targetUserName": "db-srv$", "ticketEncryptionType": "0x17", "ticketOptions": "0x40810000", "ipAddress": "::ffff:172.25.0.104", "status": "0x0", "logonGuid": "{19568007-1545}"}}, "srcip": "172.25.0.104", "srcuser": "jmartin"}}, {"timestamp": "2026-03-02T09:52:32Z", "@timestamp": "2026-03-02T09:52:32.434Z", "rule": {"id": "60108", "description": "Kerberos TGS ticket requested.", "level": 6, "groups": ["windows", "wazuhbots"], "firedtimes": 111, "mitre": {"id": ["T1558.003"]}}, "agent": {"id": "002", "name": "dc-srv", "ip": "172.26.0.32"}, "manager": {"name": "wazuh-manager"}, "decoder": {"name": "windows_eventlog"}, "id": "42524493195779776878", "full_log": "WinEvtLog: Security: EVENT(4769): Microsoft-Windows-Security-Auditing: Kerberos TGS ticket requested.", "location": "WinEvtLog:Security", "data": {"win": {"system": {"eventID": "4769", "providerName": "Microsoft-Windows-Security-Auditing", "channel": "Security", "computer": "DC-SRV.wazuhbots.local", "systemTime": "2026-03-02T09:52:32Z"}, "eventdata": {"serviceName": "HTTP/app-srv.wazuhbots.local", "targetUserName": "app-srv$", "ticketEncryptionType": "0x17", "ticketOptions": "0x40810000", "ipAddress": "::ffff:172.25.0.104", "status": "0x0", "logonGuid": "{00754349-4511}"}}, "srcip": "172.25.0.104", "srcuser": "jmartin"}}, {"timestamp": "2026-03-02T09:52:40Z", "@timestamp": "2026-03-02T09:52:40.927Z", "rule": {"id": "60108", "description": "Kerberos TGS ticket requested.", "level": 6, "groups": ["windows", "wazuhbots"], "firedtimes": 163, "mitre": {"id": ["T1558.003"]}}, "agent": {"id": "002", "name": "dc-srv", "ip": "172.26.0.32"}, "manager": {"name": "wazuh-manager"}, "decoder": {"name": "windows_eventlog"}, "id": "23675513881931260259", "full_log": "WinEvtLog: Security: EVENT(4769): Microsoft-Windows-Security-Auditing: Kerberos TGS ticket requested.", "location": "WinEvtLog:Security", "data": {"win": {"system": {"eventID": "4769", "providerName": "Microsoft-Windows-Security-Auditing", "channel": "Security", "computer": "DC-SRV.wazuhbots.local", "systemTime": "2026-03-02T09:52:40Z"}, "eventdata": {"serviceName": "WSMAN/backup-srv.wazuhbots.local", "targetUserName": "backup-srv$", "ticketEncryptionType": "0x17", "ticketOptions": "0x40810000", "ipAddress": "::ffff:172.25.0.104", "status": "0x0", "logonGuid": "{06027861-5440}"}}, "srcip": "172.25.0.104", "srcuser": "jmartin"}}, {"timestamp": "2026-03-02T09:53:15Z", "@timestamp": "2026-03-02T09:53:15.351Z", "rule": {"id": "60120", "description": "Process creation.", "level": 3, "groups": ["windows", "wazuhbots"], "firedtimes": 68, "mitre": {"id": []}}, "agent": {"id": "002", "name": "dc-srv", "ip": "172.26.0.32"}, "manager": {"name": "wazuh-manager"}, "decoder": {"name": "windows_eventlog"}, "id": "84767273291240365670", "full_log": "WinEvtLog: Security: EVENT(4688): Microsoft-Windows-Security-Auditing: Process creation.", "location": "WinEvtLog:Security", "data": {"win": {"system": {"eventID": "4688", "providerName": "Microsoft-Windows-Security-Auditing", "channel": "Security", "computer": "DC-SRV.wazuhbots.local", "systemTime": "2026-03-02T09:53:15Z"}, "eventdata": {"targetUserName": "jmartin", "logonType": "3"}}, "srcuser": "jmartin"}}, {"timestamp": "2026-03-02T09:54:26Z", "@timestamp": "2026-03-02T09:54:26.482Z", "rule": {"id": "60110", "description": "Special privileges assigned to new logon.", "level": 3, "groups": ["windows", "wazuhbots"], "firedtimes": 24, "mitre": {"id": []}}, "agent": {"id": "002", "name": "dc-srv", "ip": "172.26.0.32"}, "manager": {"name": "wazuh-manager"}, "decoder": {"name": "windows_eventlog"}, "id": "00631035312153441172", "full_log": "WinEvtLog: Security: EVENT(4672): Microsoft-Windows-Security-Auditing: Special privileges assigned to new logon.", "location": "WinEvtLog:Security", "data": {"win": {"system": {"eventID": "4672", "providerName": "Microsoft-Windows-Security-Auditing", "channel": "Security", "computer": "DC-SRV.wazuhbots.local", "systemTime": "2026-03-02T09:54:26Z"}, "eventdata": {"targetUserName": "jmartin", "logonType": "3"}}, "srcuser": "jmartin"}}, {"timestamp": "2026-03-02T09:55:33Z", "@timestamp": "2026-03-02T09:55:33.514Z", "rule": {"id": "60150", "description": "Windows Filtering Platform connection allowed.", "level": 3, "groups": ["windows", "wazuhbots"], "firedtimes": 136, "mitre": {"id": []}}, "agent": {"id": "002", "name": "dc-srv", "ip": "172.26.0.32"}, "manager": {"name": "wazuh-manager"}, "decoder": {"name": "windows_eventlog"}, "id": "70710002277718070738", "full_log": "WinEvtLog: Security: EVENT(5156): Microsoft-Windows-Security-Auditing: Windows Filtering Platform connection allowed.", "location": "WinEvtLog:Security", "data": {"win": {"system": {"eventID": "5156", "providerName": "Microsoft-Windows-Security-Auditing", "channel": "Security", "computer": "DC-SRV.wazuhbots.local", "systemTime": "2026-03-02T09:55:33Z"}, "eventdata": {"targetUserName": "admin", "logonType": "3"}}, "srcuser": "admin"}}, {"timestamp": "2026-03-02T09:57:01Z", "@timestamp": "2026-03-02T09:57:01.790Z", "rule": {"id": "60110", "description": "Special privileges assigned to new logon.", "level": 3, "groups": ["windows", "wazuhbots"], "firedtimes": 179, "mitre": {"id": []}}, "agent": {"id": "002", "name": "dc-srv", "ip": "172.26.0.32"}, "manager": {"name": "wazuh-manager"}, "decoder": {"name": "windows_eventlog"}, "id": "92740723892284837032", "full_log": "WinEvtLog: Security: EVENT(4672): Microsoft-Windows-Security-Auditing: Special privileges assigned to new logon.", "location": "WinEvtLog:Security", "data": {"win": {"system": {"eventID": "4672", "providerName": "Microsoft-Windows-Security-Auditing", "channel": "Security", "computer": "DC-SRV.wazuhbots.local", "systemTime": "2026-03-02T09:57:01Z"}, "eventdata": {"targetUserName": "svc_sql", "logonType": "3"}}, "srcuser": "svc_sql"}}, {"timestamp": "2026-03-02T09:58:12Z", "@timestamp": "2026-03-02T09:58:12.615Z", "rule": {"id": "60120", "description": "Process creation.", "level": 3, "groups": ["windows", "wazuhbots"], "firedtimes": 137, "mitre": {"id": []}}, "agent": {"id": "002", "name": "dc-srv", "ip": "172.26.0.32"}, "manager": {"name": "wazuh-manager"}, "decoder": {"name": "windows_eventlog"}, "id": "73654123037744659703", "full_log": "WinEvtLog: Security: EVENT(4688): Microsoft-Windows-Security-Auditing: Process creation.", "location": "WinEvtLog:Security", "data": {"win": {"system": {"eventID": "4688", "providerName": "Microsoft-Windows-Security-Auditing", "channel": "Security", "computer": "DC-SRV.wazuhbots.local", "systemTime": "2026-03-02T09:58:12Z"}, "eventdata": {"targetUserName": "admin", "logonType": "3"}}, "srcuser": "admin"}}, {"timestamp": "2026-03-02T09:59:19Z", "@timestamp": "2026-03-02T09:59:19.088Z", "rule": {"id": "60120", "description": "Process creation.", "level": 3, "groups": ["windows", "wazuhbots"], "firedtimes": 24, "mitre": {"id": []}}, "agent": {"id": "002", "name": "dc-srv", "ip": "172.26.0.32"}, "manager": {"name": "wazuh-manager"}, "decoder": {"name": "windows_eventlog"}, "id": "21722939596924471963", "full_log": "WinEvtLog: Security: EVENT(4688): Microsoft-Windows-Security-Auditing: Process creation.", "location": "WinEvtLog:Security", "data": {"win": {"system": {"eventID": "4688", "providerName": "Microsoft-Windows-Security-Auditing", "channel": "Security", "computer": "DC-SRV.wazuhbots.local", "systemTime": "2026-03-02T09:59:19Z"}, "eventdata": {"targetUserName": "bwilson", "logonType": "3"}}, "srcuser": "bwilson"}}, {"timestamp": "2026-03-02T10:00:51Z", "@timestamp": "2026-03-02T10:00:51.231Z", "rule": {"id": "60110", "description": "Special privileges assigned to new logon.", "level": 3, "groups": ["windows", "wazuhbots"], "firedtimes": 27, "mitre": {"id": []}}, "agent": {"id": "002", "name": "dc-srv", "ip": "172.26.0.32"}, "manager": {"name": "wazuh-manager"}, "decoder": {"name": "windows_eventlog"}, "id": "62737720212675158014", "full_log": "WinEvtLog: Security: EVENT(4672): Microsoft-Windows-Security-Auditing: Special privileges assigned to new logon.", "location": "WinEvtLog:Security", "data": {"win": {"system": {"eventID": "4672", "providerName": "Microsoft-Windows-Security-Auditing", "channel": "Security", "computer": "DC-SRV.wazuhbots.local", "systemTime": "2026-03-02T10:00:51Z"}, "eventdata": {"targetUserName": "bwilson", "logonType": "3"}}, "srcuser": "bwilson"}}, {"timestamp": "2026-03-02T10:02:02Z", "@timestamp": "2026-03-02T10:02:02.184Z", "rule": {"id": "60106", "description": "Windows logon success.", "level": 3, "groups": ["windows", "wazuhbots"], "firedtimes": 104, "mitre": {"id": []}}, "agent": {"id": "002", "name": "dc-srv", "ip": "172.26.0.32"}, "manager": {"name": "wazuh-manager"}, "decoder": {"name": "windows_eventlog"}, "id": "45773846751967649473", "full_log": "WinEvtLog: Security: EVENT(4624): Microsoft-Windows-Security-Auditing: Windows logon success.", "location": "WinEvtLog:Security", "data": {"win": {"system": {"eventID": "4624", "providerName": "Microsoft-Windows-Security-Auditing", "channel": "Security", "computer": "DC-SRV.wazuhbots.local", "systemTime": "2026-03-02T10:02:02Z"}, "eventdata": {"targetUserName": "asmith", "logonType": "3"}}, "srcuser": "asmith"}}, {"timestamp": "2026-03-02T10:03:07Z", "@timestamp": "2026-03-02T10:03:07.218Z", "rule": {"id": "91801", "description": "PowerShell script block logging.", "level": 3, "groups": ["windows", "wazuhbots"], "firedtimes": 39, "mitre": {"id": []}}, "agent": {"id": "002", "name": "dc-srv", "ip": "172.26.0.32"}, "manager": {"name": "wazuh-manager"}, "decoder": {"name": "windows_eventlog"}, "id": "52801809359495094140", "full_log": "WinEvtLog: Microsoft-Windows-PowerShell/Operational: EVENT(4104): Microsoft-Windows-Security-Auditing: PowerShell script block logging.", "location": "WinEvtLog:Microsoft-Windows-PowerShell/Operational", "data": {"win": {"system": {"eventID": "4104", "providerName": "Microsoft-Windows-Security-Auditing", "channel": "Microsoft-Windows-PowerShell/Operational", "computer": "DC-SRV.wazuhbots.local", "systemTime": "2026-03-02T10:03:07Z"}, "eventdata": {"targetUserName": "svc_sql", "logonType": "3"}}, "srcuser": "svc_sql"}}, {"timestamp": "2026-03-02T10:04:37Z", "@timestamp": "2026-03-02T10:04:37.368Z", "rule": {"id": "60107", "description": "Windows logoff.", "level": 3, "groups": ["windows", "wazuhbots"], "firedtimes": 150, "mitre": {"id": []}}, "agent": {"id": "002", "name": "dc-srv", "ip": "172.26.0.32"}, "manager": {"name": "wazuh-manager"}, "decoder": {"name": "windows_eventlog"}, "id": "88197293853921610158", "full_log": "WinEvtLog: Security: EVENT(4634): Microsoft-Windows-Security-Auditing: Windows logoff.", "location": "WinEvtLog:Security", "data": {"win": {"system": {"eventID": "4634", "providerName": "Microsoft-Windows-Security-Auditing", "channel": "Security", "computer": "DC-SRV.wazuhbots.local", "systemTime": "2026-03-02T10:04:37Z"}, "eventdata": {"targetUserName": "svc_sql", "logonType": "3"}}, "srcuser": "svc_sql"}}, {"timestamp": "2026-03-02T10:05:40Z", "@timestamp": "2026-03-02T10:05:40.064Z", "rule": {"id": "60150", "description": "Windows Filtering Platform connection allowed.", "level": 3, "groups": ["windows", "wazuhbots"], "firedtimes": 92, "mitre": {"id": []}}, "agent": {"id": "002", "name": "dc-srv", "ip": "172.26.0.32"}, "manager": {"name": "wazuh-manager"}, "decoder": {"name": "windows_eventlog"}, "id": "71322535270587874506", "full_log": "WinEvtLog: Security: EVENT(5156): Microsoft-Windows-Security-Auditing: Windows Filtering Platform connection allowed.", "location": "WinEvtLog:Security", "data": {"win": {"system": {"eventID": "5156", "providerName": "Microsoft-Windows-Security-Auditing", "channel": "Security", "computer": "DC-SRV.wazuhbots.local", "systemTime": "2026-03-02T10:05:40Z"}, "eventdata": {"targetUserName": "jmartin", "logonType": "3"}}, "srcuser": "jmartin"}}, {"timestamp": "2026-03-02T10:07:09Z", "@timestamp": "2026-03-02T10:07:09.879Z", "rule": {"id": "60150", "description": "Windows Filtering Platform connection allowed.", "level": 3, "groups": ["windows", "wazuhbots"], "firedtimes": 184, "mitre": {"id": []}}, "agent": {"id": "002", "name": "dc-srv", "ip": "172.26.0.32"}, "manager": {"name": "wazuh-manager"}, "decoder": {"name": "windows_eventlog"}, "id": "71805571717496326100", "full_log": "WinEvtLog: Security: EVENT(5156): Microsoft-Windows-Security-Auditing: Windows Filtering Platform connection allowed.", "location": "WinEvtLog:Security", "data": {"win": {"system": {"eventID": "5156", "providerName": "Microsoft-Windows-Security-Auditing", "channel": "Security", "computer": "DC-SRV.wazuhbots.local", "systemTime": "2026-03-02T10:07:09Z"}, "eventdata": {"targetUserName": "svc_sql", "logonType": "3"}}, "srcuser": "svc_sql"}}, {"timestamp": "2026-03-02T10:08:12Z", "@timestamp": "2026-03-02T10:08:12.499Z", "rule": {"id": "60106", "description": "Windows logon success.", "level": 3, "groups": ["windows", "wazuhbots"], "firedtimes": 28, "mitre": {"id": []}}, "agent": {"id": "002", "name": "dc-srv", "ip": "172.26.0.32"}, "manager": {"name": "wazuh-manager"}, "decoder": {"name": "windows_eventlog"}, "id": "87422471394088982280", "full_log": "WinEvtLog: Security: EVENT(4624): Microsoft-Windows-Security-Auditing: Windows logon success.", "location": "WinEvtLog:Security", "data": {"win": {"system": {"eventID": "4624", "providerName": "Microsoft-Windows-Security-Auditing", "channel": "Security", "computer": "DC-SRV.wazuhbots.local", "systemTime": "2026-03-02T10:08:12Z"}, "eventdata": {"targetUserName": "asmith", "logonType": "3"}}, "srcuser": "asmith"}}, {"timestamp": "2026-03-02T10:09:42Z", "@timestamp": "2026-03-02T10:09:42.099Z", "rule": {"id": "60160", "description": "New service installed.", "level": 5, "groups": ["windows", "wazuhbots"], "firedtimes": 51, "mitre": {"id": []}}, "agent": {"id": "002", "name": "dc-srv", "ip": "172.26.0.32"}, "manager": {"name": "wazuh-manager"}, "decoder": {"name": "windows_eventlog"}, "id": "35590373868807167149", "full_log": "WinEvtLog: System: EVENT(7045): Microsoft-Windows-Security-Auditing: New service installed.", "location": "WinEvtLog:System", "data": {"win": {"system": {"eventID": "7045", "providerName": "Microsoft-Windows-Security-Auditing", "channel": "System", "computer": "DC-SRV.wazuhbots.local", "systemTime": "2026-03-02T10:09:42Z"}, "eventdata": {"targetUserName": "cjones", "logonType": "3"}}, "srcuser": "cjones"}}, {"timestamp": "2026-03-02T10:10:40Z", "@timestamp": "2026-03-02T10:10:40.779Z", "rule": {"id": "60106", "description": "Windows logon success.", "level": 3, "groups": ["windows", "wazuhbots"], "firedtimes": 142, "mitre": {"id": []}}, "agent": {"id": "002", "name": "dc-srv", "ip": "172.26.0.32"}, "manager": {"name": "wazuh-manager"}, "decoder": {"name": "windows_eventlog"}, "id": "33034897361471168978", "full_log": "WinEvtLog: Security: EVENT(4624): Microsoft-Windows-Security-Auditing: Windows logon success.", "location": "WinEvtLog:Security", "data": {"win": {"system": {"eventID": "4624", "providerName": "Microsoft-Windows-Security-Auditing", "channel": "Security", "computer": "DC-SRV.wazuhbots.local", "systemTime": "2026-03-02T10:10:40Z"}, "eventdata": {"targetUserName": "bwilson", "logonType": "3"}}, "srcuser": "bwilson"}}, {"timestamp": "2026-03-02T10:12:00Z", "@timestamp": "2026-03-02T10:12:00.047Z", "rule": {"id": "60106", "description": "Windows logon success - LogonType 3 NTLM - possible Pass-the-Hash.", "level": 10, "groups": ["windows", "wazuhbots"], "firedtimes": 43, "mitre": {"id": ["T1550.002"]}}, "agent": {"id": "002", "name": "dc-srv", "ip": "172.26.0.32"}, "manager": {"name": "wazuh-manager"}, "decoder": {"name": "windows_eventlog"}, "id": "02755670668640114301", "full_log": "WinEvtLog: Security: EVENT(4624): Microsoft-Windows-Security-Auditing: Windows logon success - LogonType 3 NTLM - possible Pass-the-Hash.", "location": "WinEvtLog:Security", "data": {"win": {"system": {"eventID": "4624", "providerName": "Microsoft-Windows-Security-Auditing", "channel": "Security", "computer": "DC-SRV.wazuhbots.local", "systemTime": "2026-03-02T10:12:00Z"}, "eventdata": {"targetUserName": "admin", "targetDomainName": "WAZUHBOTS", "logonType": "3", "authenticationPackageName": "NTLM", "lmPackageName": "NTLM V2", "workstationName": "WS-FINANCE01", "ipAddress": "172.25.0.104", "ipPort": "63171", "logonProcessName": "NtLmSsp", "keyLength": "0"}}, "srcip": "172.25.0.104", "srcuser": "admin"}}, {"timestamp": "2026-03-02T10:12:04Z", "@timestamp": "2026-03-02T10:12:04.812Z", "rule": {"id": "60120", "description": "Process creation.", "level": 3, "groups": ["windows", "wazuhbots"], "firedtimes": 195, "mitre": {"id": []}}, "agent": {"id": "002", "name": "dc-srv", "ip": "172.26.0.32"}, "manager": {"name": "wazuh-manager"}, "decoder": {"name": "windows_eventlog"}, "id": "42424789663422015699", "full_log": "WinEvtLog: Security: EVENT(4688): Microsoft-Windows-Security-Auditing: Process creation.", "location": "WinEvtLog:Security", "data": {"win": {"system": {"eventID": "4688", "providerName": "Microsoft-Windows-Security-Auditing", "channel": "Security", "computer": "DC-SRV.wazuhbots.local", "systemTime": "2026-03-02T10:12:04Z"}, "eventdata": {"targetUserName": "admin", "logonType": "3"}}, "srcuser": "admin"}}, {"timestamp": "2026-03-02T10:13:19Z", "@timestamp": "2026-03-02T10:13:19.676Z", "rule": {"id": "60160", "description": "New service installed.", "level": 5, "groups": ["windows", "wazuhbots"], "firedtimes": 46, "mitre": {"id": []}}, "agent": {"id": "002", "name": "dc-srv", "ip": "172.26.0.32"}, "manager": {"name": "wazuh-manager"}, "decoder": {"name": "windows_eventlog"}, "id": "83623814481242235552", "full_log": "WinEvtLog: System: EVENT(7045): Microsoft-Windows-Security-Auditing: New service installed.", "location": "WinEvtLog:System", "data": {"win": {"system": {"eventID": "7045", "providerName": "Microsoft-Windows-Security-Auditing", "channel": "System", "computer": "DC-SRV.wazuhbots.local", "systemTime": "2026-03-02T10:13:19Z"}, "eventdata": {"targetUserName": "cjones", "logonType": "3"}}, "srcuser": "cjones"}}, {"timestamp": "2026-03-02T10:14:29Z", "@timestamp": "2026-03-02T10:14:29.338Z", "rule": {"id": "60120", "description": "Process creation.", "level": 3, "groups": ["windows", "wazuhbots"], "firedtimes": 193, "mitre": {"id": []}}, "agent": {"id": "002", "name": "dc-srv", "ip": "172.26.0.32"}, "manager": {"name": "wazuh-manager"}, "decoder": {"name": "windows_eventlog"}, "id": "26214409026359651023", "full_log": "WinEvtLog: Security: EVENT(4688): Microsoft-Windows-Security-Auditing: Process creation.", "location": "WinEvtLog:Security", "data": {"win": {"system": {"eventID": "4688", "providerName": "Microsoft-Windows-Security-Auditing", "channel": "Security", "computer": "DC-SRV.wazuhbots.local", "systemTime": "2026-03-02T10:14:29Z"}, "eventdata": {"targetUserName": "admin", "logonType": "3"}}, "srcuser": "admin"}}, {"timestamp": "2026-03-02T10:15:00Z", "@timestamp": "2026-03-02T10:15:00.608Z", "rule": {"id": "60106", "description": "Windows logon success - LogonType 3 NTLM - possible Pass-the-Hash.", "level": 10, "groups": ["windows", "wazuhbots"], "firedtimes": 179, "mitre": {"id": ["T1550.002"]}}, "agent": {"id": "002", "name": "dc-srv", "ip": "172.26.0.32"}, "manager": {"name": "wazuh-manager"}, "decoder": {"name": "windows_eventlog"}, "id": "69995939512160597032", "full_log": "WinEvtLog: Security: EVENT(4624): Microsoft-Windows-Security-Auditing: Windows logon success - LogonType 3 NTLM - possible Pass-the-Hash.", "location": "WinEvtLog:Security", "data": {"win": {"system": {"eventID": "4624", "providerName": "Microsoft-Windows-Security-Auditing", "channel": "Security", "computer": "DC-SRV.wazuhbots.local", "systemTime": "2026-03-02T10:15:00Z"}, "eventdata": {"targetUserName": "svc_sql", "targetDomainName": "WAZUHBOTS", "logonType": "3", "authenticationPackageName": "NTLM", "lmPackageName": "NTLM V2", "workstationName": "WS-FINANCE01", "ipAddress": "172.25.0.104", "ipPort": "56494", "logonProcessName": "NtLmSsp", "keyLength": "0"}}, "srcip": "172.25.0.104", "srcuser": "svc_sql"}}, {"timestamp": "2026-03-02T10:16:01Z", "@timestamp": "2026-03-02T10:16:01.308Z", "rule": {"id": "60107", "description": "Windows logoff.", "level": 3, "groups": ["windows", "wazuhbots"], "firedtimes": 83, "mitre": {"id": []}}, "agent": {"id": "002", "name": "dc-srv", "ip": "172.26.0.32"}, "manager": {"name": "wazuh-manager"}, "decoder": {"name": "windows_eventlog"}, "id": "30810200898243485566", "full_log": "WinEvtLog: Security: EVENT(4634): Microsoft-Windows-Security-Auditing: Windows logoff.", "location": "WinEvtLog:Security", "data": {"win": {"system": {"eventID": "4634", "providerName": "Microsoft-Windows-Security-Auditing", "channel": "Security", "computer": "DC-SRV.wazuhbots.local", "systemTime": "2026-03-02T10:16:01Z"}, "eventdata": {"targetUserName": "bwilson", "logonType": "3"}}, "srcuser": "bwilson"}}, {"timestamp": "2026-03-02T10:17:04Z", "@timestamp": "2026-03-02T10:17:04.141Z", "rule": {"id": "60120", "description": "Process creation.", "level": 3, "groups": ["windows", "wazuhbots"], "firedtimes": 80, "mitre": {"id": []}}, "agent": {"id": "002", "name": "dc-srv", "ip": "172.26.0.32"}, "manager": {"name": "wazuh-manager"}, "decoder": {"name": "windows_eventlog"}, "id": "40028316242019593969", "full_log": "WinEvtLog: Security: EVENT(4688): Microsoft-Windows-Security-Auditing: Process creation.", "location": "WinEvtLog:Security", "data": {"win": {"system": {"eventID": "4688", "providerName": "Microsoft-Windows-Security-Auditing", "channel": "Security", "computer": "DC-SRV.wazuhbots.local", "systemTime": "2026-03-02T10:17:04Z"}, "eventdata": {"targetUserName": "jmartin", "logonType": "3"}}, "srcuser": "jmartin"}}, {"timestamp": "2026-03-02T10:18:00Z", "@timestamp": "2026-03-02T10:18:00.247Z", "rule": {"id": "60106", "description": "Windows logon success - LogonType 3 NTLM - possible Pass-the-Hash.", "level": 10, "groups": ["windows", "wazuhbots"], "firedtimes": 51, "mitre": {"id": ["T1550.002"]}}, "agent": {"id": "002", "name": "dc-srv", "ip": "172.26.0.32"}, "manager": {"name": "wazuh-manager"}, "decoder": {"name": "windows_eventlog"}, "id": "45336340314330920505", "full_log": "WinEvtLog: Security: EVENT(4624): Microsoft-Windows-Security-Auditing: Windows logon success - LogonType 3 NTLM - possible Pass-the-Hash.", "location": "WinEvtLog:Security", "data": {"win": {"system": {"eventID": "4624", "providerName": "Microsoft-Windows-Security-Auditing", "channel": "Security", "computer": "DC-SRV.wazuhbots.local", "systemTime": "2026-03-02T10:18:00Z"}, "eventdata": {"targetUserName": "jmartin", "targetDomainName": "WAZUHBOTS", "logonType": "3", "authenticationPackageName": "NTLM", "lmPackageName": "NTLM V2", "workstationName": "WS-FINANCE01", "ipAddress": "172.25.0.104", "ipPort": "51634", "logonProcessName": "NtLmSsp", "keyLength": "0"}}, "srcip": "172.25.0.104", "srcuser": "jmartin"}}, {"timestamp": "2026-03-02T10:18:26Z", "@timestamp": "2026-03-02T10:18:26.085Z", "rule": {"id": "60150", "description": "Windows Filtering Platform connection allowed.", "level": 3, "groups": ["windows", "wazuhbots"], "firedtimes": 39, "mitre": {"id": []}}, "agent": {"id": "002", "name": "dc-srv", "ip": "172.26.0.32"}, "manager": {"name": "wazuh-manager"}, "decoder": {"name": "windows_eventlog"}, "id": "26595123096219776508", "full_log": "WinEvtLog: Security: EVENT(5156): Microsoft-Windows-Security-Auditing: Windows Filtering Platform connection allowed.", "location": "WinEvtLog:Security", "data": {"win": {"system": {"eventID": "5156", "providerName": "Microsoft-Windows-Security-Auditing", "channel": "Security", "computer": "DC-SRV.wazuhbots.local", "systemTime": "2026-03-02T10:18:26Z"}, "eventdata": {"targetUserName": "jmartin", "logonType": "3"}}, "srcuser": "jmartin"}}, {"timestamp": "2026-03-02T10:19:48Z", "@timestamp": "2026-03-02T10:19:48.915Z", "rule": {"id": "60110", "description": "Special privileges assigned to new logon.", "level": 3, "groups": ["windows", "wazuhbots"], "firedtimes": 95, "mitre": {"id": []}}, "agent": {"id": "002", "name": "dc-srv", "ip": "172.26.0.32"}, "manager": {"name": "wazuh-manager"}, "decoder": {"name": "windows_eventlog"}, "id": "62249536827681172745", "full_log": "WinEvtLog: Security: EVENT(4672): Microsoft-Windows-Security-Auditing: Special privileges assigned to new logon.", "location": "WinEvtLog:Security", "data": {"win": {"system": {"eventID": "4672", "providerName": "Microsoft-Windows-Security-Auditing", "channel": "Security", "computer": "DC-SRV.wazuhbots.local", "systemTime": "2026-03-02T10:19:48Z"}, "eventdata": {"targetUserName": "bwilson", "logonType": "3"}}, "srcuser": "bwilson"}}, {"timestamp": "2026-03-02T10:21:00Z", "@timestamp": "2026-03-02T10:21:00.874Z", "rule": {"id": "60106", "description": "Windows logon success - LogonType 3 NTLM - possible Pass-the-Hash.", "level": 10, "groups": ["windows", "wazuhbots"], "firedtimes": 15, "mitre": {"id": ["T1550.002"]}}, "agent": {"id": "002", "name": "dc-srv", "ip": "172.26.0.32"}, "manager": {"name": "wazuh-manager"}, "decoder": {"name": "windows_eventlog"}, "id": "03169975805120027744", "full_log": "WinEvtLog: Security: EVENT(4624): Microsoft-Windows-Security-Auditing: Windows logon success - LogonType 3 NTLM - possible Pass-the-Hash.", "location": "WinEvtLog:Security", "data": {"win": {"system": {"eventID": "4624", "providerName": "Microsoft-Windows-Security-Auditing", "channel": "Security", "computer": "DC-SRV.wazuhbots.local", "systemTime": "2026-03-02T10:21:00Z"}, "eventdata": {"targetUserName": "da_backup", "targetDomainName": "WAZUHBOTS", "logonType": "3", "authenticationPackageName": "NTLM", "lmPackageName": "NTLM V2", "workstationName": "WS-FINANCE01", "ipAddress": "172.25.0.104", "ipPort": "63964", "logonProcessName": "NtLmSsp", "keyLength": "0"}}, "srcip": "172.25.0.104", "srcuser": "da_backup"}}, 