{"timestamp": "2026-03-02T03:37:06Z", "@timestamp": "2026-03-02T03:37:06.262Z", "rule": {"id": "60150", "description": "Windows Filtering Platform connection allowed.", "level": 3, "groups": ["windows", "wazuhbots"], "firedtimes": 93, "mitre": {"id": []}}, "agent": {"id": "002", "name": "dc-srv", "ip": "172.26.0.32"}, "manager": {"name": "wazuh-manager"}, "decoder": {"name": "windows_eventlog"}, "id": "07989668222954512392", "full_log": "WinEvtLog: Security: EVENT(5156): Microsoft-Windows-Security-Auditing: Windows Filtering Platform connection allowed.", "location": "WinEvtLog:Security", "data": {"win": {"system": {"eventID": "5156", "providerName": "Microsoft-Windows-Security-Auditing", "channel": "Security", "computer": "DC-SRV.wazuhbots.local", "systemTime": "2026-03-02T03:37:06Z"}, "eventdata": {"targetUserName": "cjones", "logonType": "3"}}, "srcuser": "cjones"}}, {"timestamp": "2026-03-02T03:38:28Z", "@timestamp": "2026-03-02T03:38:28.388Z", "rule": {"id": "91801", "description": "PowerShell script block logging.", "level": 3, "groups": ["windows", "wazuhbots"], "firedtimes": 96, "mitre": {"id": []}}, "agent": {"id": "002", "name": "dc-srv", "ip": "172.26.0.32"}, "manager": {"name": "wazuh-manager"}, "decoder": {"name": "windows_eventlog"}, "id": "39355422241153281573", "full_log": "WinEvtLog: Microsoft-Windows-PowerShell/Operational: EVENT(4104): Microsoft-Windows-Security-Auditing: PowerShell script block logging.", "location": "WinEvtLog:Microsoft-Windows-PowerShell/Operational", "data": {"win": {"system": {"eventID": "4104", "providerName": "Microsoft-Windows-Security-Auditing", "channel": "Microsoft-Windows-PowerShell/Operational", "computer": "DC-SRV.wazuhbots.local", "systemTime": "2026-03-02T03:38:28Z"}, "eventdata": {"targetUserName": "asmith", "logonType": "3"}}, "srcuser": "asmith"}}, {"timestamp": "2026-03-02T03:39:43Z", "@timestamp": "2026-03-02T03:39:43.188Z", "rule": {"id": "60160", "description": "New service installed.", "level": 5, "groups": ["windows", "wazuhbots"], "firedtimes": 39, "mitre": {"id": []}}, "agent": {"id": "002", "name": "dc-srv", "ip": "172.26.0.32"}, "manager": {"name": "wazuh-manager"}, "decoder": {"name": "windows_eventlog"}, "id": "54796387647686065166", "full_log": "WinEvtLog: System: EVENT(7045): Microsoft-Windows-Security-Auditing: New service installed.", "location": "WinEvtLog:System", "data": {"win": {"system": {"eventID": "7045", "providerName": "Microsoft-Windows-Security-Auditing", "channel": "System", "computer": "DC-SRV.wazuhbots.local", "systemTime": "2026-03-02T03:39:43Z"}, "eventdata": {"targetUserName": "bwilson", "logonType": "3"}}, "srcuser": "bwilson"}}, {"timestamp": "2026-03-02T03:40:56Z", "@timestamp": "2026-03-02T03:40:56.096Z", "rule": {"id": "60108", "description": "Logon attempted using explicit credentials.", "level": 5, "groups": ["windows", "wazuhbots"], "firedtimes": 135, "mitre": {"id": []}}, "agent": {"id": "002", "name": "dc-srv", "ip": "172.26.0.32"}, "manager": {"name": "wazuh-manager"}, "decoder": {"name": "windows_eventlog"}, "id": "08722288665630250667", "full_log": "WinEvtLog: Security: EVENT(4648): Microsoft-Windows-Security-Auditing: Logon attempted using explicit credentials.", "location": "WinEvtLog:Security", "data": {"win": {"system": {"eventID": "4648", "providerName": "Microsoft-Windows-Security-Auditing", "channel": "Security", "computer": "DC-SRV.wazuhbots.local", "systemTime": "2026-03-02T03:40:56Z"}, "eventdata": {"targetUserName": "admin", "logonType": "3"}}, "srcuser": "admin"}}, {"timestamp": "2026-03-02T03:42:12Z", "@timestamp": "2026-03-02T03:42:12.308Z", "rule": {"id": "60106", "description": "Windows logon success.", "level": 3, "groups": ["windows", "wazuhbots"], "firedtimes": 121, "mitre": {"id": []}}, "agent": {"id": "002", "name": "dc-srv", "ip": "172.26.0.32"}, "manager": {"name": "wazuh-manager"}, "decoder": {"name": "windows_eventlog"}, "id": "32600227545547044864", "full_log": "WinEvtLog: Security: EVENT(4624): Microsoft-Windows-Security-Auditing: Windows logon success.", "location": "WinEvtLog:Security", "data": {"win": {"system": {"eventID": "4624", "providerName": "Microsoft-Windows-Security-Auditing", "channel": "Security", "computer": "DC-SRV.wazuhbots.local", "systemTime": "2026-03-02T03:42:12Z"}, "eventdata": {"targetUserName": "cjones", "logonType": "3"}}, "srcuser": "cjones"}}, {"timestamp": "2026-03-02T03:43:15Z", "@timestamp": "2026-03-02T03:43:15.613Z", "rule": {"id": "60150", "description": "Windows Filtering Platform connection allowed.", "level": 3, "groups": ["windows", "wazuhbots"], "firedtimes": 165, "mitre": {"id": []}}, "agent": {"id": "002", "name": "dc-srv", "ip": "172.26.0.32"}, "manager": {"name": "wazuh-manager"}, "decoder": {"name": "windows_eventlog"}, "id": "00108282965957176550", "full_log": "WinEvtLog: Security: EVENT(5156): Microsoft-Windows-Security-Auditing: Windows Filtering Platform connection allowed.", "location": "WinEvtLog:Security", "data": {"win": {"system": {"eventID": "5156", "providerName": "Microsoft-Windows-Security-Auditing", "channel": "Security", "computer": "DC-SRV.wazuhbots.local", "systemTime": "2026-03-02T03:43:15Z"}, "eventdata": {"targetUserName": "svc_sql", "logonType": "3"}}, "srcuser": "svc_sql"}}, {"timestamp": "2026-03-02T03:44:44Z", "@timestamp": "2026-03-02T03:44:44.962Z", "rule": {"id": "60107", "description": "Windows logoff.", "level": 3, "groups": ["windows", "wazuhbots"], "firedtimes": 172, "mitre": {"id": []}}, "agent": {"id": "002", "name": "dc-srv", "ip": "172.26.0.32"}, "manager": {"name": "wazuh-manager"}, "decoder": {"name": "windows_eventlog"}, "id": "12669425315184713003", "full_log": "WinEvtLog: Security: EVENT(4634): Microsoft-Windows-Security-Auditing: Windows logoff.", "location": "WinEvtLog:Security", "data": {"win": {"system": {"eventID": "4634", "providerName": "Microsoft-Windows-Security-Auditing", "channel": "Security", "computer": "DC-SRV.wazuhbots.local", "systemTime": "2026-03-02T03:44:44Z"}, "eventdata": {"targetUserName": "cjones", "logonType": "3"}}, "srcuser": "cjones"}}, {"timestamp": "2026-03-02T03:45:56Z", "@timestamp": "2026-03-02T03:45:56.493Z", "rule": {"id": "60120", "description": "Process creation.", "level": 3, "groups": ["windows", "wazuhbots"], "firedtimes": 12, "mitre": {"id": []}}, "agent": {"id": "002", "name": "dc-srv", "ip": "172.26.0.32"}, "manager": {"name": "wazuh-manager"}, "decoder": {"name": "windows_eventlog"}, "id": "53212526213353515877", "full_log": "WinEvtLog: Security: EVENT(4688): Microsoft-Windows-Security-Auditing: Process creation.", "location": "WinEvtLog:Security", "data": {"win": {"system": {"eventID": "4688", "providerName": "Microsoft-Windows-Security-Auditing", "channel": "Security", "computer": "DC-SRV.wazuhbots.local", "systemTime": "2026-03-02T03:45:56Z"}, "eventdata": {"targetUserName": "admin", "logonType": "3"}}, "srcuser": "admin"}}, {"timestamp": "2026-03-02T03:47:14Z", "@timestamp": "2026-03-02T03:47:14.729Z", "rule": {"id": "60150", "description": "Windows Filtering Platform connection allowed.", "level": 3, "groups": ["windows", "wazuhbots"], "firedtimes": 97, "mitre": {"id": []}}, "agent": {"id": "002", "name": "dc-srv", "ip": "172.26.0.32"}, "manager": {"name": "wazuh-manager"}, "decoder": {"name": "windows_eventlog"}, "id": "51307887837403811664", "full_log": "WinEvtLog: Security: EVENT(5156): Microsoft-Windows-Security-Auditing: Windows Filtering Platform connection allowed.", "location": "WinEvtLog:Security", "data": {"win": {"system": {"eventID": "5156", "providerName": "Microsoft-Windows-Security-Auditing", "channel": "Security", "computer": "DC-SRV.wazuhbots.local", "systemTime": "2026-03-02T03:47:14Z"}, "eventdata": {"targetUserName": "jmartin", "logonType": "3"}}, "srcuser": "jmartin"}}, {"timestamp": "2026-03-02T03:48:31Z", "@timestamp": "2026-03-02T03:48:31.609Z", "rule": {"id": "60120", "description": "Process creation.", "level": 3, "groups": ["windows", "wazuhbots"], "firedtimes": 63, "mitre": {"id": []}}, "agent": {"id": "002", "name": "dc-srv", "ip": "172.26.0.32"}, "manager": {"name": "wazuh-manager"}, "decoder": {"name": "windows_eventlog"}, "id": "00305404764391775947", "full_log": "WinEvtLog: Security: EVENT(4688): Microsoft-Windows-Security-Auditing: Process creation.", "location": "WinEvtLog:Security", "data": {"win": {"system": {"eventID": "4688", "providerName": "Microsoft-Windows-Security-Auditing", "channel": "Security", "computer": "DC-SRV.wazuhbots.local", "systemTime": "2026-03-02T03:48:31Z"}, "eventdata": {"targetUserName": "jmartin", "logonType": "3"}}, "srcuser": "jmartin"}}, {"timestamp": "2026-03-02T03:49:45Z", "@timestamp": "2026-03-02T03:49:45.224Z", "rule": {"id": "60160", "description": "New service installed.", "level": 5, "groups": ["windows", "wazuhbots"], "firedtimes": 129, "mitre": {"id": []}}, "agent": {"id": "002", "name": "dc-srv", "ip": "172.26.0.32"}, "manager": {"name": "wazuh-manager"}, "decoder": {"name": "windows_eventlog"}, "id": "51064174085065756681", "full_log": "WinEvtLog: System: EVENT(7045): Microsoft-Windows-Security-Auditing: New service installed.", "location": "WinEvtLog:System", "data": {"win": {"system": {"eventID": "7045", "providerName": "Microsoft-Windows-Security-Auditing", "channel": "System", "computer": "DC-SRV.wazuhbots.local", "systemTime": "2026-03-02T03:49:45Z"}, "eventdata": {"targetUserName": "bwilson", "logonType": "3"}}, "srcuser": "bwilson"}}, {"timestamp": "2026-03-02T03:51:06Z", "@timestamp": "2026-03-02T03:51:06.958Z", "rule": {"id": "60110", "description": "Special privileges assigned to new logon.", "level": 3, "groups": ["windows", "wazuhbots"], "firedtimes": 76, "mitre": {"id": []}}, "agent": {"id": "002", "name": "dc-srv", "ip": "172.26.0.32"}, "manager": {"name": "wazuh-manager"}, "decoder": {"name": "windows_eventlog"}, "id": "81551868068673206215", "full_log": "WinEvtLog: Security: EVENT(4672): Microsoft-Windows-Security-Auditing: Special privileges assigned to new logon.", "location": "WinEvtLog:Security", "data": {"win": {"system": {"eventID": "4672", "providerName": "Microsoft-Windows-Security-Auditing", "channel": "Security", "computer": "DC-SRV.wazuhbots.local", "systemTime": "2026-03-02T03:51:06Z"}, "eventdata": {"targetUserName": "svc_sql", "logonType": "3"}}, "srcuser": "svc_sql"}}, {"timestamp": "2026-03-02T03:52:07Z", "@timestamp": "2026-03-02T03:52:07.742Z", "rule": {"id": "60120", "description": "Process creation.", "level": 3, "groups": ["windows", "wazuhbots"], "firedtimes": 154, "mitre": {"id": []}}, "agent": {"id": "002", "name": "dc-srv", "ip": "172.26.0.32"}, "manager": {"name": "wazuh-manager"}, "decoder": {"name": "windows_eventlog"}, "id": "41091894173180441619", "full_log": "WinEvtLog: Security: EVENT(4688): Microsoft-Windows-Security-Auditing: Process creation.", "location": "WinEvtLog:Security", "data": {"win": {"system": {"eventID": "4688", "providerName": "Microsoft-Windows-Security-Auditing", "channel": "Security", "computer": "DC-SRV.wazuhbots.local", "systemTime": "2026-03-02T03:52:07Z"}, "eventdata": {"targetUserName": "asmith", "logonType": "3"}}, "srcuser": "asmith"}}, {"timestamp": "2026-03-02T03:53:24Z", "@timestamp": "2026-03-02T03:53:24.063Z", "rule": {"id": "60110", "description": "Special privileges assigned to new logon.", "level": 3, "groups": ["windows", "wazuhbots"], "firedtimes": 125, "mitre": {"id": []}}, "agent": {"id": "002", "name": "dc-srv", "ip": "172.26.0.32"}, "manager": {"name": "wazuh-manager"}, "decoder": {"name": "windows_eventlog"}, "id": "77575754521771516960", "full_log": "WinEvtLog: Security: EVENT(4672): Microsoft-Windows-Security-Auditing: Special privileges assigned to new logon.", "location": "WinEvtLog:Security", "data": {"win": {"system": {"eventID": "4672", "providerName": "Microsoft-Windows-Security-Auditing", "channel": "Security", "computer": "DC-SRV.wazuhbots.local", "systemTime": "2026-03-02T03:53:24Z"}, "eventdata": {"targetUserName": "cjones", "logonType": "3"}}, "srcuser": "cjones"}}, {"timestamp": "2026-03-02T03:54:48Z", "@timestamp": "2026-03-02T03:54:48.856Z", "rule": {"id": "60110", "description": "Special privileges assigned to new logon.", "level": 3, "groups": ["windows", "wazuhbots"], "firedtimes": 22, "mitre": {"id": []}}, "agent": {"id": "002", "name": "dc-srv", "ip": "172.26.0.32"}, "manager": {"name": "wazuh-manager"}, "decoder": {"name": "windows_eventlog"}, "id": "47753002269249385666", "full_log": "WinEvtLog: Security: EVENT(4672): Microsoft-Windows-Security-Auditing: Special privileges assigned to new logon.", "location": "WinEvtLog:Security", "data": {"win": {"system": {"eventID": "4672", "providerName": "Microsoft-Windows-Security-Auditing", "channel": "Security", "computer": "DC-SRV.wazuhbots.local", "systemTime": "2026-03-02T03:54:48Z"}, "eventdata": {"targetUserName": "bwilson", "logonType": "3"}}, "srcuser": "bwilson"}}, {"timestamp": "2026-03-02T03:56:02Z", "@timestamp": "2026-03-02T03:56:02.518Z", "rule": {"id": "60150", "description": "Windows Filtering Platform connection allowed.", "level": 3, "groups": ["windows", "wazuhbots"], "firedtimes": 144, "mitre": {"id": []}}, "agent": {"id": "002", "name": "dc-srv", "ip": "172.26.0.32"}, "manager": {"name": "wazuh-manager"}, "decoder": {"name": "windows_eventlog"}, "id": "10357878507480220553", "full_log": "WinEvtLog: Security: EVENT(5156): Microsoft-Windows-Security-Auditing: Windows Filtering Platform connection allowed.", "location": "WinEvtLog:Security", "data": {"win": {"system": {"eventID": "5156", "providerName": "Microsoft-Windows-Security-Auditing", "channel": "Security", "computer": "DC-SRV.wazuhbots.local", "systemTime": "2026-03-02T03:56:02Z"}, "eventdata": {"targetUserName": "svc_sql", "logonType": "3"}}, "srcuser": "svc_sql"}}, {"timestamp": "2026-03-02T03:57:18Z", "@timestamp": "2026-03-02T03:57:18.191Z", "rule": {"id": "60120", "description": "Process creation.", "level": 3, "groups": ["windows", "wazuhbots"], "firedtimes": 160, "mitre": {"id": []}}, "agent": {"id": "002", "name": "dc-srv", "ip": "172.26.0.32"}, "manager": {"name": "wazuh-manager"}, "decoder": {"name": "windows_eventlog"}, "id": "64306403672293545623", "full_log": "WinEvtLog: Security: EVENT(4688): Microsoft-Windows-Security-Auditing: Process creation.", "location": "WinEvtLog:Security", "data": {"win": {"system": {"eventID": "4688", "providerName": "Microsoft-Windows-Security-Auditing", "channel": "Security", "computer": "DC-SRV.wazuhbots.local", "systemTime": "2026-03-02T03:57:18Z"}, "eventdata": {"targetUserName": "jmartin", "logonType": "3"}}, "srcuser": "jmartin"}}, {"timestamp": "2026-03-02T03:58:28Z", "@timestamp": "2026-03-02T03:58:28.362Z", "rule": {"id": "60107", "description": "Windows logoff.", "level": 3, "groups": ["windows", "wazuhbots"], "firedtimes": 114, "mitre": {"id": []}}, "agent": {"id": "002", "name": "dc-srv", "ip": "172.26.0.32"}, "manager": {"name": "wazuh-manager"}, "decoder": {"name": "windows_eventlog"}, "id": "17263882547482957893", "full_log": "WinEvtLog: Security: EVENT(4634): Microsoft-Windows-Security-Auditing: Windows logoff.", "location": "WinEvtLog:Security", "data": {"win": {"system": {"eventID": "4634", "providerName": "Microsoft-Windows-Security-Auditing", "channel": "Security", "computer": "DC-SRV.wazuhbots.local", "systemTime": "2026-03-02T03:58:28Z"}, "eventdata": {"targetUserName": "asmith", "logonType": "3"}}, "srcuser": "asmith"}}, {"timestamp": "2026-03-02T03:59:39Z", "@timestamp": "2026-03-02T03:59:39.210Z", "rule": {"id": "60106", "description": "Windows logon success.", "level": 3, "groups": ["windows", "wazuhbots"], "firedtimes": 93, "mitre": {"id": []}}, "agent": {"id": "002", "name": "dc-srv", "ip": "172.26.0.32"}, "manager": {"name": "wazuh-manager"}, "decoder": {"name": "windows_eventlog"}, "id": "89536439547638460431", "full_log": "WinEvtLog: Security: EVENT(4624): Microsoft-Windows-Security-Auditing: Windows logon success.", "location": "WinEvtLog:Security", "data": {"win": {"system": {"eventID": "4624", "providerName": "Microsoft-Windows-Security-Auditing", "channel": "Security", "computer": "DC-SRV.wazuhbots.local", "systemTime": "2026-03-02T03:59:39Z"}, "eventdata": {"targetUserName": "svc_sql", "logonType": "3"}}, "srcuser": "svc_sql"}}, {"timestamp": "2026-03-02T04:00:58Z", "@timestamp": "2026-03-02T04:00:58.849Z", "rule": {"id": "91801", "description": "PowerShell script block logging.", "level": 3, "groups": ["windows", "wazuhbots"], "firedtimes": 124, "mitre": {"id": []}}, "agent": {"id": "002", "name": "dc-srv", "ip": "172.26.0.32"}, "manager": {"name": "wazuh-manager"}, "decoder": {"name": "windows_eventlog"}, "id": "96954965241085327481", "full_log": "WinEvtLog: Microsoft-Windows-PowerShell/Operational: EVENT(4104): Microsoft-Windows-Security-Auditing: PowerShell script block logging.", "location": "WinEvtLog:Microsoft-Windows-PowerShell/Operational", "data": {"win": {"system": {"eventID": "4104", "providerName": "Microsoft-Windows-Security-Auditing", "channel": "Microsoft-Windows-PowerShell/Operational", "computer": "DC-SRV.wazuhbots.local", "systemTime": "2026-03-02T04:00:58Z"}, "eventdata": {"targetUserName": "jmartin", "logonType": "3"}}, "srcuser": "jmartin"}}, {"timestamp": "2026-03-02T04:02:28Z", "@timestamp": "2026-03-02T04:02:28.144Z", "rule": {"id": "60120", "description": "Process creation.", "level": 3, "groups": ["windows", "wazuhbots"], "firedtimes": 165, "mitre": {"id": []}}, "agent": {"id": "002", "name": "dc-srv", "ip": "172.26.0.32"}, "manager": {"name": "wazuh-manager"}, "decoder": {"name": "windows_eventlog"}, "id": "21073269647515611092", "full_log": "WinEvtLog: Security: EVENT(4688): Microsoft-Windows-Security-Auditing: Process creation.", "location": "WinEvtLog:Security", "data": {"win": {"system": {"eventID": "4688", "providerName": "Microsoft-Windows-Security-Auditing", "channel": "Security", "computer": "DC-SRV.wazuhbots.local", "systemTime": "2026-03-02T04:02:28Z"}, "eventdata": {"targetUserName": "bwilson", "logonType": "3"}}, "srcuser": "bwilson"}}, {"timestamp": "2026-03-02T04:03:37Z", "@timestamp": "2026-03-02T04:03:37.066Z", "rule": {"id": "60120", "description": "Process creation.", "level": 3, "groups": ["windows", "wazuhbots"], "firedtimes": 169, "mitre": {"id": []}}, "agent": {"id": "002", "name": "dc-srv", "ip": "172.26.0.32"}, "manager": {"name": "wazuh-manager"}, "decoder": {"name": "windows_eventlog"}, "id": "66175052194441462481", "full_log": "WinEvtLog: Security: EVENT(4688): Microsoft-Windows-Security-Auditing: Process creation.", "location": "WinEvtLog:Security", "data": {"win": {"system": {"eventID": "4688", "providerName": "Microsoft-Windows-Security-Auditing", "channel": "Security", "computer": "DC-SRV.wazuhbots.local", "systemTime": "2026-03-02T04:03:37Z"}, "eventdata": {"targetUserName": "svc_sql", "logonType": "3"}}, "srcuser": "svc_sql"}}, {"timestamp": "2026-03-02T04:04:55Z", "@timestamp": "2026-03-02T04:04:55.486Z", "rule": {"id": "60107", "description": "Windows logoff.", "level": 3, "groups": ["windows", "wazuhbots"], "firedtimes": 52, "mitre": {"id": []}}, "agent": {"id": "002", "name": "dc-srv", "ip": "172.26.0.32"}, "manager": {"name": "wazuh-manager"}, "decoder": {"name": "windows_eventlog"}, "id": "69669902355273414061", "full_log": "WinEvtLog: Security: EVENT(4634): Microsoft-Windows-Security-Auditing: Windows logoff.", "location": "WinEvtLog:Security", "data": {"win": {"system": {"eventID": "4634", "providerName": "Microsoft-Windows-Security-Auditing", "channel": "Security", "computer": "DC-SRV.wazuhbots.local", "systemTime": "2026-03-02T04:04:55Z"}, "eventdata": {"targetUserName": "cjones", "logonType": "3"}}, "srcuser": "cjones"}}, {"timestamp": "2026-03-02T04:06:10Z", "@timestamp": "2026-03-02T04:06:10.558Z", "rule": {"id": "60160", "description": "New service installed.", "level": 5, "groups": ["windows", "wazuhbots"], "firedtimes": 61, "mitre": {"id": []}}, "agent": {"id": "002", "name": "dc-srv", "ip": "172.26.0.32"}, "manager": {"name": "wazuh-manager"}, "decoder": {"name": "windows_eventlog"}, "id": "23208900130658625880", "full_log": "WinEvtLog: System: EVENT(7045): Microsoft-Windows-Security-Auditing: New service installed.", "location": "WinEvtLog:System", "data": {"win": {"system": {"eventID": "7045", "providerName": "Microsoft-Windows-Security-Auditing", "channel": "System", "computer": "DC-SRV.wazuhbots.local", "systemTime": "2026-03-02T04:06:10Z"}, "eventdata": {"targetUserName": "cjones", "logonType": "3"}}, "srcuser": "cjones"}}, {"timestamp": "2026-03-02T04:07:18Z", "@timestamp": "2026-03-02T04:07:18.937Z", "rule": {"id": "60107", "description": "Windows logoff.", "level": 3, "groups": ["windows", "wazuhbots"], "firedtimes": 197, "mitre": {"id": []}}, "agent": {"id": "002", "name": "dc-srv", "ip": "172.26.0.32"}, "manager": {"name": "wazuh-manager"}, "decoder": {"name": "windows_eventlog"}, "id": "36380838278783987868", "full_log": "WinEvtLog: Security: EVENT(4634): Microsoft-Windows-Security-Auditing: Windows logoff.", "location": "WinEvtLog:Security", "data": {"win": {"system": {"eventID": "4634", "providerName": "Microsoft-Windows-Security-Auditing", "channel": "Security", "computer": "DC-SRV.wazuhbots.local", "systemTime": "2026-03-02T04:07:18Z"}, "eventdata": {"targetUserName": "jmartin", "logonType": "3"}}, "srcuser": "jmartin"}}, {"timestamp": "2026-03-02T04:08:29Z", "@timestamp": "2026-03-02T04:08:29.911Z", "rule": {"id": "91801", "description": "PowerShell script block logging.", "level": 3, "groups": ["windows", "wazuhbots"], "firedtimes": 181, "mitre": {"id": []}}, "agent": {"id": "002", "name": "dc-srv", "ip": "172.26.0.32"}, "manager": {"name": "wazuh-manager"}, "decoder": {"name": "windows_eventlog"}, "id": "11909792684679700813", "full_log": "WinEvtLog: Microsoft-Windows-PowerShell/Operational: EVENT(4104): Microsoft-Windows-Security-Auditing: PowerShell script block logging.", "location": "WinEvtLog:Microsoft-Windows-PowerShell/Operational", "data": {"win": {"system": {"eventID": "4104", "providerName": "Microsoft-Windows-Security-Auditing", "channel": "Microsoft-Windows-PowerShell/Operational", "computer": "DC-SRV.wazuhbots.local", "systemTime": "2026-03-02T04:08:29Z"}, "eventdata": {"targetUserName": "svc_sql", "logonType": "3"}}, "srcuser": "svc_sql"}}, {"timestamp": "2026-03-02T04:09:55Z", "@timestamp": "2026-03-02T04:09:55.212Z", "rule": {"id": "60110", "description": "Special privileges assigned to new logon.", "level": 3, "groups": ["windows", "wazuhbots"], "firedtimes": 73, "mitre": {"id": []}}, "agent": {"id": "002", "name": "dc-srv", "ip": "172.26.0.32"}, "manager": {"name": "wazuh-manager"}, "decoder": {"name": "windows_eventlog"}, "id": "44801274510920901831", "full_log": "WinEvtLog: Security: EVENT(4672): Microsoft-Windows-Security-Auditing: Special privileges assigned to new logon.", "location": "WinEvtLog:Security", "data": {"win": {"system": {"eventID": "4672", "providerName": "Microsoft-Windows-Security-Auditing", "channel": "Security", "computer": "DC-SRV.wazuhbots.local", "systemTime": "2026-03-02T04:09:55Z"}, "eventdata": {"targetUserName": "cjones", "logonType": "3"}}, "srcuser": "cjones"}}, {"timestamp": "2026-03-02T04:11:11Z", "@timestamp": "2026-03-02T04:11:11.027Z", "rule": {"id": "60106", "description": "Windows logon success.", "level": 3, "groups": ["windows", "wazuhbots"], "firedtimes": 11, "mitre": {"id": []}}, "agent": {"id": "002", "name": "dc-srv", "ip": "172.26.0.32"}, "manager": {"name": "wazuh-manager"}, "decoder": {"name": "windows_eventlog"}, "id": "29336341434677133058", "full_log": "WinEvtLog: Security: EVENT(4624): Microsoft-Windows-Security-Auditing: Windows logon success.", "location": "WinEvtLog:Security", "data": {"win": {"system": {"eventID": "4624", "providerName": "Microsoft-Windows-Security-Auditing", "channel": "Security", "computer": "DC-SRV.wazuhbots.local", "systemTime": "2026-03-02T04:11:11Z"}, "eventdata": {"targetUserName": "bwilson", "logonType": "3"}}, "srcuser": "bwilson"}}, {"timestamp": "2026-03-02T04:12:23Z", "@timestamp": "2026-03-02T04:12:23.856Z", "rule": {"id": "60120", "description": "Process creation.", "level": 3, "groups": ["windows", "wazuhbots"], "firedtimes": 175, "mitre": {"id": []}}, "agent": {"id": "002", "name": "dc-srv", "ip": "172.26.0.32"}, "manager": {"name": "wazuh-manager"}, "decoder": {"name": "windows_eventlog"}, "id": "91214868039646495972", "full_log": "WinEvtLog: Security: EVENT(4688): Microsoft-Windows-Security-Auditing: Process creation.", "location": "WinEvtLog:Security", "data": {"win": {"system": {"eventID": "4688", "providerName": "Microsoft-Windows-Security-Auditing", "channel": "Security", "computer": "DC-SRV.wazuhbots.local", "systemTime": "2026-03-02T04:12:23Z"}, "eventdata": {"targetUserName": "jmartin", "logonType": "3"}}, "srcuser": "jmartin"}}, {"timestamp": "2026-03-02T04:13:37Z", "@timestamp": "2026-03-02T04:13:37.131Z", "rule": {"id": "60107", "description": "Windows logoff.", "level": 3, "groups": ["windows", "wazuhbots"], "firedtimes": 100, "mitre": {"id": []}}, "agent": {"id": "002", "name": "dc-srv", "ip": "172.26.0.32"}, "manager": {"name": "wazuh-manager"}, "decoder": {"name": "windows_eventlog"}, "id": "56907858289912677154", "full_log": "WinEvtLog: Security: EVENT(4634): Microsoft-Windows-Security-Auditing: Windows logoff.", "location": "WinEvtLog:Security", "data": {"win": {"system": {"eventID": "4634", "providerName": "Microsoft-Windows-Security-Auditing", "channel": "Security", "computer": "DC-SRV.wazuhbots.local", "systemTime": "2026-03-02T04:13:37Z"}, "eventdata": {"targetUserName": "asmith", "logonType": "3"}}, "srcuser": "asmith"}}, {"timestamp": "2026-03-02T04:15:06Z", "@timestamp": "2026-03-02T04:15:06.807Z", "rule": {"id": "60107", "description": "Windows logoff.", "level": 3, "groups": ["windows", "wazuhbots"], "firedtimes": 117, "mitre": {"id": []}}, "agent": {"id": "002", "name": "dc-srv", "ip": "172.26.0.32"}, "manager": {"name": "wazuh-manager"}, "decoder": {"name": "windows_eventlog"}, "id": "70532818006286811918", "full_log": "WinEvtLog: Security: EVENT(4634): Microsoft-Windows-Security-Auditing: Windows logoff.", "location": "WinEvtLog:Security", "data": {"win": {"system": {"eventID": "4634", "providerName": "Microsoft-Windows-Security-Auditing", "channel": "Security", "computer": "DC-SRV.wazuhbots.local", "systemTime": "2026-03-02T04:15:06Z"}, "eventdata": {"targetUserName": "admin", "logonType": "3"}}, "srcuser": "admin"}}, {"timestamp": "2026-03-02T04:16:12Z", "@timestamp": "2026-03-02T04:16:12.957Z", "rule": {"id": "60110", "description": "Special privileges assigned to new logon.", "level": 3, "groups": ["windows", "wazuhbots"], "firedtimes": 78, "mitre": {"id": []}}, "agent": {"id": "002", "name": "dc-srv", "ip": "172.26.0.32"}, "manager": {"name": "wazuh-manager"}, "decoder": {"name": "windows_eventlog"}, "id": "19506559554712833023", "full_log": "WinEvtLog: Security: EVENT(4672): Microsoft-Windows-Security-Auditing: Special privileges assigned to new logon.", "location": "WinEvtLog:Security", "data": {"win": {"system": {"eventID": "4672", "providerName": "Microsoft-Windows-Security-Auditing", "channel": "Security", "computer": "DC-SRV.wazuhbots.local", "systemTime": "2026-03-02T04:16:12Z"}, "eventdata": {"targetUserName": "asmith", "logonType": "3"}}, "srcuser": "asmith"}}, {"timestamp": "2026-03-02T04:17:28Z", "@timestamp": "2026-03-02T04:17:28.133Z", "rule": {"id": "60106", "description": "Windows logon success.", "level": 3, "groups": ["windows", "wazuhbots"], "firedtimes": 172, "mitre": {"id": []}}, "agent": {"id": "002", "name": "dc-srv", "ip": "172.26.0.32"}, "manager": {"name": "wazuh-manager"}, "decoder": {"name": "windows_eventlog"}, "id": "14318906806894603308", "full_log": "WinEvtLog: Security: EVENT(4624): Microsoft-Windows-Security-Auditing: Windows logon success.", "location": "WinEvtLog:Security", "data": {"win": {"system": {"eventID": "4624", "providerName": "Microsoft-Windows-Security-Auditing", "channel": "Security", "computer": "DC-SRV.wazuhbots.local", "systemTime": "2026-03-02T04:17:28Z"}, "eventdata": {"targetUserName": "asmith", "logonType": "3"}}, "srcuser": "asmith"}}, {"timestamp": "2026-03-02T04:18:35Z", "@timestamp": "2026-03-02T04:18:35.485Z", "rule": {"id": "60150", "description": "Windows Filtering Platform connection allowed.", "level": 3, "groups": ["windows", "wazuhbots"], "firedtimes": 180, "mitre": {"id": []}}, "agent": {"id": "002", "name": "dc-srv", "ip": "172.26.0.32"}, "manager": {"name": "wazuh-manager"}, "decoder": {"name": "windows_eventlog"}, "id": "60239275804142647135", "full_log": "WinEvtLog: Security: EVENT(5156): Microsoft-Windows-Security-Auditing: Windows Filtering Platform connection allowed.", "location": "WinEvtLog:Security", "data": {"win": {"system": {"eventID": "5156", "providerName": "Microsoft-Windows-Security-Auditing", "channel": "Security", "computer": "DC-SRV.wazuhbots.local", "systemTime": "2026-03-02T04:18:35Z"}, "eventdata": {"targetUserName": "jmartin", "logonType": "3"}}, "srcuser": "jmartin"}}, {"timestamp": "2026-03-02T04:19:54Z", "@timestamp": "2026-03-02T04:19:54.231Z", "rule": {"id": "60120", "description": "Process creation.", "level": 3, "groups": ["windows", "wazuhbots"], "firedtimes": 103, "mitre": {"id": []}}, "agent": {"id": "002", "name": "dc-srv", "ip": "172.26.0.32"}, "manager": {"name": "wazuh-manager"}, "decoder": {"name": "windows_eventlog"}, "id": "37538100494585429674", "full_log": "WinEvtLog: Security: EVENT(4688): Microsoft-Windows-Security-Auditing: Process creation.", "location": "WinEvtLog:Security", "data": {"win": {"system": {"eventID": "4688", "providerName": "Microsoft-Windows-Security-Auditing", "channel": "Security", "computer": "DC-SRV.wazuhbots.local", "systemTime": "2026-03-02T04:19:54Z"}, "eventdata": {"targetUserName": "cjones", "logonType": "3"}}, "srcuser": "cjones"}}, {"timestamp": "2026-03-02T04:21:10Z", "@timestamp": "2026-03-02T04:21:10.747Z", "rule": {"id": "60106", "description": "Windows logon success.", "level": 3, "groups": ["windows", "wazuhbots"], "firedtimes": 81, "mitre": {"id": []}}, "agent": {"id": "002", "name": "dc-srv", "ip": "172.26.0.32"}, "manager": {"name": "wazuh-manager"}, "decoder": {"name": "windows_eventlog"}, "id": "26822277605331319088", "full_log": "WinEvtLog: Security: EVENT(4624): Microsoft-Windows-Security-Auditing: Windows logon success.", "location": "WinEvtLog:Security", "data": {"win": {"system": {"eventID": "4624", "providerName": "Microsoft-Windows-Security-Auditing", "channel": "Security", "computer": "DC-SRV.wazuhbots.local", "systemTime": "2026-03-02T04:21:10Z"}, "eventdata": {"targetUserName": "asmith", "logonType": "3"}}, "srcuser": "asmith"}}, {"timestamp": "2026-03-02T04:22:24Z", "@timestamp": "2026-03-02T04:22:24.677Z", "rule": {"id": "60160", "description": "New service installed.", "level": 5, "groups": ["windows", "wazuhbots"], "firedtimes": 114, "mitre": {"id": []}}, "agent": {"id": "002", "name": "dc-srv", "ip": "172.26.0.32"}, "manager": {"name": "wazuh-manager"}, "decoder": {"name": "windows_eventlog"}, "id": "76801583843500161253", "full_log": "WinEvtLog: System: EVENT(7045): Microsoft-Windows-Security-Auditing: New service installed.", "location": "WinEvtLog:System", "data": {"win": {"system": {"eventID": "7045", "providerName": "Microsoft-Windows-Security-Auditing", "channel": "System", "computer": "DC-SRV.wazuhbots.local", "systemTime": "2026-03-02T04:22:24Z"}, "eventdata": {"targetUserName": "jmartin", "logonType": "3"}}, "srcuser": "jmartin"}}, {"timestamp": "2026-03-02T04:23:49Z", "@timestamp": "2026-03-02T04:23:49.776Z", "rule": {"id": "60107", "description": "Windows logoff.", "level": 3, "groups": ["windows", "wazuhbots"], "firedtimes": 3, "mitre": {"id": []}}, "agent": {"id": "002", "name": "dc-srv", "ip": "172.26.0.32"}, "manager": {"name": "wazuh-manager"}, "decoder": {"name": "windows_eventlog"}, "id": "01373779291230236640", "full_log": "WinEvtLog: Security: EVENT(4634): Microsoft-Windows-Security-Auditing: Windows logoff.", "location": "WinEvtLog:Security", "data": {"win": {"system": {"eventID": "4634", "providerName": "Microsoft-Windows-Security-Auditing", "channel": "Security", "computer": "DC-SRV.wazuhbots.local", "systemTime": "2026-03-02T04:23:49Z"}, "eventdata": {"targetUserName": "admin", "logonType": "3"}}, "srcuser": "admin"}}, {"timestamp": "2026-03-02T04:25:02Z", "@timestamp": "2026-03-02T04:25:02.279Z", "rule": {"id": "91801", "description": "PowerShell script block logging.", "level": 3, "groups": ["windows", "wazuhbots"], "firedtimes": 46, "mitre": {"id": []}}, "agent": {"id": "002", "name": "dc-srv", "ip": "172.26.0.32"}, "manager": {"name": "wazuh-manager"}, "decoder": {"name": "windows_eventlog"}, "id": "38139654804094624053", "full_log": "WinEvtLog: Microsoft-Windows-PowerShell/Operational: EVENT(4104): Microsoft-Windows-Security-Auditing: PowerShell script block logging.", "location": "WinEvtLog:Microsoft-Windows-PowerShell/Operational", "data": {"win": {"system": {"eventID": "4104", "providerName": "Microsoft-Windows-Security-Auditing", "channel": "Microsoft-Windows-PowerShell/Operational", "computer": "DC-SRV.wazuhbots.local", "systemTime": "2026-03-02T04:25:02Z"}, "eventdata": {"targetUserName": "cjones", "logonType": "3"}}, "srcuser": "cjones"}}, {"timestamp": "2026-03-02T04:26:22Z", "@timestamp": "2026-03-02T04:26:22.304Z", "rule": {"id": "60106", "description": "Windows logon success.", "level": 3, "groups": ["windows", "wazuhbots"], "firedtimes": 187, "mitre": {"id": []}}, "agent": {"id": "002", "name": "dc-srv", "ip": "172.26.0.32"}, "manager": {"name": "wazuh-manager"}, "decoder": {"name": "windows_eventlog"}, "id": "70334511703028203076", "full_log": "WinEvtLog: Security: EVENT(4624): Microsoft-Windows-Security-Auditing: Windows logon success.", "location": "WinEvtLog:Security", "data": {"win": {"system": {"eventID": "4624", "providerName": "Microsoft-Windows-Security-Auditing", "channel": "Security", "computer": "DC-SRV.wazuhbots.local", "systemTime": "2026-03-02T04:26:22Z"}, "eventdata": {"targetUserName": "cjones", "logonType": "3"}}, "srcuser": "cjones"}}, {"timestamp": "2026-03-02T04:27:41Z", "@timestamp": "2026-03-02T04:27:41.600Z", "rule": {"id": "60150", "description": "Windows Filtering Platform connection allowed.", "level": 3, "groups": ["windows", "wazuhbots"], "firedtimes": 145, "mitre": {"id": []}}, "agent": {"id": "002", "name": "dc-srv", "ip": "172.26.0.32"}, "manager": {"name": "wazuh-manager"}, "decoder": {"name": "windows_eventlog"}, "id": "93921046672801966027", "full_log": "WinEvtLog: Security: EVENT(5156): Microsoft-Windows-Security-Auditing: Windows Filtering Platform connection allowed.", "location": "WinEvtLog:Security", "data": {"win": {"system": {"eventID": "5156", "providerName": "Microsoft-Windows-Security-Auditing", "channel": "Security", "computer": "DC-SRV.wazuhbots.local", "systemTime": "2026-03-02T04:27:41Z"}, "eventdata": {"targetUserName": "asmith", "logonType": "3"}}, "srcuser": "asmith"}}, {"timestamp": "2026-03-02T04:28:48Z", "@timestamp": "2026-03-02T04:28:48.962Z", "rule": {"id": "60106", "description": "Windows logon success.", "level": 3, "groups": ["windows", "wazuhbots"], "firedtimes": 101, "mitre": {"id": []}}, "agent": {"id": "002", "name": "dc-srv", "ip": "172.26.0.32"}, "manager": {"name": "wazuh-manager"}, "decoder": {"name": "windows_eventlog"}, "id": "92854353303920084933", "full_log": "WinEvtLog: Security: EVENT(4624): Microsoft-Windows-Security-Auditing: Windows logon success.", "location": "WinEvtLog:Security", "data": {"win": {"system": {"eventID": "4624", "providerName": "Microsoft-Windows-Security-Auditing", "channel": "Security", "computer": "DC-SRV.wazuhbots.local", "systemTime": "2026-03-02T04:28:48Z"}, "eventdata": {"targetUserName": "admin", "logonType": "3"}}, "srcuser": "admin"}}, {"timestamp": "2026-03-02T04:29:57Z", "@timestamp": "2026-03-02T04:29:57.077Z", "rule": {"id": "60110", "description": "Special privileges assigned to new logon.", "level": 3, "groups": ["windows", "wazuhbots"], "firedtimes": 15, "mitre": {"id": []}}, "agent": {"id": "002", "name": "dc-srv", "ip": "172.26.0.32"}, "manager": {"name": "wazuh-manager"}, "decoder": {"name": "windows_eventlog"}, "id": "83125901239481777814", "full_log": "WinEvtLog: Security: EVENT(4672): Microsoft-Windows-Security-Auditing: Special privileges assigned to new logon.", "location": "WinEvtLog:Security", "data": {"win": {"system": {"eventID": "4672", "providerName": "Microsoft-Windows-Security-Auditing", "channel": "Security", "computer": "DC-SRV.wazuhbots.local", "systemTime": "2026-03-02T04:29:57Z"}, "eventdata": {"targetUserName": "svc_sql", "logonType": "3"}}, "srcuser": "svc_sql"}}, {"timestamp": "2026-03-02T04:31:17Z", "@timestamp": "2026-03-02T04:31:17.988Z", "rule": {"id": "60107", "description": "Windows logoff.", "level": 3, "groups": ["windows", "wazuhbots"], "firedtimes": 83, "mitre": {"id": []}}, "agent": {"id": "002", "name": "dc-srv", "ip": "172.26.0.32"}, "manager": {"name": "wazuh-manager"}, "decoder": {"name": "windows_eventlog"}, "id": "92510127488210818550", "full_log": "WinEvtLog: Security: EVENT(4634): Microsoft-Windows-Security-Auditing: Windows logoff.", "location": "WinEvtLog:Security", "data": {"win": {"system": {"eventID": "4634", "providerName": "Microsoft-Windows-Security-Auditing", "channel": "Security", "computer": "DC-SRV.wazuhbots.local", "systemTime": "2026-03-02T04:31:17Z"}, "eventdata": {"targetUserName": "svc_sql", "logonType": "3"}}, "srcuser": "svc_sql"}}, {"timestamp": "2026-03-02T04:32:32Z", "@timestamp": "2026-03-02T04:32:32.205Z", "rule": {"id": "60106", "description": "Windows logon success.", "level": 3, "groups": ["windows", "wazuhbots"], "firedtimes": 180, "mitre": {"id": []}}, "agent": {"id": "002", "name": "dc-srv", "ip": "172.26.0.32"}, "manager": {"name": "wazuh-manager"}, "decoder": {"name": "windows_eventlog"}, "id": "26193456049786800809", "full_log": "WinEvtLog: Security: EVENT(4624): Microsoft-Windows-Security-Auditing: Windows logon success.", "location": "WinEvtLog:Security", "data": {"win": {"system": {"eventID": "4624", "providerName": "Microsoft-Windows-Security-Auditing", "channel": "Security", "computer": "DC-SRV.wazuhbots.local", "systemTime": "2026-03-02T04:32:32Z"}, "eventdata": {"targetUserName": "bwilson", "logonType": "3"}}, "srcuser": "bwilson"}}, {"timestamp": "2026-03-02T04:33:43Z", "@timestamp": "2026-03-02T04:33:43.965Z", "rule": {"id": "91801", "description": "PowerShell script block logging.", "level": 3, "groups": ["windows", "wazuhbots"], "firedtimes": 86, "mitre": {"id": []}}, "agent": {"id": "002", "name": "dc-srv", "ip": "172.26.0.32"}, "manager": {"name": "wazuh-manager"}, "decoder": {"name": "windows_eventlog"}, "id": "99339948583589306589", "full_log": "WinEvtLog: Microsoft-Windows-PowerShell/Operational: EVENT(4104): Microsoft-Windows-Security-Auditing: PowerShell script block logging.", "location": "WinEvtLog:Microsoft-Windows-PowerShell/Operational", "data": {"win": {"system": {"eventID": "4104", "providerName": "Microsoft-Windows-Security-Auditing", "channel": "Microsoft-Windows-PowerShell/Operational", "computer": "DC-SRV.wazuhbots.local", "systemTime": "2026-03-02T04:33:43Z"}, "eventdata": {"targetUserName": "bwilson", "logonType": "3"}}, "srcuser": "bwilson"}}, {"timestamp": "2026-03-02T04:35:11Z", "@timestamp": "2026-03-02T04:35:11.766Z", "rule": {"id": "60108", "description": "Logon attempted using explicit credentials.", "level": 5, "groups": ["windows", "wazuhbots"], "firedtimes": 140, "mitre": {"id": []}}, "agent": {"id": "002", "name": "dc-srv", "ip": "172.26.0.32"}, "manager": {"name": "wazuh-manager"}, "decoder": {"name": "windows_eventlog"}, "id": "37855626066735131271", "full_log": "WinEvtLog: Security: EVENT(4648): Microsoft-Windows-Security-Auditing: Logon attempted using explicit credentials.", "location": "WinEvtLog:Security", "data": {"win": {"system": {"eventID": "4648", "providerName": "Microsoft-Windows-Security-Auditing", "channel": "Security", "computer": "DC-SRV.wazuhbots.local", "systemTime": "2026-03-02T04:35:11Z"}, "eventdata": {"targetUserName": "jmartin", "logonType": "3"}}, "srcuser": "jmartin"}}, {"timestamp": "2026-03-02T04:36:30Z", "@timestamp": "2026-03-02T04:36:30.425Z", "rule": {"id": "60110", "description": "Special privileges assigned to new logon.", "level": 3, "groups": ["windows", "wazuhbots"], "firedtimes": 124, "mitre": {"id": []}}, "agent": {"id": "002", "name": "dc-srv", "ip": "172.26.0.32"}, "manager": {"name": "wazuh-manager"}, "decoder": {"name": "windows_eventlog"}, "id": "43970603601364762789", "full_log": "WinEvtLog: Security: EVENT(4672): Microsoft-Windows-Security-Auditing: Special privileges assigned to new logon.", "location": "WinEvtLog:Security", "data": {"win": {"system": {"eventID": "4672", "providerName": "Microsoft-Windows-Security-Auditing", "channel": "Security", "computer": "DC-SRV.wazuhbots.local", "systemTime": "2026-03-02T04:36:30Z"}, "eventdata": {"targetUserName": "jmartin", "logonType": "3"}}, "srcuser": "jmartin"}}, {"timestamp": "2026-03-02T04:37:48Z", "@timestamp": "2026-03-02T04:37:48.932Z", "rule": {"id": "60150", "description": "Windows Filtering Platform connection allowed.", "level": 3, "groups": ["windows", "wazuhbots"], "firedtimes": 96, "mitre": {"id": []}}, "agent": {"id": "002", "name": "dc-srv", "ip": "172.26.0.32"}, "manager": {"name": "wazuh-manager"}, "decoder": {"name": "windows_eventlog"}, "id": "63424922321923148804", "full_log": "WinEvtLog: Security: EVENT(5156): Microsoft-Windows-Security-Auditing: Windows Filtering Platform connection allowed.", "location": "WinEvtLog:Security", "data": {"win": {"system": {"eventID": "5156", "providerName": "Microsoft-Windows-Security-Auditing", "channel": "Security", "computer": "DC-SRV.wazuhbots.local", "systemTime": "2026-03-02T04:37:48Z"}, "eventdata": {"targetUserName": "svc_sql", "logonType": "3"}}, "srcuser": "svc_sql"}}, {"timestamp": "2026-03-02T04:38:56Z", "@timestamp": "2026-03-02T04:38:56.517Z", "rule": {"id": "60107", "description": "Windows logoff.", "level": 3, "groups": ["windows", "wazuhbots"], "firedtimes": 4, "mitre": {"id": []}}, "agent": {"id": "002", "name": "dc-srv", "ip": "172.26.0.32"}, "manager": {"name": "wazuh-manager"}, "decoder": {"name": "windows_eventlog"}, "id": "52937635668415851486", "full_log": "WinEvtLog: Security: EVENT(4634): Microsoft-Windows-Security-Auditing: Windows logoff.", "location": "WinEvtLog:Security", "data": {"win": {"system": {"eventID": "4634", "providerName": "Microsoft-Windows-Security-Auditing", "channel": "Security", "computer": "DC-SRV.wazuhbots.local", "systemTime": "2026-03-02T04:38:56Z"}, "eventdata": {"targetUserName": "jmartin", "logonType": "3"}}, "srcuser": "jmartin"}}, {"timestamp": "2026-03-02T04:40:20Z", "@timestamp": "2026-03-02T04:40:20.117Z", "rule": {"id": "60108", "description": "Logon attempted using explicit credentials.", "level": 5, "groups": ["windows", "wazuhbots"], "firedtimes": 109, "mitre": {"id": []}}, "agent": {"id": "002", "name": "dc-srv", "ip": "172.26.0.32"}, "manager": {"name": "wazuh-manager"}, "decoder": {"name": "windows_eventlog"}, "id": "37376439748043153085", "full_log": "WinEvtLog: Security: EVENT(4648): Microsoft-Windows-Security-Auditing: Logon attempted using explicit credentials.", "location": "WinEvtLog:Security", "data": {"win": {"system": {"eventID": "4648", "providerName": "Microsoft-Windows-Security-Auditing", "channel": "Security", "computer": "DC-SRV.wazuhbots.local", "systemTime": "2026-03-02T04:40:20Z"}, "eventdata": {"targetUserName": "admin", "logonType": "3"}}, "srcuser": "admin"}}, {"timestamp": "2026-03-02T04:41:18Z", "@timestamp": "2026-03-02T04:41:18.502Z", "rule": {"id": "60110", "description": "Special privileges assigned to new logon.", "level": 3, "groups": ["windows", "wazuhbots"], "firedtimes": 164, "mitre": {"id": []}}, "agent": {"id": "002", "name": "dc-srv", "ip": "172.26.0.32"}, "manager": {"name": "wazuh-manager"}, "decoder": {"name": "windows_eventlog"}, "id": "52631809680141745845", "full_log": "WinEvtLog: Security: EVENT(4672): Microsoft-Windows-Security-Auditing: Special privileges assigned to new logon.", "location": "WinEvtLog:Security", "data": {"win": {"system": {"eventID": "4672", "providerName": "Microsoft-Windows-Security-Auditing", "channel": "Security", "computer": "DC-SRV.wazuhbots.local", "systemTime": "2026-03-02T04:41:18Z"}, "eventdata": {"targetUserName": "svc_sql", "logonType": "3"}}, "srcuser": "svc_sql"}}, {"timestamp": "2026-03-02T04:42:42Z", "@timestamp": "2026-03-02T04:42:42.251Z", "rule": {"id": "60106", "description": "Windows logon success.", "level": 3, "groups": ["windows", "wazuhbots"], "firedtimes": 86, "mitre": {"id": []}}, "agent": {"id": "002", "name": "dc-srv", "ip": "172.26.0.32"}, "manager": {"name": "wazuh-manager"}, "decoder": {"name": "windows_eventlog"}, "id": "55508395263785673177", "full_log": "WinEvtLog: Security: EVENT(4624): Microsoft-Windows-Security-Auditing: Windows logon success.", "location": "WinEvtLog:Security", "data": {"win": {"system": {"eventID": "4624", "providerName": "Microsoft-Windows-Security-Auditing", "channel": "Security", "computer": "DC-SRV.wazuhbots.local", "systemTime": "2026-03-02T04:42:42Z"}, "eventdata": {"targetUserName": "svc_sql", "logonType": "3"}}, "srcuser": "svc_sql"}}, {"timestamp": "2026-03-02T04:44:00Z", "@timestamp": "2026-03-02T04:44:00.970Z", "rule": {"id": "60110", "description": "Special privileges assigned to new logon.", "level": 3, "groups": ["windows", "wazuhbots"], "firedtimes": 184, "mitre": {"id": []}}, "agent": {"id": "002", "name": "dc-srv", "ip": "172.26.0.32"}, "manager": {"name": "wazuh-manager"}, "decoder": {"name": "windows_eventlog"}, "id": "47649501842156428710", "full_log": "WinEvtLog: Security: EVENT(4672): Microsoft-Windows-Security-Auditing: Special privileges assigned to new logon.", "location": "WinEvtLog:Security", "data": {"win": {"system": {"eventID": "4672", "providerName": "Microsoft-Windows-Security-Auditing", "channel": "Security", "computer": "DC-SRV.wazuhbots.local", "systemTime": "2026-03-02T04:44:00Z"}, "eventdata": {"targetUserName": "asmith", "logonType": "3"}}, "srcuser": "asmith"}}, {"timestamp": "2026-03-02T04:45:05Z", "@timestamp": "2026-03-02T04:45:05.089Z", "rule": {"id": "60108", "description": "Logon attempted using explicit credentials.", "level": 5, "groups": ["windows", "wazuhbots"], "firedtimes": 199, "mitre": {"id": []}}, "agent": {"id": "002", "name": "dc-srv", "ip": "172.26.0.32"}, "manager": {"name": "wazuh-manager"}, "decoder": {"name": "windows_eventlog"}, "id": "80284713197901737679", "full_log": "WinEvtLog: Security: EVENT(4648): Microsoft-Windows-Security-Auditing: Logon attempted using explicit credentials.", "location": "WinEvtLog:Security", "data": {"win": {"system": {"eventID": "4648", "providerName": "Microsoft-Windows-Security-Auditing", "channel": "Security", "computer": "DC-SRV.wazuhbots.local", "systemTime": "2026-03-02T04:45:05Z"}, "eventdata": {"targetUserName": "admin", "logonType": "3"}}, "srcuser": "admin"}}, {"timestamp": "2026-03-02T04:46:28Z", "@timestamp": "2026-03-02T04:46:28.005Z", "rule": {"id": "91801", "description": "PowerShell script block logging.", "level": 3, "groups": ["windows", "wazuhbots"], "firedtimes": 58, "mitre": {"id": []}}, "agent": {"id": "002", "name": "dc-srv", "ip": "172.26.0.32"}, "manager": {"name": "wazuh-manager"}, "decoder": {"name": "windows_eventlog"}, "id": "24892052605513437054", "full_log": "WinEvtLog: Microsoft-Windows-PowerShell/Operational: EVENT(4104): Microsoft-Windows-Security-Auditing: PowerShell script block logging.", "location": "WinEvtLog:Microsoft-Windows-PowerShell/Operational", "data": {"win": {"system": {"eventID": "4104", "providerName": "Microsoft-Windows-Security-Auditing", "channel": "Microsoft-Windows-PowerShell/Operational", "computer": "DC-SRV.wazuhbots.local", "systemTime": "2026-03-02T04:46:28Z"}, "eventdata": {"targetUserName": "asmith", "logonType": "3"}}, "srcuser": "asmith"}}, {"timestamp": "2026-03-02T04:47:50Z", "@timestamp": "2026-03-02T04:47:50.349Z", "rule": {"id": "60107", "description": "Windows logoff.", "level": 3, "groups": ["windows", "wazuhbots"], "firedtimes": 198, "mitre": {"id": []}}, "agent": {"id": "002", "name": "dc-srv", "ip": "172.26.0.32"}, "manager": {"name": "wazuh-manager"}, "decoder": {"name": "windows_eventlog"}, "id": "09882628133574781287", "full_log": "WinEvtLog: Security: EVENT(4634): Microsoft-Windows-Security-Auditing: Windows logoff.", "location": "WinEvtLog:Security", "data": {"win": {"system": {"eventID": "4634", "providerName": "Microsoft-Windows-Security-Auditing", "channel": "Security", "computer": "DC-SRV.wazuhbots.local", "systemTime": "2026-03-02T04:47:50Z"}, "eventdata": {"targetUserName": "bwilson", "logonType": "3"}}, "srcuser": "bwilson"}}, {"timestamp": "2026-03-02T04:48:55Z", "@timestamp": "2026-03-02T04:48:55.603Z", "rule": {"id": "60107", "description": "Windows logoff.", "level": 3, "groups": ["windows", "wazuhbots"], "firedtimes": 156, "mitre": {"id": []}}, "agent": {"id": "002", "name": "dc-srv", "ip": "172.26.0.32"}, "manager": {"name": "wazuh-manager"}, "decoder": {"name": "windows_eventlog"}, "id": "83464313430311884268", "full_log": "WinEvtLog: Security: EVENT(4634): Microsoft-Windows-Security-Auditing: Windows logoff.", "location": "WinEvtLog:Security", "data": {"win": {"system": {"eventID": "4634", "providerName": "Microsoft-Windows-Security-Auditing", "channel": "Security", "computer": "DC-SRV.wazuhbots.local", "systemTime": "2026-03-02T04:48:55Z"}, "eventdata": {"targetUserName": "svc_sql", "logonType": "3"}}, "srcuser": "svc_sql"}}, 