{"timestamp": "2026-03-02T14:45:53Z", "@timestamp": "2026-03-02T14:45:53.263Z", "rule": {"id": "60110", "description": "Special privileges assigned to new logon.", "level": 3, "groups": ["windows", "wazuhbots"], "firedtimes": 125, "mitre": {"id": []}}, "agent": {"id": "002", "name": "dc-srv", "ip": "172.26.0.32"}, "manager": {"name": "wazuh-manager"}, "decoder": {"name": "windows_eventlog"}, "id": "77691610166925684243", "full_log": "WinEvtLog: Security: EVENT(4672): Microsoft-Windows-Security-Auditing: Special privileges assigned to new logon.", "location": "WinEvtLog:Security", "data": {"win": {"system": {"eventID": "4672", "providerName": "Microsoft-Windows-Security-Auditing", "channel": "Security", "computer": "DC-SRV.wazuhbots.local", "systemTime": "2026-03-02T14:45:53Z"}, "eventdata": {"targetUserName": "asmith", "logonType": "3"}}, "srcuser": "asmith"}}, {"timestamp": "2026-03-02T14:47:18Z", "@timestamp": "2026-03-02T14:47:18.582Z", "rule": {"id": "60150", "description": "Windows Filtering Platform connection allowed.", "level": 3, "groups": ["windows", "wazuhbots"], "firedtimes": 115, "mitre": {"id": []}}, "agent": {"id": "002", "name": "dc-srv", "ip": "172.26.0.32"}, "manager": {"name": "wazuh-manager"}, "decoder": {"name": "windows_eventlog"}, "id": "61156694569246946969", "full_log": "WinEvtLog: Security: EVENT(5156): Microsoft-Windows-Security-Auditing: Windows Filtering Platform connection allowed.", "location": "WinEvtLog:Security", "data": {"win": {"system": {"eventID": "5156", "providerName": "Microsoft-Windows-Security-Auditing", "channel": "Security", "computer": "DC-SRV.wazuhbots.local", "systemTime": "2026-03-02T14:47:18Z"}, "eventdata": {"targetUserName": "asmith", "logonType": "3"}}, "srcuser": "asmith"}}, {"timestamp": "2026-03-02T14:48:24Z", "@timestamp": "2026-03-02T14:48:24.523Z", "rule": {"id": "60110", "description": "Special privileges assigned to new logon.", "level": 3, "groups": ["windows", "wazuhbots"], "firedtimes": 49, "mitre": {"id": []}}, "agent": {"id": "002", "name": "dc-srv", "ip": "172.26.0.32"}, "manager": {"name": "wazuh-manager"}, "decoder": {"name": "windows_eventlog"}, "id": "11746485897285308830", "full_log": "WinEvtLog: Security: EVENT(4672): Microsoft-Windows-Security-Auditing: Special privileges assigned to new logon.", "location": "WinEvtLog:Security", "data": {"win": {"system": {"eventID": "4672", "providerName": "Microsoft-Windows-Security-Auditing", "channel": "Security", "computer": "DC-SRV.wazuhbots.local", "systemTime": "2026-03-02T14:48:24Z"}, "eventdata": {"targetUserName": "admin", "logonType": "3"}}, "srcuser": "admin"}}, {"timestamp": "2026-03-02T14:49:48Z", "@timestamp": "2026-03-02T14:49:48.334Z", "rule": {"id": "60120", "description": "Process creation.", "level": 3, "groups": ["windows", "wazuhbots"], "firedtimes": 162, "mitre": {"id": []}}, "agent": {"id": "002", "name": "dc-srv", "ip": "172.26.0.32"}, "manager": {"name": "wazuh-manager"}, "decoder": {"name": "windows_eventlog"}, "id": "09228386664073530536", "full_log": "WinEvtLog: Security: EVENT(4688): Microsoft-Windows-Security-Auditing: Process creation.", "location": "WinEvtLog:Security", "data": {"win": {"system": {"eventID": "4688", "providerName": "Microsoft-Windows-Security-Auditing", "channel": "Security", "computer": "DC-SRV.wazuhbots.local", "systemTime": "2026-03-02T14:49:48Z"}, "eventdata": {"targetUserName": "asmith", "logonType": "3"}}, "srcuser": "asmith"}}, {"timestamp": "2026-03-02T14:51:01Z", "@timestamp": "2026-03-02T14:51:01.024Z", "rule": {"id": "60160", "description": "New service installed.", "level": 5, "groups": ["windows", "wazuhbots"], "firedtimes": 197, "mitre": {"id": []}}, "agent": {"id": "002", "name": "dc-srv", "ip": "172.26.0.32"}, "manager": {"name": "wazuh-manager"}, "decoder": {"name": "windows_eventlog"}, "id": "06148774167433674296", "full_log": "WinEvtLog: System: EVENT(7045): Microsoft-Windows-Security-Auditing: New service installed.", "location": "WinEvtLog:System", "data": {"win": {"system": {"eventID": "7045", "providerName": "Microsoft-Windows-Security-Auditing", "channel": "System", "computer": "DC-SRV.wazuhbots.local", "systemTime": "2026-03-02T14:51:01Z"}, "eventdata": {"targetUserName": "admin", "logonType": "3"}}, "srcuser": "admin"}}, {"timestamp": "2026-03-02T14:52:13Z", "@timestamp": "2026-03-02T14:52:13.841Z", "rule": {"id": "60160", "description": "New service installed.", "level": 5, "groups": ["windows", "wazuhbots"], "firedtimes": 149, "mitre": {"id": []}}, "agent": {"id": "002", "name": "dc-srv", "ip": "172.26.0.32"}, "manager": {"name": "wazuh-manager"}, "decoder": {"name": "windows_eventlog"}, "id": "65430465855463935074", "full_log": "WinEvtLog: System: EVENT(7045): Microsoft-Windows-Security-Auditing: New service installed.", "location": "WinEvtLog:System", "data": {"win": {"system": {"eventID": "7045", "providerName": "Microsoft-Windows-Security-Auditing", "channel": "System", "computer": "DC-SRV.wazuhbots.local", "systemTime": "2026-03-02T14:52:13Z"}, "eventdata": {"targetUserName": "jmartin", "logonType": "3"}}, "srcuser": "jmartin"}}, {"timestamp": "2026-03-02T14:53:30Z", "@timestamp": "2026-03-02T14:53:30.781Z", "rule": {"id": "60107", "description": "Windows logoff.", "level": 3, "groups": ["windows", "wazuhbots"], "firedtimes": 160, "mitre": {"id": []}}, "agent": {"id": "002", "name": "dc-srv", "ip": "172.26.0.32"}, "manager": {"name": "wazuh-manager"}, "decoder": {"name": "windows_eventlog"}, "id": "75664997129608815545", "full_log": "WinEvtLog: Security: EVENT(4634): Microsoft-Windows-Security-Auditing: Windows logoff.", "location": "WinEvtLog:Security", "data": {"win": {"system": {"eventID": "4634", "providerName": "Microsoft-Windows-Security-Auditing", "channel": "Security", "computer": "DC-SRV.wazuhbots.local", "systemTime": "2026-03-02T14:53:30Z"}, "eventdata": {"targetUserName": "admin", "logonType": "3"}}, "srcuser": "admin"}}, {"timestamp": "2026-03-02T14:54:48Z", "@timestamp": "2026-03-02T14:54:48.281Z", "rule": {"id": "60150", "description": "Windows Filtering Platform connection allowed.", "level": 3, "groups": ["windows", "wazuhbots"], "firedtimes": 76, "mitre": {"id": []}}, "agent": {"id": "002", "name": "dc-srv", "ip": "172.26.0.32"}, "manager": {"name": "wazuh-manager"}, "decoder": {"name": "windows_eventlog"}, "id": "27812091446878293566", "full_log": "WinEvtLog: Security: EVENT(5156): Microsoft-Windows-Security-Auditing: Windows Filtering Platform connection allowed.", "location": "WinEvtLog:Security", "data": {"win": {"system": {"eventID": "5156", "providerName": "Microsoft-Windows-Security-Auditing", "channel": "Security", "computer": "DC-SRV.wazuhbots.local", "systemTime": "2026-03-02T14:54:48Z"}, "eventdata": {"targetUserName": "bwilson", "logonType": "3"}}, "srcuser": "bwilson"}}, {"timestamp": "2026-03-02T14:56:10Z", "@timestamp": "2026-03-02T14:56:10.578Z", "rule": {"id": "60150", "description": "Windows Filtering Platform connection allowed.", "level": 3, "groups": ["windows", "wazuhbots"], "firedtimes": 186, "mitre": {"id": []}}, "agent": {"id": "002", "name": "dc-srv", "ip": "172.26.0.32"}, "manager": {"name": "wazuh-manager"}, "decoder": {"name": "windows_eventlog"}, "id": "13770952768254717360", "full_log": "WinEvtLog: Security: EVENT(5156): Microsoft-Windows-Security-Auditing: Windows Filtering Platform connection allowed.", "location": "WinEvtLog:Security", "data": {"win": {"system": {"eventID": "5156", "providerName": "Microsoft-Windows-Security-Auditing", "channel": "Security", "computer": "DC-SRV.wazuhbots.local", "systemTime": "2026-03-02T14:56:10Z"}, "eventdata": {"targetUserName": "svc_sql", "logonType": "3"}}, "srcuser": "svc_sql"}}, {"timestamp": "2026-03-02T14:57:11Z", "@timestamp": "2026-03-02T14:57:11.024Z", "rule": {"id": "60107", "description": "Windows logoff.", "level": 3, "groups": ["windows", "wazuhbots"], "firedtimes": 169, "mitre": {"id": []}}, "agent": {"id": "002", "name": "dc-srv", "ip": "172.26.0.32"}, "manager": {"name": "wazuh-manager"}, "decoder": {"name": "windows_eventlog"}, "id": "45710391600806875899", "full_log": "WinEvtLog: Security: EVENT(4634): Microsoft-Windows-Security-Auditing: Windows logoff.", "location": "WinEvtLog:Security", "data": {"win": {"system": {"eventID": "4634", "providerName": "Microsoft-Windows-Security-Auditing", "channel": "Security", "computer": "DC-SRV.wazuhbots.local", "systemTime": "2026-03-02T14:57:11Z"}, "eventdata": {"targetUserName": "admin", "logonType": "3"}}, "srcuser": "admin"}}, {"timestamp": "2026-03-02T14:58:29Z", "@timestamp": "2026-03-02T14:58:29.997Z", "rule": {"id": "60150", "description": "Windows Filtering Platform connection allowed.", "level": 3, "groups": ["windows", "wazuhbots"], "firedtimes": 52, "mitre": {"id": []}}, "agent": {"id": "002", "name": "dc-srv", "ip": "172.26.0.32"}, "manager": {"name": "wazuh-manager"}, "decoder": {"name": "windows_eventlog"}, "id": "76222524910434252229", "full_log": "WinEvtLog: Security: EVENT(5156): Microsoft-Windows-Security-Auditing: Windows Filtering Platform connection allowed.", "location": "WinEvtLog:Security", "data": {"win": {"system": {"eventID": "5156", "providerName": "Microsoft-Windows-Security-Auditing", "channel": "Security", "computer": "DC-SRV.wazuhbots.local", "systemTime": "2026-03-02T14:58:29Z"}, "eventdata": {"targetUserName": "cjones", "logonType": "3"}}, "srcuser": "cjones"}}, {"timestamp": "2026-03-02T14:59:53Z", "@timestamp": "2026-03-02T14:59:53.227Z", "rule": {"id": "60108", "description": "Logon attempted using explicit credentials.", "level": 5, "groups": ["windows", "wazuhbots"], "firedtimes": 183, "mitre": {"id": []}}, "agent": {"id": "002", "name": "dc-srv", "ip": "172.26.0.32"}, "manager": {"name": "wazuh-manager"}, "decoder": {"name": "windows_eventlog"}, "id": "99491964047729808843", "full_log": "WinEvtLog: Security: EVENT(4648): Microsoft-Windows-Security-Auditing: Logon attempted using explicit credentials.", "location": "WinEvtLog:Security", "data": {"win": {"system": {"eventID": "4648", "providerName": "Microsoft-Windows-Security-Auditing", "channel": "Security", "computer": "DC-SRV.wazuhbots.local", "systemTime": "2026-03-02T14:59:53Z"}, "eventdata": {"targetUserName": "bwilson", "logonType": "3"}}, "srcuser": "bwilson"}}, {"timestamp": "2026-03-02T15:01:06Z", "@timestamp": "2026-03-02T15:01:06.814Z", "rule": {"id": "60160", "description": "New service installed.", "level": 5, "groups": ["windows", "wazuhbots"], "firedtimes": 189, "mitre": {"id": []}}, "agent": {"id": "002", "name": "dc-srv", "ip": "172.26.0.32"}, "manager": {"name": "wazuh-manager"}, "decoder": {"name": "windows_eventlog"}, "id": "80448803490943323329", "full_log": "WinEvtLog: System: EVENT(7045): Microsoft-Windows-Security-Auditing: New service installed.", "location": "WinEvtLog:System", "data": {"win": {"system": {"eventID": "7045", "providerName": "Microsoft-Windows-Security-Auditing", "channel": "System", "computer": "DC-SRV.wazuhbots.local", "systemTime": "2026-03-02T15:01:06Z"}, "eventdata": {"targetUserName": "svc_sql", "logonType": "3"}}, "srcuser": "svc_sql"}}, {"timestamp": "2026-03-02T15:02:19Z", "@timestamp": "2026-03-02T15:02:19.386Z", "rule": {"id": "60107", "description": "Windows logoff.", "level": 3, "groups": ["windows", "wazuhbots"], "firedtimes": 169, "mitre": {"id": []}}, "agent": {"id": "002", "name": "dc-srv", "ip": "172.26.0.32"}, "manager": {"name": "wazuh-manager"}, "decoder": {"name": "windows_eventlog"}, "id": "39898449753935012644", "full_log": "WinEvtLog: Security: EVENT(4634): Microsoft-Windows-Security-Auditing: Windows logoff.", "location": "WinEvtLog:Security", "data": {"win": {"system": {"eventID": "4634", "providerName": "Microsoft-Windows-Security-Auditing", "channel": "Security", "computer": "DC-SRV.wazuhbots.local", "systemTime": "2026-03-02T15:02:19Z"}, "eventdata": {"targetUserName": "jmartin", "logonType": "3"}}, "srcuser": "jmartin"}}, {"timestamp": "2026-03-02T15:03:37Z", "@timestamp": "2026-03-02T15:03:37.133Z", "rule": {"id": "60106", "description": "Windows logon success.", "level": 3, "groups": ["windows", "wazuhbots"], "firedtimes": 84, "mitre": {"id": []}}, "agent": {"id": "002", "name": "dc-srv", "ip": "172.26.0.32"}, "manager": {"name": "wazuh-manager"}, "decoder": {"name": "windows_eventlog"}, "id": "09814731585959172951", "full_log": "WinEvtLog: Security: EVENT(4624): Microsoft-Windows-Security-Auditing: Windows logon success.", "location": "WinEvtLog:Security", "data": {"win": {"system": {"eventID": "4624", "providerName": "Microsoft-Windows-Security-Auditing", "channel": "Security", "computer": "DC-SRV.wazuhbots.local", "systemTime": "2026-03-02T15:03:37Z"}, "eventdata": {"targetUserName": "bwilson", "logonType": "3"}}, "srcuser": "bwilson"}}, {"timestamp": "2026-03-02T15:04:51Z", "@timestamp": "2026-03-02T15:04:51.223Z", "rule": {"id": "60150", "description": "Windows Filtering Platform connection allowed.", "level": 3, "groups": ["windows", "wazuhbots"], "firedtimes": 124, "mitre": {"id": []}}, "agent": {"id": "002", "name": "dc-srv", "ip": "172.26.0.32"}, "manager": {"name": "wazuh-manager"}, "decoder": {"name": "windows_eventlog"}, "id": "17958112334286851982", "full_log": "WinEvtLog: Security: EVENT(5156): Microsoft-Windows-Security-Auditing: Windows Filtering Platform connection allowed.", "location": "WinEvtLog:Security", "data": {"win": {"system": {"eventID": "5156", "providerName": "Microsoft-Windows-Security-Auditing", "channel": "Security", "computer": "DC-SRV.wazuhbots.local", "systemTime": "2026-03-02T15:04:51Z"}, "eventdata": {"targetUserName": "svc_sql", "logonType": "3"}}, "srcuser": "svc_sql"}}, {"timestamp": "2026-03-02T15:05:59Z", "@timestamp": "2026-03-02T15:05:59.109Z", "rule": {"id": "91801", "description": "PowerShell script block logging.", "level": 3, "groups": ["windows", "wazuhbots"], "firedtimes": 183, "mitre": {"id": []}}, "agent": {"id": "002", "name": "dc-srv", "ip": "172.26.0.32"}, "manager": {"name": "wazuh-manager"}, "decoder": {"name": "windows_eventlog"}, "id": "23949397709752507954", "full_log": "WinEvtLog: Microsoft-Windows-PowerShell/Operational: EVENT(4104): Microsoft-Windows-Security-Auditing: PowerShell script block logging.", "location": "WinEvtLog:Microsoft-Windows-PowerShell/Operational", "data": {"win": {"system": {"eventID": "4104", "providerName": "Microsoft-Windows-Security-Auditing", "channel": "Microsoft-Windows-PowerShell/Operational", "computer": "DC-SRV.wazuhbots.local", "systemTime": "2026-03-02T15:05:59Z"}, "eventdata": {"targetUserName": "cjones", "logonType": "3"}}, "srcuser": "cjones"}}, {"timestamp": "2026-03-02T15:07:25Z", "@timestamp": "2026-03-02T15:07:25.314Z", "rule": {"id": "60160", "description": "New service installed.", "level": 5, "groups": ["windows", "wazuhbots"], "firedtimes": 70, "mitre": {"id": []}}, "agent": {"id": "002", "name": "dc-srv", "ip": "172.26.0.32"}, "manager": {"name": "wazuh-manager"}, "decoder": {"name": "windows_eventlog"}, "id": "64930760313620178820", "full_log": "WinEvtLog: System: EVENT(7045): Microsoft-Windows-Security-Auditing: New service installed.", "location": "WinEvtLog:System", "data": {"win": {"system": {"eventID": "7045", "providerName": "Microsoft-Windows-Security-Auditing", "channel": "System", "computer": "DC-SRV.wazuhbots.local", "systemTime": "2026-03-02T15:07:25Z"}, "eventdata": {"targetUserName": "bwilson", "logonType": "3"}}, "srcuser": "bwilson"}}, {"timestamp": "2026-03-02T15:08:43Z", "@timestamp": "2026-03-02T15:08:43.922Z", "rule": {"id": "60108", "description": "Logon attempted using explicit credentials.", "level": 5, "groups": ["windows", "wazuhbots"], "firedtimes": 185, "mitre": {"id": []}}, "agent": {"id": "002", "name": "dc-srv", "ip": "172.26.0.32"}, "manager": {"name": "wazuh-manager"}, "decoder": {"name": "windows_eventlog"}, "id": "43671013591158060648", "full_log": "WinEvtLog: Security: EVENT(4648): Microsoft-Windows-Security-Auditing: Logon attempted using explicit credentials.", "location": "WinEvtLog:Security", "data": {"win": {"system": {"eventID": "4648", "providerName": "Microsoft-Windows-Security-Auditing", "channel": "Security", "computer": "DC-SRV.wazuhbots.local", "systemTime": "2026-03-02T15:08:43Z"}, "eventdata": {"targetUserName": "cjones", "logonType": "3"}}, "srcuser": "cjones"}}, {"timestamp": "2026-03-02T15:09:47Z", "@timestamp": "2026-03-02T15:09:47.180Z", "rule": {"id": "60110", "description": "Special privileges assigned to new logon.", "level": 3, "groups": ["windows", "wazuhbots"], "firedtimes": 33, "mitre": {"id": []}}, "agent": {"id": "002", "name": "dc-srv", "ip": "172.26.0.32"}, "manager": {"name": "wazuh-manager"}, "decoder": {"name": "windows_eventlog"}, "id": "29146915141622028304", "full_log": "WinEvtLog: Security: EVENT(4672): Microsoft-Windows-Security-Auditing: Special privileges assigned to new logon.", "location": "WinEvtLog:Security", "data": {"win": {"system": {"eventID": "4672", "providerName": "Microsoft-Windows-Security-Auditing", "channel": "Security", "computer": "DC-SRV.wazuhbots.local", "systemTime": "2026-03-02T15:09:47Z"}, "eventdata": {"targetUserName": "svc_sql", "logonType": "3"}}, "srcuser": "svc_sql"}}, {"timestamp": "2026-03-02T15:11:12Z", "@timestamp": "2026-03-02T15:11:12.442Z", "rule": {"id": "60107", "description": "Windows logoff.", "level": 3, "groups": ["windows", "wazuhbots"], "firedtimes": 125, "mitre": {"id": []}}, "agent": {"id": "002", "name": "dc-srv", "ip": "172.26.0.32"}, "manager": {"name": "wazuh-manager"}, "decoder": {"name": "windows_eventlog"}, "id": "78771498593633047244", "full_log": "WinEvtLog: Security: EVENT(4634): Microsoft-Windows-Security-Auditing: Windows logoff.", "location": "WinEvtLog:Security", "data": {"win": {"system": {"eventID": "4634", "providerName": "Microsoft-Windows-Security-Auditing", "channel": "Security", "computer": "DC-SRV.wazuhbots.local", "systemTime": "2026-03-02T15:11:12Z"}, "eventdata": {"targetUserName": "asmith", "logonType": "3"}}, "srcuser": "asmith"}}, {"timestamp": "2026-03-02T15:12:00Z", "@timestamp": "2026-03-02T15:12:00.916Z", "rule": {"id": "87905", "description": "Ransomware indicator: Volume shadow copy deletion.", "level": 15, "groups": ["windows", "wazuhbots"], "firedtimes": 21, "mitre": {"id": ["T1486", "T1490"]}}, "agent": {"id": "002", "name": "dc-srv", "ip": "172.26.0.32"}, "manager": {"name": "wazuh-manager"}, "decoder": {"name": "windows_eventlog"}, "id": "60206248341453065172", "full_log": "WinEvtLog: Microsoft-Windows-Sysmon/Operational: EVENT(1): Microsoft-Windows-Sysmon: Ransomware indicator: Volume shadow copy deletion.", "location": "WinEvtLog:Microsoft-Windows-Sysmon/Operational", "data": {"win": {"system": {"eventID": "1", "providerName": "Microsoft-Windows-Sysmon", "channel": "Microsoft-Windows-Sysmon/Operational", "computer": "DC-SRV.wazuhbots.local", "systemTime": "2026-03-02T15:12:00Z"}, "eventdata": {"image": "C:\\Windows\\System32\\vssadmin.exe", "commandLine": "vssadmin delete shadows /all /quiet", "user": "wazuhbots.local\\da_backup", "parentImage": "C:\\Windows\\Temp\\payload.exe", "hashes": "SHA256=a1b2c3d4e5f67890abcdef1234567890abcdef1234567890abcdef1234567890"}}}}, {"timestamp": "2026-03-02T15:12:05Z", "@timestamp": "2026-03-02T15:12:05.365Z", "rule": {"id": "92052", "description": "Sysmon: Suspicious process execution - ransomware payload.", "level": 15, "groups": ["windows", "wazuhbots"], "firedtimes": 140, "mitre": {"id": ["T1486"]}}, "agent": {"id": "002", "name": "dc-srv", "ip": "172.26.0.32"}, "manager": {"name": "wazuh-manager"}, "decoder": {"name": "windows_eventlog"}, "id": "93727645954149559784", "full_log": "WinEvtLog: Microsoft-Windows-Sysmon/Operational: EVENT(1): Microsoft-Windows-Sysmon: Sysmon: Suspicious process execution - ransomware payload.", "location": "WinEvtLog:Microsoft-Windows-Sysmon/Operational", "data": {"win": {"system": {"eventID": "1", "providerName": "Microsoft-Windows-Sysmon", "channel": "Microsoft-Windows-Sysmon/Operational", "computer": "DC-SRV.wazuhbots.local", "systemTime": "2026-03-02T15:12:05Z"}, "eventdata": {"image": "C:\\Windows\\Temp\\payload.exe", "commandLine": "C:\\Windows\\Temp\\payload.exe --encrypt --recursive", "parentImage": "C:\\Windows\\System32\\cmd.exe", "parentCommandLine": "cmd.exe /c C:\\Windows\\Temp\\payload.exe --encrypt --recursive", "user": "wazuhbots.local\\da_backup", "hashes": "SHA256=a1b2c3d4e5f67890abcdef1234567890abcdef1234567890abcdef1234567890", "fileVersion": "1.0.0.0", "originalFileName": "locker.exe"}}, "srcuser": "da_backup"}}, {"timestamp": "2026-03-02T15:12:22Z", "@timestamp": "2026-03-02T15:12:22.890Z", "rule": {"id": "60108", "description": "Logon attempted using explicit credentials.", "level": 5, "groups": ["windows", "wazuhbots"], "firedtimes": 26, "mitre": {"id": []}}, "agent": {"id": "002", "name": "dc-srv", "ip": "172.26.0.32"}, "manager": {"name": "wazuh-manager"}, "decoder": {"name": "windows_eventlog"}, "id": "72298728980684892177", "full_log": "WinEvtLog: Security: EVENT(4648): Microsoft-Windows-Security-Auditing: Logon attempted using explicit credentials.", "location": "WinEvtLog:Security", "data": {"win": {"system": {"eventID": "4648", "providerName": "Microsoft-Windows-Security-Auditing", "channel": "Security", "computer": "DC-SRV.wazuhbots.local", "systemTime": "2026-03-02T15:12:22Z"}, "eventdata": {"targetUserName": "asmith", "logonType": "3"}}, "srcuser": "asmith"}}, {"timestamp": "2026-03-02T15:12:30Z", "@timestamp": "2026-03-02T15:12:30.317Z", "rule": {"id": "550", "description": "Integrity checksum changed.", "level": 7, "groups": ["ossec", "syscheck", "wazuhbots"], "firedtimes": 9, "mitre": {"id": ["T1486"], "tactic": ["Impact"]}}, "agent": {"id": "002", "name": "dc-srv", "ip": "172.26.0.32"}, "manager": {"name": "wazuh-manager"}, "decoder": {"name": "syscheck_integrity_changed"}, "id": "42557889507016682740", "full_log": "File 'C:\\Users\\Public\\Documents\\file_0.xlsx' modified → 'C:\\Users\\Public\\Documents\\file_0.xlsx.locked'", "location": "syscheck", "syscheck": {"path": "C:\\Users\\Public\\Documents\\file_0.xlsx.locked", "event": "modified", "changed_attributes": ["size", "md5", "sha256"]}}, {"timestamp": "2026-03-02T15:12:32Z", "@timestamp": "2026-03-02T15:12:32.748Z", "rule": {"id": "550", "description": "Integrity checksum changed.", "level": 7, "groups": ["ossec", "syscheck", "wazuhbots"], "firedtimes": 96, "mitre": {"id": ["T1486"], "tactic": ["Impact"]}}, "agent": {"id": "002", "name": "dc-srv", "ip": "172.26.0.32"}, "manager": {"name": "wazuh-manager"}, "decoder": {"name": "syscheck_integrity_changed"}, "id": "63418227365464055009", "full_log": "File 'C:\\Users\\Public\\Documents\\file_1.xlsx' modified → 'C:\\Users\\Public\\Documents\\file_1.xlsx.locked'", "location": "syscheck", "syscheck": {"path": "C:\\Users\\Public\\Documents\\file_1.xlsx.locked", "event": "modified", "changed_attributes": ["size", "md5", "sha256"]}}, {"timestamp": "2026-03-02T15:12:34Z", "@timestamp": "2026-03-02T15:12:34.337Z", "rule": {"id": "550", "description": "Integrity checksum changed.", "level": 7, "groups": ["ossec", "syscheck", "wazuhbots"], "firedtimes": 29, "mitre": {"id": ["T1486"], "tactic": ["Impact"]}}, "agent": {"id": "002", "name": "dc-srv", "ip": "172.26.0.32"}, "manager": {"name": "wazuh-manager"}, "decoder": {"name": "syscheck_integrity_changed"}, "id": "25028212249344045874", "full_log": "File 'C:\\Users\\Public\\Documents\\file_2.xlsx' modified → 'C:\\Users\\Public\\Documents\\file_2.xlsx.locked'", "location": "syscheck", "syscheck": {"path": "C:\\Users\\Public\\Documents\\file_2.xlsx.locked", "event": "modified", "changed_attributes": ["size", "md5", "sha256"]}}, {"timestamp": "2026-03-02T15:12:36Z", "@timestamp": "2026-03-02T15:12:36.899Z", "rule": {"id": "550", "description": "Integrity checksum changed.", "level": 7, "groups": ["ossec", "syscheck", "wazuhbots"], "firedtimes": 92, "mitre": {"id": ["T1486"], "tactic": ["Impact"]}}, "agent": {"id": "002", "name": "dc-srv", "ip": "172.26.0.32"}, "manager": {"name": "wazuh-manager"}, "decoder": {"name": "syscheck_integrity_changed"}, "id": "92790109883864691238", "full_log": "File 'C:\\Users\\Public\\Documents\\file_3.xlsx' modified → 'C:\\Users\\Public\\Documents\\file_3.xlsx.locked'", "location": "syscheck", "syscheck": {"path": "C:\\Users\\Public\\Documents\\file_3.xlsx.locked", "event": "modified", "changed_attributes": ["size", "md5", "sha256"]}}, {"timestamp": "2026-03-02T15:12:38Z", "@timestamp": "2026-03-02T15:12:38.777Z", "rule": {"id": "550", "description": "Integrity checksum changed.", "level": 7, "groups": ["ossec", "syscheck", "wazuhbots"], "firedtimes": 58, "mitre": {"id": ["T1486"], "tactic": ["Impact"]}}, "agent": {"id": "002", "name": "dc-srv", "ip": "172.26.0.32"}, "manager": {"name": "wazuh-manager"}, "decoder": {"name": "syscheck_integrity_changed"}, "id": "26675159613470814399", "full_log": "File 'C:\\Users\\Public\\Documents\\file_4.xlsx' modified → 'C:\\Users\\Public\\Documents\\file_4.xlsx.locked'", "location": "syscheck", "syscheck": {"path": "C:\\Users\\Public\\Documents\\file_4.xlsx.locked", "event": "modified", "changed_attributes": ["size", "md5", "sha256"]}}, {"timestamp": "2026-03-02T15:12:40Z", "@timestamp": "2026-03-02T15:12:40.080Z", "rule": {"id": "550", "description": "Integrity checksum changed.", "level": 7, "groups": ["ossec", "syscheck", "wazuhbots"], "firedtimes": 183, "mitre": {"id": ["T1486"], "tactic": ["Impact"]}}, "agent": {"id": "002", "name": "dc-srv", "ip": "172.26.0.32"}, "manager": {"name": "wazuh-manager"}, "decoder": {"name": "syscheck_integrity_changed"}, "id": "24168787946135898089", "full_log": "File 'C:\\Shares\\Finance\\file_0.xlsx' modified → 'C:\\Shares\\Finance\\file_0.xlsx.locked'", "location": "syscheck", "syscheck": {"path": "C:\\Shares\\Finance\\file_0.xlsx.locked", "event": "modified", "changed_attributes": ["size", "md5", "sha256"]}}, {"timestamp": "2026-03-02T15:12:42Z", "@timestamp": "2026-03-02T15:12:42.933Z", "rule": {"id": "550", "description": "Integrity checksum changed.", "level": 7, "groups": ["ossec", "syscheck", "wazuhbots"], "firedtimes": 142, "mitre": {"id": ["T1486"], "tactic": ["Impact"]}}, "agent": {"id": "002", "name": "dc-srv", "ip": "172.26.0.32"}, "manager": {"name": "wazuh-manager"}, "decoder": {"name": "syscheck_integrity_changed"}, "id": "75948834906474730284", "full_log": "File 'C:\\Shares\\Finance\\file_1.xlsx' modified → 'C:\\Shares\\Finance\\file_1.xlsx.locked'", "location": "syscheck", "syscheck": {"path": "C:\\Shares\\Finance\\file_1.xlsx.locked", "event": "modified", "changed_attributes": ["size", "md5", "sha256"]}}, {"timestamp": "2026-03-02T15:12:44Z", "@timestamp": "2026-03-02T15:12:44.740Z", "rule": {"id": "550", "description": "Integrity checksum changed.", "level": 7, "groups": ["ossec", "syscheck", "wazuhbots"], "firedtimes": 93, "mitre": {"id": ["T1486"], "tactic": ["Impact"]}}, "agent": {"id": "002", "name": "dc-srv", "ip": "172.26.0.32"}, "manager": {"name": "wazuh-manager"}, "decoder": {"name": "syscheck_integrity_changed"}, "id": "76127847778570815209", "full_log": "File 'C:\\Shares\\Finance\\file_2.xlsx' modified → 'C:\\Shares\\Finance\\file_2.xlsx.locked'", "location": "syscheck", "syscheck": {"path": "C:\\Shares\\Finance\\file_2.xlsx.locked", "event": "modified", "changed_attributes": ["size", "md5", "sha256"]}}, {"timestamp": "2026-03-02T15:12:46Z", "@timestamp": "2026-03-02T15:12:46.830Z", "rule": {"id": "550", "description": "Integrity checksum changed.", "level": 7, "groups": ["ossec", "syscheck", "wazuhbots"], "firedtimes": 22, "mitre": {"id": ["T1486"], "tactic": ["Impact"]}}, "agent": {"id": "002", "name": "dc-srv", "ip": "172.26.0.32"}, "manager": {"name": "wazuh-manager"}, "decoder": {"name": "syscheck_integrity_changed"}, "id": "68832157192355665975", "full_log": "File 'C:\\Shares\\Finance\\file_3.xlsx' modified → 'C:\\Shares\\Finance\\file_3.xlsx.locked'", "location": "syscheck", "syscheck": {"path": "C:\\Shares\\Finance\\file_3.xlsx.locked", "event": "modified", "changed_attributes": ["size", "md5", "sha256"]}}, {"timestamp": "2026-03-02T15:12:48Z", "@timestamp": "2026-03-02T15:12:48.369Z", "rule": {"id": "550", "description": "Integrity checksum changed.", "level": 7, "groups": ["ossec", "syscheck", "wazuhbots"], "firedtimes": 21, "mitre": {"id": ["T1486"], "tactic": ["Impact"]}}, "agent": {"id": "002", "name": "dc-srv", "ip": "172.26.0.32"}, "manager": {"name": "wazuh-manager"}, "decoder": {"name": "syscheck_integrity_changed"}, "id": "83057299519656033593", "full_log": "File 'C:\\Shares\\Finance\\file_4.xlsx' modified → 'C:\\Shares\\Finance\\file_4.xlsx.locked'", "location": "syscheck", "syscheck": {"path": "C:\\Shares\\Finance\\file_4.xlsx.locked", "event": "modified", "changed_attributes": ["size", "md5", "sha256"]}}, {"timestamp": "2026-03-02T15:12:50Z", "@timestamp": "2026-03-02T15:12:50.993Z", "rule": {"id": "550", "description": "Integrity checksum changed.", "level": 7, "groups": ["ossec", "syscheck", "wazuhbots"], "firedtimes": 48, "mitre": {"id": ["T1486"], "tactic": ["Impact"]}}, "agent": {"id": "002", "name": "dc-srv", "ip": "172.26.0.32"}, "manager": {"name": "wazuh-manager"}, "decoder": {"name": "syscheck_integrity_changed"}, "id": "24798838068175177118", "full_log": "File 'C:\\Shares\\HR\\file_0.xlsx' modified → 'C:\\Shares\\HR\\file_0.xlsx.locked'", "location": "syscheck", "syscheck": {"path": "C:\\Shares\\HR\\file_0.xlsx.locked", "event": "modified", "changed_attributes": ["size", "md5", "sha256"]}}, {"timestamp": "2026-03-02T15:12:52Z", "@timestamp": "2026-03-02T15:12:52.674Z", "rule": {"id": "550", "description": "Integrity checksum changed.", "level": 7, "groups": ["ossec", "syscheck", "wazuhbots"], "firedtimes": 16, "mitre": {"id": ["T1486"], "tactic": ["Impact"]}}, "agent": {"id": "002", "name": "dc-srv", "ip": "172.26.0.32"}, "manager": {"name": "wazuh-manager"}, "decoder": {"name": "syscheck_integrity_changed"}, "id": "80468908263481516920", "full_log": "File 'C:\\Shares\\HR\\file_1.xlsx' modified → 'C:\\Shares\\HR\\file_1.xlsx.locked'", "location": "syscheck", "syscheck": {"path": "C:\\Shares\\HR\\file_1.xlsx.locked", "event": "modified", "changed_attributes": ["size", "md5", "sha256"]}}, {"timestamp": "2026-03-02T15:12:54Z", "@timestamp": "2026-03-02T15:12:54.142Z", "rule": {"id": "550", "description": "Integrity checksum changed.", "level": 7, "groups": ["ossec", "syscheck", "wazuhbots"], "firedtimes": 110, "mitre": {"id": ["T1486"], "tactic": ["Impact"]}}, "agent": {"id": "002", "name": "dc-srv", "ip": "172.26.0.32"}, "manager": {"name": "wazuh-manager"}, "decoder": {"name": "syscheck_integrity_changed"}, "id": "39921679160981720592", "full_log": "File 'C:\\Shares\\HR\\file_2.xlsx' modified → 'C:\\Shares\\HR\\file_2.xlsx.locked'", "location": "syscheck", "syscheck": {"path": "C:\\Shares\\HR\\file_2.xlsx.locked", "event": "modified", "changed_attributes": ["size", "md5", "sha256"]}}, {"timestamp": "2026-03-02T15:12:56Z", "@timestamp": "2026-03-02T15:12:56.180Z", "rule": {"id": "550", "description": "Integrity checksum changed.", "level": 7, "groups": ["ossec", "syscheck", "wazuhbots"], "firedtimes": 47, "mitre": {"id": ["T1486"], "tactic": ["Impact"]}}, "agent": {"id": "002", "name": "dc-srv", "ip": "172.26.0.32"}, "manager": {"name": "wazuh-manager"}, "decoder": {"name": "syscheck_integrity_changed"}, "id": "04834689518157566513", "full_log": "File 'C:\\Shares\\HR\\file_3.xlsx' modified → 'C:\\Shares\\HR\\file_3.xlsx.locked'", "location": "syscheck", "syscheck": {"path": "C:\\Shares\\HR\\file_3.xlsx.locked", "event": "modified", "changed_attributes": ["size", "md5", "sha256"]}}, {"timestamp": "2026-03-02T15:12:58Z", "@timestamp": "2026-03-02T15:12:58.873Z", "rule": {"id": "550", "description": "Integrity checksum changed.", "level": 7, "groups": ["ossec", "syscheck", "wazuhbots"], "firedtimes": 69, "mitre": {"id": ["T1486"], "tactic": ["Impact"]}}, "agent": {"id": "002", "name": "dc-srv", "ip": "172.26.0.32"}, "manager": {"name": "wazuh-manager"}, "decoder": {"name": "syscheck_integrity_changed"}, "id": "37995509179634632657", "full_log": "File 'C:\\Shares\\HR\\file_4.xlsx' modified → 'C:\\Shares\\HR\\file_4.xlsx.locked'", "location": "syscheck", "syscheck": {"path": "C:\\Shares\\HR\\file_4.xlsx.locked", "event": "modified", "changed_attributes": ["size", "md5", "sha256"]}}, {"timestamp": "2026-03-02T15:13:00Z", "@timestamp": "2026-03-02T15:13:00.322Z", "rule": {"id": "550", "description": "Integrity checksum changed.", "level": 7, "groups": ["ossec", "syscheck", "wazuhbots"], "firedtimes": 18, "mitre": {"id": ["T1486"], "tactic": ["Impact"]}}, "agent": {"id": "002", "name": "dc-srv", "ip": "172.26.0.32"}, "manager": {"name": "wazuh-manager"}, "decoder": {"name": "syscheck_integrity_changed"}, "id": "99568869999272912496", "full_log": "File 'C:\\Shares\\IT\\file_0.xlsx' modified → 'C:\\Shares\\IT\\file_0.xlsx.locked'", "location": "syscheck", "syscheck": {"path": "C:\\Shares\\IT\\file_0.xlsx.locked", "event": "modified", "changed_attributes": ["size", "md5", "sha256"]}}, {"timestamp": "2026-03-02T15:13:02Z", "@timestamp": "2026-03-02T15:13:02.319Z", "rule": {"id": "550", "description": "Integrity checksum changed.", "level": 7, "groups": ["ossec", "syscheck", "wazuhbots"], "firedtimes": 78, "mitre": {"id": ["T1486"], "tactic": ["Impact"]}}, "agent": {"id": "002", "name": "dc-srv", "ip": "172.26.0.32"}, "manager": {"name": "wazuh-manager"}, "decoder": {"name": "syscheck_integrity_changed"}, "id": "08062431898783700292", "full_log": "File 'C:\\Shares\\IT\\file_1.xlsx' modified → 'C:\\Shares\\IT\\file_1.xlsx.locked'", "location": "syscheck", "syscheck": {"path": "C:\\Shares\\IT\\file_1.xlsx.locked", "event": "modified", "changed_attributes": ["size", "md5", "sha256"]}}, {"timestamp": "2026-03-02T15:13:04Z", "@timestamp": "2026-03-02T15:13:04.385Z", "rule": {"id": "550", "description": "Integrity checksum changed.", "level": 7, "groups": ["ossec", "syscheck", "wazuhbots"], "firedtimes": 200, "mitre": {"id": ["T1486"], "tactic": ["Impact"]}}, "agent": {"id": "002", "name": "dc-srv", "ip": "172.26.0.32"}, "manager": {"name": "wazuh-manager"}, "decoder": {"name": "syscheck_integrity_changed"}, "id": "49309342226118543634", "full_log": "File 'C:\\Shares\\IT\\file_2.xlsx' modified → 'C:\\Shares\\IT\\file_2.xlsx.locked'", "location": "syscheck", "syscheck": {"path": "C:\\Shares\\IT\\file_2.xlsx.locked", "event": "modified", "changed_attributes": ["size", "md5", "sha256"]}}, {"timestamp": "2026-03-02T15:13:06Z", "@timestamp": "2026-03-02T15:13:06.119Z", "rule": {"id": "550", "description": "Integrity checksum changed.", "level": 7, "groups": ["ossec", "syscheck", "wazuhbots"], "firedtimes": 150, "mitre": {"id": ["T1486"], "tactic": ["Impact"]}}, "agent": {"id": "002", "name": "dc-srv", "ip": "172.26.0.32"}, "manager": {"name": "wazuh-manager"}, "decoder": {"name": "syscheck_integrity_changed"}, "id": "23844224106346598965", "full_log": "File 'C:\\Shares\\IT\\file_3.xlsx' modified → 'C:\\Shares\\IT\\file_3.xlsx.locked'", "location": "syscheck", "syscheck": {"path": "C:\\Shares\\IT\\file_3.xlsx.locked", "event": "modified", "changed_attributes": ["size", "md5", "sha256"]}}, {"timestamp": "2026-03-02T15:13:08Z", "@timestamp": "2026-03-02T15:13:08.779Z", "rule": {"id": "550", "description": "Integrity checksum changed.", "level": 7, "groups": ["ossec", "syscheck", "wazuhbots"], "firedtimes": 30, "mitre": {"id": ["T1486"], "tactic": ["Impact"]}}, "agent": {"id": "002", "name": "dc-srv", "ip": "172.26.0.32"}, "manager": {"name": "wazuh-manager"}, "decoder": {"name": "syscheck_integrity_changed"}, "id": "33970410352420844210", "full_log": "File 'C:\\Shares\\IT\\file_4.xlsx' modified → 'C:\\Shares\\IT\\file_4.xlsx.locked'", "location": "syscheck", "syscheck": {"path": "C:\\Shares\\IT\\file_4.xlsx.locked", "event": "modified", "changed_attributes": ["size", "md5", "sha256"]}}, {"timestamp": "2026-03-02T15:13:35Z", "@timestamp": "2026-03-02T15:13:35.808Z", "rule": {"id": "60107", "description": "Windows logoff.", "level": 3, "groups": ["windows", "wazuhbots"], "firedtimes": 132, "mitre": {"id": []}}, "agent": {"id": "002", "name": "dc-srv", "ip": "172.26.0.32"}, "manager": {"name": "wazuh-manager"}, "decoder": {"name": "windows_eventlog"}, "id": "36275077227227169427", "full_log": "WinEvtLog: Security: EVENT(4634): Microsoft-Windows-Security-Auditing: Windows logoff.", "location": "WinEvtLog:Security", "data": {"win": {"system": {"eventID": "4634", "providerName": "Microsoft-Windows-Security-Auditing", "channel": "Security", "computer": "DC-SRV.wazuhbots.local", "systemTime": "2026-03-02T15:13:35Z"}, "eventdata": {"targetUserName": "bwilson", "logonType": "3"}}, "srcuser": "bwilson"}}, {"timestamp": "2026-03-02T15:14:00Z", "@timestamp": "2026-03-02T15:14:00.882Z", "rule": {"id": "554", "description": "File added to the system.", "level": 5, "groups": ["ossec", "syscheck", "syscheck_entry_added", "wazuhbots"], "firedtimes": 171, "mitre": {"id": ["T1486"], "tactic": ["Impact"]}}, "agent": {"id": "002", "name": "dc-srv", "ip": "172.26.0.32"}, "manager": {"name": "wazuh-manager"}, "decoder": {"name": "syscheck_new_entry"}, "id": "81201000483395995800", "full_log": "File 'C:\\Users\\Public\\Desktop\\DECRYPT_FILES.txt' added", "location": "syscheck", "syscheck": {"path": "C:\\Users\\Public\\Desktop\\DECRYPT_FILES.txt", "event": "added", "sha256_after": "a1b2c3d4e5f67890abcdef1234567890abcdef1234567890abcdef1234567890"}}, {"timestamp": "2026-03-02T15:14:54Z", "@timestamp": "2026-03-02T15:14:54.755Z", "rule": {"id": "60107", "description": "Windows logoff.", "level": 3, "groups": ["windows", "wazuhbots"], "firedtimes": 200, "mitre": {"id": []}}, "agent": {"id": "002", "name": "dc-srv", "ip": "172.26.0.32"}, "manager": {"name": "wazuh-manager"}, "decoder": {"name": "windows_eventlog"}, "id": "65667662382747378831", "full_log": "WinEvtLog: Security: EVENT(4634): Microsoft-Windows-Security-Auditing: Windows logoff.", "location": "WinEvtLog:Security", "data": {"win": {"system": {"eventID": "4634", "providerName": "Microsoft-Windows-Security-Auditing", "channel": "Security", "computer": "DC-SRV.wazuhbots.local", "systemTime": "2026-03-02T15:14:54Z"}, "eventdata": {"targetUserName": "cjones", "logonType": "3"}}, "srcuser": "cjones"}}, {"timestamp": "2026-03-02T15:16:17Z", "@timestamp": "2026-03-02T15:16:17.697Z", "rule": {"id": "60106", "description": "Windows logon success.", "level": 3, "groups": ["windows", "wazuhbots"], "firedtimes": 20, "mitre": {"id": []}}, "agent": {"id": "002", "name": "dc-srv", "ip": "172.26.0.32"}, "manager": {"name": "wazuh-manager"}, "decoder": {"name": "windows_eventlog"}, "id": "98638640050873509773", "full_log": "WinEvtLog: Security: EVENT(4624): Microsoft-Windows-Security-Auditing: Windows logon success.", "location": "WinEvtLog:Security", "data": {"win": {"system": {"eventID": "4624", "providerName": "Microsoft-Windows-Security-Auditing", "channel": "Security", "computer": "DC-SRV.wazuhbots.local", "systemTime": "2026-03-02T15:16:17Z"}, "eventdata": {"targetUserName": "svc_sql", "logonType": "3"}}, "srcuser": "svc_sql"}}, {"timestamp": "2026-03-02T15:17:28Z", "@timestamp": "2026-03-02T15:17:28.921Z", "rule": {"id": "60108", "description": "Logon attempted using explicit credentials.", "level": 5, "groups": ["windows", "wazuhbots"], "firedtimes": 73, "mitre": {"id": []}}, "agent": {"id": "002", "name": "dc-srv", "ip": "172.26.0.32"}, "manager": {"name": "wazuh-manager"}, "decoder": {"name": "windows_eventlog"}, "id": "90633642701597211900", "full_log": "WinEvtLog: Security: EVENT(4648): Microsoft-Windows-Security-Auditing: Logon attempted using explicit credentials.", "location": "WinEvtLog:Security", "data": {"win": {"system": {"eventID": "4648", "providerName": "Microsoft-Windows-Security-Auditing", "channel": "Security", "computer": "DC-SRV.wazuhbots.local", "systemTime": "2026-03-02T15:17:28Z"}, "eventdata": {"targetUserName": "admin", "logonType": "3"}}, "srcuser": "admin"}}, {"timestamp": "2026-03-02T15:18:45Z", "@timestamp": "2026-03-02T15:18:45.013Z", "rule": {"id": "91801", "description": "PowerShell script block logging.", "level": 3, "groups": ["windows", "wazuhbots"], "firedtimes": 68, "mitre": {"id": []}}, "agent": {"id": "002", "name": "dc-srv", "ip": "172.26.0.32"}, "manager": {"name": "wazuh-manager"}, "decoder": {"name": "windows_eventlog"}, "id": "57700355505109606046", "full_log": "WinEvtLog: Microsoft-Windows-PowerShell/Operational: EVENT(4104): Microsoft-Windows-Security-Auditing: PowerShell script block logging.", "location": "WinEvtLog:Microsoft-Windows-PowerShell/Operational", "data": {"win": {"system": {"eventID": "4104", "providerName": "Microsoft-Windows-Security-Auditing", "channel": "Microsoft-Windows-PowerShell/Operational", "computer": "DC-SRV.wazuhbots.local", "systemTime": "2026-03-02T15:18:45Z"}, "eventdata": {"targetUserName": "jmartin", "logonType": "3"}}, "srcuser": "jmartin"}}, {"timestamp": "2026-03-02T15:19:55Z", "@timestamp": "2026-03-02T15:19:55.207Z", "rule": {"id": "60108", "description": "Logon attempted using explicit credentials.", "level": 5, "groups": ["windows", "wazuhbots"], "firedtimes": 150, "mitre": {"id": []}}, "agent": {"id": "002", "name": "dc-srv", "ip": "172.26.0.32"}, "manager": {"name": "wazuh-manager"}, "decoder": {"name": "windows_eventlog"}, "id": "74121854596612327864", "full_log": "WinEvtLog: Security: EVENT(4648): Microsoft-Windows-Security-Auditing: Logon attempted using explicit credentials.", "location": "WinEvtLog:Security", "data": {"win": {"system": {"eventID": "4648", "providerName": "Microsoft-Windows-Security-Auditing", "channel": "Security", "computer": "DC-SRV.wazuhbots.local", "systemTime": "2026-03-02T15:19:55Z"}, "eventdata": {"targetUserName": "jmartin", "logonType": "3"}}, "srcuser": "jmartin"}}, {"timestamp": "2026-03-02T15:21:13Z", "@timestamp": "2026-03-02T15:21:13.525Z", "rule": {"id": "91801", "description": "PowerShell script block logging.", "level": 3, "groups": ["windows", "wazuhbots"], "firedtimes": 36, "mitre": {"id": []}}, "agent": {"id": "002", "name": "dc-srv", "ip": "172.26.0.32"}, "manager": {"name": "wazuh-manager"}, "decoder": {"name": "windows_eventlog"}, "id": "46183661520838036523", "full_log": "WinEvtLog: Microsoft-Windows-PowerShell/Operational: EVENT(4104): Microsoft-Windows-Security-Auditing: PowerShell script block logging.", "location": "WinEvtLog:Microsoft-Windows-PowerShell/Operational", "data": {"win": {"system": {"eventID": "4104", "providerName": "Microsoft-Windows-Security-Auditing", "channel": "Microsoft-Windows-PowerShell/Operational", "computer": "DC-SRV.wazuhbots.local", "systemTime": "2026-03-02T15:21:13Z"}, "eventdata": {"targetUserName": "asmith", "logonType": "3"}}, "srcuser": "asmith"}}, {"timestamp": "2026-03-02T15:22:26Z", "@timestamp": "2026-03-02T15:22:26.146Z", "rule": {"id": "60110", "description": "Special privileges assigned to new logon.", "level": 3, "groups": ["windows", "wazuhbots"], "firedtimes": 86, "mitre": {"id": []}}, "agent": {"id": "002", "name": "dc-srv", "ip": "172.26.0.32"}, "manager": {"name": "wazuh-manager"}, "decoder": {"name": "windows_eventlog"}, "id": "26882582932454359947", "full_log": "WinEvtLog: Security: EVENT(4672): Microsoft-Windows-Security-Auditing: Special privileges assigned to new logon.", "location": "WinEvtLog:Security", "data": {"win": {"system": {"eventID": "4672", "providerName": "Microsoft-Windows-Security-Auditing", "channel": "Security", "computer": "DC-SRV.wazuhbots.local", "systemTime": "2026-03-02T15:22:26Z"}, "eventdata": {"targetUserName": "asmith", "logonType": "3"}}, "srcuser": "asmith"}}, {"timestamp": "2026-03-02T15:23:46Z", "@timestamp": "2026-03-02T15:23:46.409Z", "rule": {"id": "60160", "description": "New service installed.", "level": 5, "groups": ["windows", "wazuhbots"], "firedtimes": 26, "mitre": {"id": []}}, "agent": {"id": "002", "name": "dc-srv", "ip": "172.26.0.32"}, "manager": {"name": "wazuh-manager"}, "decoder": {"name": "windows_eventlog"}, "id": "51018947382124556267", "full_log": "WinEvtLog: System: EVENT(7045): Microsoft-Windows-Security-Auditing: New service installed.", "location": "WinEvtLog:System", "data": {"win": {"system": {"eventID": "7045", "providerName": "Microsoft-Windows-Security-Auditing", "channel": "System", "computer": "DC-SRV.wazuhbots.local", "systemTime": "2026-03-02T15:23:46Z"}, "eventdata": {"targetUserName": "admin", "logonType": "3"}}, "srcuser": "admin"}}, {"timestamp": "2026-03-02T15:25:03Z", "@timestamp": "2026-03-02T15:25:03.915Z", "rule": {"id": "60110", "description": "Special privileges assigned to new logon.", "level": 3, "groups": ["windows", "wazuhbots"], "firedtimes": 46, "mitre": {"id": []}}, "agent": {"id": "002", "name": "dc-srv", "ip": "172.26.0.32"}, "manager": {"name": "wazuh-manager"}, "decoder": {"name": "windows_eventlog"}, "id": "92511561466678841812", "full_log": "WinEvtLog: Security: EVENT(4672): Microsoft-Windows-Security-Auditing: Special privileges assigned to new logon.", "location": "WinEvtLog:Security", "data": {"win": {"system": {"eventID": "4672", "providerName": "Microsoft-Windows-Security-Auditing", "channel": "Security", "computer": "DC-SRV.wazuhbots.local", "systemTime": "2026-03-02T15:25:03Z"}, "eventdata": {"targetUserName": "cjones", "logonType": "3"}}, "srcuser": "cjones"}}, {"timestamp": "2026-03-02T15:26:15Z", "@timestamp": "2026-03-02T15:26:15.676Z", "rule": {"id": "60160", "description": "New service installed.", "level": 5, "groups": ["windows", "wazuhbots"], "firedtimes": 85, "mitre": {"id": []}}, "agent": {"id": "002", "name": "dc-srv", "ip": "172.26.0.32"}, "manager": {"name": "wazuh-manager"}, "decoder": {"name": "windows_eventlog"}, "id": "51454866929396829892", "full_log": "WinEvtLog: System: EVENT(7045): Microsoft-Windows-Security-Auditing: New service installed.", "location": "WinEvtLog:System", "data": {"win": {"system": {"eventID": "7045", "providerName": "Microsoft-Windows-Security-Auditing", "channel": "System", "computer": "DC-SRV.wazuhbots.local", "systemTime": "2026-03-02T15:26:15Z"}, "eventdata": {"targetUserName": "svc_sql", "logonType": "3"}}, "srcuser": "svc_sql"}}, {"timestamp": "2026-03-02T15:27:37Z", "@timestamp": "2026-03-02T15:27:37.669Z", "rule": {"id": "60107", "description": "Windows logoff.", "level": 3, "groups": ["windows", "wazuhbots"], "firedtimes": 180, "mitre": {"id": []}}, "agent": {"id": "002", "name": "dc-srv", "ip": "172.26.0.32"}, "manager": {"name": "wazuh-manager"}, "decoder": {"name": "windows_eventlog"}, "id": "57018706275294277602", "full_log": "WinEvtLog: Security: EVENT(4634): Microsoft-Windows-Security-Auditing: Windows logoff.", "location": "WinEvtLog:Security", "data": {"win": {"system": {"eventID": "4634", "providerName": "Microsoft-Windows-Security-Auditing", "channel": "Security", "computer": "DC-SRV.wazuhbots.local", "systemTime": "2026-03-02T15:27:37Z"}, "eventdata": {"targetUserName": "jmartin", "logonType": "3"}}, "srcuser": "jmartin"}}, {"timestamp": "2026-03-02T15:28:55Z", "@timestamp": "2026-03-02T15:28:55.006Z", "rule": {"id": "60107", "description": "Windows logoff.", "level": 3, "groups": ["windows", "wazuhbots"], "firedtimes": 148, "mitre": {"id": []}}, "agent": {"id": "002", "name": "dc-srv", "ip": "172.26.0.32"}, "manager": {"name": "wazuh-manager"}, "decoder": {"name": "windows_eventlog"}, "id": "77676351189085140068", "full_log": "WinEvtLog: Security: EVENT(4634): Microsoft-Windows-Security-Auditing: Windows logoff.", "location": "WinEvtLog:Security", "data": {"win": {"system": {"eventID": "4634", "providerName": "Microsoft-Windows-Security-Auditing", "channel": "Security", "computer": "DC-SRV.wazuhbots.local", "systemTime": "2026-03-02T15:28:55Z"}, "eventdata": {"targetUserName": "cjones", "logonType": "3"}}, "srcuser": "cjones"}}, {"timestamp": "2026-03-02T15:30:09Z", "@timestamp": "2026-03-02T15:30:09.350Z", "rule": {"id": "60110", "description": "Special privileges assigned to new logon.", "level": 3, "groups": ["windows", "wazuhbots"], "firedtimes": 31, "mitre": {"id": []}}, "agent": {"id": "002", "name": "dc-srv", "ip": "172.26.0.32"}, "manager": {"name": "wazuh-manager"}, "decoder": {"name": "windows_eventlog"}, "id": "34228293458084267845", "full_log": "WinEvtLog: Security: EVENT(4672): Microsoft-Windows-Security-Auditing: Special privileges assigned to new logon.", "location": "WinEvtLog:Security", "data": {"win": {"system": {"eventID": "4672", "providerName": "Microsoft-Windows-Security-Auditing", "channel": "Security", "computer": "DC-SRV.wazuhbots.local", "systemTime": "2026-03-02T15:30:09Z"}, "eventdata": {"targetUserName": "jmartin", "logonType": "3"}}, "srcuser": "jmartin"}}, {"timestamp": "2026-03-02T15:31:30Z", "@timestamp": "2026-03-02T15:31:30.332Z", "rule": {"id": "60110", "description": "Special privileges assigned to new logon.", "level": 3, "groups": ["windows", "wazuhbots"], "firedtimes": 137, "mitre": {"id": []}}, "agent": {"id": "002", "name": "dc-srv", "ip": "172.26.0.32"}, "manager": {"name": "wazuh-manager"}, "decoder": {"name": "windows_eventlog"}, "id": "05767961405263422717", "full_log": "WinEvtLog: Security: EVENT(4672): Microsoft-Windows-Security-Auditing: Special privileges assigned to new logon.", "location": "WinEvtLog:Security", "data": {"win": {"system": {"eventID": "4672", "providerName": "Microsoft-Windows-Security-Auditing", "channel": "Security", "computer": "DC-SRV.wazuhbots.local", "systemTime": "2026-03-02T15:31:30Z"}, "eventdata": {"targetUserName": "asmith", "logonType": "3"}}, "srcuser": "asmith"}}, 